

Microchip MPLAB XC8 Assembler V2.31 build 20201012212115 
                                                                                               Fri Aug 06 01:51:06 2021

Microchip MPLAB XC8 C Compiler v2.31 (Free license) build 20201012212115 Og1 
     1                           	processor	16F887
     2                           	pagewidth 120
     3                           	opt	flic
     4                           	psect	cinit,global,class=CODE,merge=1,delta=2
     5                           	psect	bssCOMMON,global,class=COMMON,space=1,delta=1,noexec
     6                           	psect	cstackCOMMON,global,class=COMMON,space=1,delta=1,noexec
     7                           	psect	maintext,global,class=CODE,split=1,delta=2
     8                           	psect	text1,local,class=CODE,merge=1,delta=2
     9                           	psect	text2,local,class=CODE,merge=1,delta=2
    10                           	psect	text3,local,class=CODE,merge=1,delta=2
    11                           	psect	text4,local,class=CODE,merge=1,delta=2
    12                           	psect	text5,local,class=CODE,merge=1,delta=2
    13                           	psect	intentry,global,class=CODE,delta=2
    14                           	psect	config,global,abs,ovrld,class=CONFIG,space=4,delta=2,noexec
    15                           	dabs	1,0x7E,2
    16  0000                     
    17                           ; Version 2.20
    18                           ; Generated 12/02/2020 GMT
    19                           ; 
    20                           ; Copyright © 2020, Microchip Technology Inc. and its subsidiaries ("Microchip")
    21                           ; All rights reserved.
    22                           ; 
    23                           ; This software is developed by Microchip Technology Inc. and its subsidiaries ("Microch
      +                          ip").
    24                           ; 
    25                           ; Redistribution and use in source and binary forms, with or without modification, are
    26                           ; permitted provided that the following conditions are met:
    27                           ; 
    28                           ;     1. Redistributions of source code must retain the above copyright notice, this lis
      +                          t of
    29                           ;        conditions and the following disclaimer.
    30                           ; 
    31                           ;     2. Redistributions in binary form must reproduce the above copyright notice, this 
      +                          list
    32                           ;        of conditions and the following disclaimer in the documentation and/or other
    33                           ;        materials provided with the distribution.
    34                           ; 
    35                           ;     3. Microchip's name may not be used to endorse or promote products derived from th
      +                          is
    36                           ;        software without specific prior written permission.
    37                           ; 
    38                           ; THIS SOFTWARE IS PROVIDED BY MICROCHIP "AS IS" AND ANY EXPRESS OR IMPLIED WARRANTIES,
    39                           ; INCLUDING, BUT NOT LIMITED TO, THE IMPLIED WARRANTIES OF MERCHANTABILITY AND FITNESS F
      +                          OR
    40                           ; PURPOSE ARE DISCLAIMED.  IN NO EVENT SHALL MICROCHIP BE LIABLE FOR ANY DIRECT, INDIREC
      +                          T,
    41                           ; INCIDENTAL, SPECIAL, EXEMPLARY, OR CONSEQUENTIAL DAMAGES (INCLUDING BUT NOT LIMITED TO
    42                           ; PROCUREMENT OF SUBSTITUTE GOODS OR SERVICES; LOSS OF USE, DATA OR PROFITS; OR BUSINESS
    43                           ; INTERRUPTION) HOWSOEVER CAUSED AND ON ANY THEORY OF LIABILITY, WHETHER IN CONTRACT, ST
      +                          RICT
    44                           ; LIABILITY, OR TORT (INCLUDING NEGLIGENCE OR OTHERWISE) ARISING IN ANY WAY OUT OF THE U
      +                          SE OF
    45                           ; THIS SOFTWARE, EVEN IF ADVISED OF THE POSSIBILITY OF SUCH DAMAGE.
    46                           ; 
    47                           ; 
    48                           ; Code-generator required, PIC16F887 Definitions
    49                           ; 
    50                           ; SFR Addresses
    51  0000                     	;# 
    52  0001                     	;# 
    53  0002                     	;# 
    54  0003                     	;# 
    55  0004                     	;# 
    56  0005                     	;# 
    57  0006                     	;# 
    58  0007                     	;# 
    59  0008                     	;# 
    60  0009                     	;# 
    61  000A                     	;# 
    62  000B                     	;# 
    63  000C                     	;# 
    64  000D                     	;# 
    65  000E                     	;# 
    66  000E                     	;# 
    67  000F                     	;# 
    68  0010                     	;# 
    69  0011                     	;# 
    70  0012                     	;# 
    71  0013                     	;# 
    72  0014                     	;# 
    73  0015                     	;# 
    74  0015                     	;# 
    75  0016                     	;# 
    76  0017                     	;# 
    77  0018                     	;# 
    78  0019                     	;# 
    79  001A                     	;# 
    80  001B                     	;# 
    81  001B                     	;# 
    82  001C                     	;# 
    83  001D                     	;# 
    84  001E                     	;# 
    85  001F                     	;# 
    86  0081                     	;# 
    87  0085                     	;# 
    88  0086                     	;# 
    89  0087                     	;# 
    90  0088                     	;# 
    91  0089                     	;# 
    92  008C                     	;# 
    93  008D                     	;# 
    94  008E                     	;# 
    95  008F                     	;# 
    96  0090                     	;# 
    97  0091                     	;# 
    98  0092                     	;# 
    99  0093                     	;# 
   100  0093                     	;# 
   101  0093                     	;# 
   102  0094                     	;# 
   103  0095                     	;# 
   104  0096                     	;# 
   105  0097                     	;# 
   106  0098                     	;# 
   107  0099                     	;# 
   108  009A                     	;# 
   109  009B                     	;# 
   110  009C                     	;# 
   111  009D                     	;# 
   112  009E                     	;# 
   113  009F                     	;# 
   114  0105                     	;# 
   115  0107                     	;# 
   116  0108                     	;# 
   117  0109                     	;# 
   118  010C                     	;# 
   119  010C                     	;# 
   120  010D                     	;# 
   121  010E                     	;# 
   122  010F                     	;# 
   123  0185                     	;# 
   124  0187                     	;# 
   125  0188                     	;# 
   126  0189                     	;# 
   127  018C                     	;# 
   128  018D                     	;# 
   129  0000                     	;# 
   130  0001                     	;# 
   131  0002                     	;# 
   132  0003                     	;# 
   133  0004                     	;# 
   134  0005                     	;# 
   135  0006                     	;# 
   136  0007                     	;# 
   137  0008                     	;# 
   138  0009                     	;# 
   139  000A                     	;# 
   140  000B                     	;# 
   141  000C                     	;# 
   142  000D                     	;# 
   143  000E                     	;# 
   144  000E                     	;# 
   145  000F                     	;# 
   146  0010                     	;# 
   147  0011                     	;# 
   148  0012                     	;# 
   149  0013                     	;# 
   150  0014                     	;# 
   151  0015                     	;# 
   152  0015                     	;# 
   153  0016                     	;# 
   154  0017                     	;# 
   155  0018                     	;# 
   156  0019                     	;# 
   157  001A                     	;# 
   158  001B                     	;# 
   159  001B                     	;# 
   160  001C                     	;# 
   161  001D                     	;# 
   162  001E                     	;# 
   163  001F                     	;# 
   164  0081                     	;# 
   165  0085                     	;# 
   166  0086                     	;# 
   167  0087                     	;# 
   168  0088                     	;# 
   169  0089                     	;# 
   170  008C                     	;# 
   171  008D                     	;# 
   172  008E                     	;# 
   173  008F                     	;# 
   174  0090                     	;# 
   175  0091                     	;# 
   176  0092                     	;# 
   177  0093                     	;# 
   178  0093                     	;# 
   179  0093                     	;# 
   180  0094                     	;# 
   181  0095                     	;# 
   182  0096                     	;# 
   183  0097                     	;# 
   184  0098                     	;# 
   185  0099                     	;# 
   186  009A                     	;# 
   187  009B                     	;# 
   188  009C                     	;# 
   189  009D                     	;# 
   190  009E                     	;# 
   191  009F                     	;# 
   192  0105                     	;# 
   193  0107                     	;# 
   194  0108                     	;# 
   195  0109                     	;# 
   196  010C                     	;# 
   197  010C                     	;# 
   198  010D                     	;# 
   199  010E                     	;# 
   200  010F                     	;# 
   201  0185                     	;# 
   202  0187                     	;# 
   203  0188                     	;# 
   204  0189                     	;# 
   205  018C                     	;# 
   206  018D                     	;# 
   207  0000                     	;# 
   208  0001                     	;# 
   209  0002                     	;# 
   210  0003                     	;# 
   211  0004                     	;# 
   212  0005                     	;# 
   213  0006                     	;# 
   214  0007                     	;# 
   215  0008                     	;# 
   216  0009                     	;# 
   217  000A                     	;# 
   218  000B                     	;# 
   219  000C                     	;# 
   220  000D                     	;# 
   221  000E                     	;# 
   222  000E                     	;# 
   223  000F                     	;# 
   224  0010                     	;# 
   225  0011                     	;# 
   226  0012                     	;# 
   227  0013                     	;# 
   228  0014                     	;# 
   229  0015                     	;# 
   230  0015                     	;# 
   231  0016                     	;# 
   232  0017                     	;# 
   233  0018                     	;# 
   234  0019                     	;# 
   235  001A                     	;# 
   236  001B                     	;# 
   237  001B                     	;# 
   238  001C                     	;# 
   239  001D                     	;# 
   240  001E                     	;# 
   241  001F                     	;# 
   242  0081                     	;# 
   243  0085                     	;# 
   244  0086                     	;# 
   245  0087                     	;# 
   246  0088                     	;# 
   247  0089                     	;# 
   248  008C                     	;# 
   249  008D                     	;# 
   250  008E                     	;# 
   251  008F                     	;# 
   252  0090                     	;# 
   253  0091                     	;# 
   254  0092                     	;# 
   255  0093                     	;# 
   256  0093                     	;# 
   257  0093                     	;# 
   258  0094                     	;# 
   259  0095                     	;# 
   260  0096                     	;# 
   261  0097                     	;# 
   262  0098                     	;# 
   263  0099                     	;# 
   264  009A                     	;# 
   265  009B                     	;# 
   266  009C                     	;# 
   267  009D                     	;# 
   268  009E                     	;# 
   269  009F                     	;# 
   270  0105                     	;# 
   271  0107                     	;# 
   272  0108                     	;# 
   273  0109                     	;# 
   274  010C                     	;# 
   275  010C                     	;# 
   276  010D                     	;# 
   277  010E                     	;# 
   278  010F                     	;# 
   279  0185                     	;# 
   280  0187                     	;# 
   281  0188                     	;# 
   282  0189                     	;# 
   283  018C                     	;# 
   284  018D                     	;# 
   285  001F                     _ADCON0bits	set	31
   286  001E                     _ADRESH	set	30
   287  0006                     _PORTB	set	6
   288  0008                     _PORTD	set	8
   289  0014                     _SSPCONbits	set	20
   290  000C                     _PIR1bits	set	12
   291  0013                     _SSPBUF	set	19
   292  0014                     _SSPCON	set	20
   293  0063                     _SSPIF	set	99
   294  005E                     _PEIE	set	94
   295  005F                     _GIE	set	95
   296  008F                     _OSCCONbits	set	143
   297  009F                     _ADCON1bits	set	159
   298  008C                     _PIE1bits	set	140
   299  0089                     _TRISE	set	137
   300  0088                     _TRISD	set	136
   301  0086                     _TRISB	set	134
   302  0094                     _SSPSTATbits	set	148
   303  0091                     _SSPCON2bits	set	145
   304  0087                     _TRISCbits	set	135
   305  0094                     _SSPSTAT	set	148
   306  0093                     _SSPADD	set	147
   307  0091                     _SSPCON2	set	145
   308  04A0                     _BF	set	1184
   309  0463                     _SSPIE	set	1123
   310  043C                     _TRISC4	set	1084
   311  043B                     _TRISC3	set	1083
   312  0189                     _ANSELH	set	393
   313  0188                     _ANSELbits	set	392
   314                           
   315                           	psect	cinit
   316  000F                     start_initialization:	
   317                           ; #config settings
   318                           
   319  000F                     __initialization:
   320                           
   321                           ; Clear objects allocated to COMMON
   322  000F  01F6               	clrf	__pbssCOMMON& (0+127)
   323  0010  01F7               	clrf	(__pbssCOMMON+1)& (0+127)
   324  0011                     end_of_initialization:	
   325                           ;End of C runtime variable initialization code
   326                           
   327  0011                     __end_of__initialization:
   328  0011  0183               	clrf	3
   329  0012  120A  118A  287F   	ljmp	_main	;jump to C main() function
   330                           
   331                           	psect	bssCOMMON
   332  0076                     __pbssCOMMON:
   333  0076                     _dato:
   334  0076                     	ds	1
   335  0077                     _z:
   336  0077                     	ds	1
   337                           
   338                           	psect	cstackCOMMON
   339  0070                     __pcstackCOMMON:
   340  0070                     ?_cfg_adc:
   341  0070                     ?_cfg_clk:	
   342                           ; 1 bytes @ 0x0
   343                           
   344  0070                     ?_setup:	
   345                           ; 1 bytes @ 0x0
   346                           
   347  0070                     ?_I2C_Slave_Init:	
   348                           ; 1 bytes @ 0x0
   349                           
   350  0070                     ?_isr:	
   351                           ; 1 bytes @ 0x0
   352                           
   353  0070                     ??_isr:	
   354                           ; 1 bytes @ 0x0
   355                           
   356  0070                     ?_main:	
   357                           ; 1 bytes @ 0x0
   358                           
   359                           
   360                           ; 1 bytes @ 0x0
   361  0070                     	ds	3
   362  0073                     ??_cfg_adc:
   363  0073                     ??_cfg_clk:	
   364                           ; 1 bytes @ 0x3
   365                           
   366  0073                     ??_I2C_Slave_Init:	
   367                           ; 1 bytes @ 0x3
   368                           
   369  0073                     I2C_Slave_Init@address:	
   370                           ; 1 bytes @ 0x3
   371                           
   372                           
   373                           ; 1 bytes @ 0x3
   374  0073                     	ds	1
   375  0074                     ??_setup:
   376  0074                     ??_main:	
   377                           ; 1 bytes @ 0x4
   378                           
   379                           
   380                           ; 1 bytes @ 0x4
   381  0074                     	ds	2
   382                           
   383                           	psect	maintext
   384  007F                     __pmaintext:	
   385 ;;
   386 ;;Main: autosize = 0, tempsize = 2, incstack = 0, save=0
   387 ;;
   388 ;; *************** function _main *****************
   389 ;; Defined at:
   390 ;;		line 93 in file "main4b.c"
   391 ;; Parameters:    Size  Location     Type
   392 ;;		None
   393 ;; Auto vars:     Size  Location     Type
   394 ;;		None
   395 ;; Return value:  Size  Location     Type
   396 ;;                  1    wreg      void 
   397 ;; Registers used:
   398 ;;		wreg, status,2, status,0, pclath, cstack
   399 ;; Tracked objects:
   400 ;;		On entry : B00/0
   401 ;;		On exit  : 0/0
   402 ;;		Unchanged: 0/0
   403 ;; Data sizes:     COMMON   BANK0   BANK1   BANK3   BANK2
   404 ;;      Params:         0       0       0       0       0
   405 ;;      Locals:         0       0       0       0       0
   406 ;;      Temps:          2       0       0       0       0
   407 ;;      Totals:         2       0       0       0       0
   408 ;;Total ram usage:        2 bytes
   409 ;; Hardware stack levels required when called:    3
   410 ;; This function calls:
   411 ;;		_cfg_adc
   412 ;;		_cfg_clk
   413 ;;		_setup
   414 ;; This function is called by:
   415 ;;		Startup code after reset
   416 ;; This function uses a non-reentrant model
   417 ;;
   418                           
   419                           
   420                           ;psect for function _main
   421  007F                     _main:
   422  007F                     l856:	
   423                           ;incstack = 0
   424                           ; Regs used in _main: [wreg+status,2+status,0+pclath+cstack]
   425                           
   426                           
   427                           ;main4b.c: 94:     cfg_adc();
   428  007F  120A  118A  20DA  120A  118A  	fcall	_cfg_adc
   429                           
   430                           ;main4b.c: 95:     cfg_clk();
   431  0084  120A  118A  20F0  120A  118A  	fcall	_cfg_clk
   432                           
   433                           ;main4b.c: 96:     setup();
   434  0089  120A  118A  20A5  120A  118A  	fcall	_setup
   435  008E                     l858:
   436                           
   437                           ;main4b.c: 97:     ADCON0bits.GO = 1;
   438  008E  1283               	bcf	3,5	;RP0=0, select bank0
   439  008F  1303               	bcf	3,6	;RP1=0, select bank0
   440  0090  149F               	bsf	31,1	;volatile
   441  0091                     l860:
   442                           
   443                           ;main4b.c: 102:         if(ADCON0bits.GO == 0){
   444  0091  1283               	bcf	3,5	;RP0=0, select bank0
   445  0092  1303               	bcf	3,6	;RP1=0, select bank0
   446  0093  189F               	btfsc	31,1	;volatile
   447  0094  2896               	goto	u151
   448  0095  2897               	goto	u150
   449  0096                     u151:
   450  0096  2898               	goto	l864
   451  0097                     u150:
   452  0097                     l862:
   453                           
   454                           ;main4b.c: 103:             ADCON0bits.GO = 1;
   455  0097  149F               	bsf	31,1	;volatile
   456  0098                     l864:
   457                           
   458                           ;main4b.c: 106:        _delay((unsigned long)((50)*(8000000/4000.0)));
   459  0098  3082               	movlw	130
   460  0099  00F5               	movwf	??_main+1
   461  009A  30DD               	movlw	221
   462  009B  00F4               	movwf	??_main
   463  009C                     u167:
   464  009C  0BF4               	decfsz	??_main,f
   465  009D  289C               	goto	u167
   466  009E  0BF5               	decfsz	??_main+1,f
   467  009F  289C               	goto	u167
   468  00A0  28A1               	nop2
   469  00A1  2891               	goto	l860
   470  00A2  120A  118A  280C   	ljmp	start
   471  00A5                     __end_of_main:
   472                           
   473                           	psect	text1
   474  00A5                     __ptext1:	
   475 ;; *************** function _setup *****************
   476 ;; Defined at:
   477 ;;		line 113 in file "main4b.c"
   478 ;; Parameters:    Size  Location     Type
   479 ;;		None
   480 ;; Auto vars:     Size  Location     Type
   481 ;;		None
   482 ;; Return value:  Size  Location     Type
   483 ;;                  1    wreg      void 
   484 ;; Registers used:
   485 ;;		wreg, status,2, status,0, pclath, cstack
   486 ;; Tracked objects:
   487 ;;		On entry : 0/0
   488 ;;		On exit  : 0/0
   489 ;;		Unchanged: 0/0
   490 ;; Data sizes:     COMMON   BANK0   BANK1   BANK3   BANK2
   491 ;;      Params:         0       0       0       0       0
   492 ;;      Locals:         0       0       0       0       0
   493 ;;      Temps:          0       0       0       0       0
   494 ;;      Totals:         0       0       0       0       0
   495 ;;Total ram usage:        0 bytes
   496 ;; Hardware stack levels used:    1
   497 ;; Hardware stack levels required when called:    2
   498 ;; This function calls:
   499 ;;		_I2C_Slave_Init
   500 ;; This function is called by:
   501 ;;		_main
   502 ;; This function uses a non-reentrant model
   503 ;;
   504                           
   505                           
   506                           ;psect for function _setup
   507  00A5                     _setup:
   508  00A5                     l762:	
   509                           ;incstack = 0
   510                           ; Regs used in _setup: [wreg+status,2+status,0+pclath+cstack]
   511                           
   512                           
   513                           ;main4b.c: 114:     ANSELbits.ANS5 = 1;
   514  00A5  1683               	bsf	3,5	;RP0=1, select bank3
   515  00A6  1703               	bsf	3,6	;RP1=1, select bank3
   516  00A7  1688               	bsf	8,5	;volatile
   517  00A8                     l764:
   518                           
   519                           ;main4b.c: 115:     ANSELH = 0;
   520  00A8  0189               	clrf	9	;volatile
   521                           
   522                           ;main4b.c: 117:     TRISB = 0;
   523  00A9  1683               	bsf	3,5	;RP0=1, select bank1
   524  00AA  1303               	bcf	3,6	;RP1=0, select bank1
   525  00AB  0186               	clrf	6	;volatile
   526                           
   527                           ;main4b.c: 118:     TRISD = 0;
   528  00AC  0188               	clrf	8	;volatile
   529  00AD                     l766:
   530                           
   531                           ;main4b.c: 119:     TRISE = 1;
   532  00AD  3001               	movlw	1
   533  00AE  0089               	movwf	9	;volatile
   534  00AF                     l768:
   535                           
   536                           ;main4b.c: 121:     PORTB = 0;
   537  00AF  1283               	bcf	3,5	;RP0=0, select bank0
   538  00B0  1303               	bcf	3,6	;RP1=0, select bank0
   539  00B1  0186               	clrf	6	;volatile
   540  00B2                     l770:
   541                           
   542                           ;main4b.c: 122:     PORTD = 0;
   543  00B2  0188               	clrf	8	;volatile
   544  00B3                     l772:
   545                           
   546                           ;main4b.c: 123:     PIE1bits.ADIE = 1;
   547  00B3  1683               	bsf	3,5	;RP0=1, select bank1
   548  00B4  1303               	bcf	3,6	;RP1=0, select bank1
   549  00B5  170C               	bsf	12,6	;volatile
   550  00B6                     l774:
   551                           
   552                           ;main4b.c: 124:     PIR1bits.ADIF = 0;
   553  00B6  1283               	bcf	3,5	;RP0=0, select bank0
   554  00B7  1303               	bcf	3,6	;RP1=0, select bank0
   555  00B8  130C               	bcf	12,6	;volatile
   556  00B9                     l776:
   557                           
   558                           ;main4b.c: 125:     I2C_Slave_Init(0x50);
   559  00B9  3050               	movlw	80
   560  00BA  120A  118A  20C0  120A  118A  	fcall	_I2C_Slave_Init
   561  00BF                     l134:
   562  00BF  0008               	return
   563  00C0                     __end_of_setup:
   564                           
   565                           	psect	text2
   566  00C0                     __ptext2:	
   567 ;; *************** function _I2C_Slave_Init *****************
   568 ;; Defined at:
   569 ;;		line 93 in file "I2C.c"
   570 ;; Parameters:    Size  Location     Type
   571 ;;  address         1    wreg     unsigned char 
   572 ;; Auto vars:     Size  Location     Type
   573 ;;  address         1    3[COMMON] unsigned char 
   574 ;; Return value:  Size  Location     Type
   575 ;;                  1    wreg      void 
   576 ;; Registers used:
   577 ;;		wreg
   578 ;; Tracked objects:
   579 ;;		On entry : 0/0
   580 ;;		On exit  : 0/0
   581 ;;		Unchanged: 0/0
   582 ;; Data sizes:     COMMON   BANK0   BANK1   BANK3   BANK2
   583 ;;      Params:         0       0       0       0       0
   584 ;;      Locals:         1       0       0       0       0
   585 ;;      Temps:          0       0       0       0       0
   586 ;;      Totals:         1       0       0       0       0
   587 ;;Total ram usage:        1 bytes
   588 ;; Hardware stack levels used:    1
   589 ;; Hardware stack levels required when called:    1
   590 ;; This function calls:
   591 ;;		Nothing
   592 ;; This function is called by:
   593 ;;		_setup
   594 ;; This function uses a non-reentrant model
   595 ;;
   596                           
   597                           
   598                           ;psect for function _I2C_Slave_Init
   599  00C0                     _I2C_Slave_Init:
   600                           
   601                           ;incstack = 0
   602                           ; Regs used in _I2C_Slave_Init: [wreg]
   603                           ;I2C_Slave_Init@address stored from wreg
   604  00C0  00F3               	movwf	I2C_Slave_Init@address
   605  00C1                     l732:
   606                           
   607                           ;I2C.c: 93: void I2C_Slave_Init(uint8_t address);I2C.c: 94: {;I2C.c: 95:     SSPADD = ad
      +                          dress;
   608  00C1  0873               	movf	I2C_Slave_Init@address,w
   609  00C2  1683               	bsf	3,5	;RP0=1, select bank1
   610  00C3  1303               	bcf	3,6	;RP1=0, select bank1
   611  00C4  0093               	movwf	19	;volatile
   612                           
   613                           ;I2C.c: 96:     SSPCON = 0x36;
   614  00C5  3036               	movlw	54
   615  00C6  1283               	bcf	3,5	;RP0=0, select bank0
   616  00C7  1303               	bcf	3,6	;RP1=0, select bank0
   617  00C8  0094               	movwf	20	;volatile
   618                           
   619                           ;I2C.c: 97:     SSPSTAT = 0x80;
   620  00C9  3080               	movlw	128
   621  00CA  1683               	bsf	3,5	;RP0=1, select bank1
   622  00CB  1303               	bcf	3,6	;RP1=0, select bank1
   623  00CC  0094               	movwf	20	;volatile
   624                           
   625                           ;I2C.c: 98:     SSPCON2 = 0x01;
   626  00CD  3001               	movlw	1
   627  00CE  0091               	movwf	17	;volatile
   628  00CF                     l734:
   629                           
   630                           ;I2C.c: 99:     TRISC3 = 1;
   631  00CF  1587               	bsf	7,3	;volatile
   632  00D0                     l736:
   633                           
   634                           ;I2C.c: 100:     TRISC4 = 1;
   635  00D0  1607               	bsf	7,4	;volatile
   636  00D1                     l738:
   637                           
   638                           ;I2C.c: 101:     GIE = 1;
   639  00D1  178B               	bsf	11,7	;volatile
   640  00D2                     l740:
   641                           
   642                           ;I2C.c: 102:     PEIE = 1;
   643  00D2  170B               	bsf	11,6	;volatile
   644  00D3                     l742:
   645                           
   646                           ;I2C.c: 103:     SSPIF = 0;
   647  00D3  1283               	bcf	3,5	;RP0=0, select bank0
   648  00D4  1303               	bcf	3,6	;RP1=0, select bank0
   649  00D5  118C               	bcf	12,3	;volatile
   650  00D6                     l744:
   651                           
   652                           ;I2C.c: 104:     SSPIE = 1;
   653  00D6  1683               	bsf	3,5	;RP0=1, select bank1
   654  00D7  1303               	bcf	3,6	;RP1=0, select bank1
   655  00D8  158C               	bsf	12,3	;volatile
   656  00D9                     l55:
   657  00D9  0008               	return
   658  00DA                     __end_of_I2C_Slave_Init:
   659                           
   660                           	psect	text3
   661  00F0                     __ptext3:	
   662 ;; *************** function _cfg_clk *****************
   663 ;; Defined at:
   664 ;;		line 140 in file "main4b.c"
   665 ;; Parameters:    Size  Location     Type
   666 ;;		None
   667 ;; Auto vars:     Size  Location     Type
   668 ;;		None
   669 ;; Return value:  Size  Location     Type
   670 ;;                  1    wreg      void 
   671 ;; Registers used:
   672 ;;		wreg, status,2, status,0
   673 ;; Tracked objects:
   674 ;;		On entry : 0/0
   675 ;;		On exit  : 0/0
   676 ;;		Unchanged: 0/0
   677 ;; Data sizes:     COMMON   BANK0   BANK1   BANK3   BANK2
   678 ;;      Params:         0       0       0       0       0
   679 ;;      Locals:         0       0       0       0       0
   680 ;;      Temps:          0       0       0       0       0
   681 ;;      Totals:         0       0       0       0       0
   682 ;;Total ram usage:        0 bytes
   683 ;; Hardware stack levels used:    1
   684 ;; Hardware stack levels required when called:    1
   685 ;; This function calls:
   686 ;;		Nothing
   687 ;; This function is called by:
   688 ;;		_main
   689 ;; This function uses a non-reentrant model
   690 ;;
   691                           
   692                           
   693                           ;psect for function _cfg_clk
   694  00F0                     _cfg_clk:
   695  00F0                     l758:	
   696                           ;incstack = 0
   697                           ; Regs used in _cfg_clk: [wreg+status,2+status,0]
   698                           
   699                           
   700                           ;main4b.c: 141:     OSCCONbits.IRCF = 0b111;
   701  00F0  3070               	movlw	112
   702  00F1  1683               	bsf	3,5	;RP0=1, select bank1
   703  00F2  1303               	bcf	3,6	;RP1=0, select bank1
   704  00F3  048F               	iorwf	15,f	;volatile
   705  00F4                     l760:
   706                           
   707                           ;main4b.c: 142:     OSCCONbits.SCS = 1;
   708  00F4  140F               	bsf	15,0	;volatile
   709  00F5                     l140:
   710  00F5  0008               	return
   711  00F6                     __end_of_cfg_clk:
   712                           
   713                           	psect	text4
   714  00DA                     __ptext4:	
   715 ;; *************** function _cfg_adc *****************
   716 ;; Defined at:
   717 ;;		line 128 in file "main4b.c"
   718 ;; Parameters:    Size  Location     Type
   719 ;;		None
   720 ;; Auto vars:     Size  Location     Type
   721 ;;		None
   722 ;; Return value:  Size  Location     Type
   723 ;;                  1    wreg      void 
   724 ;; Registers used:
   725 ;;		wreg, status,2, status,0
   726 ;; Tracked objects:
   727 ;;		On entry : 0/0
   728 ;;		On exit  : 0/0
   729 ;;		Unchanged: 0/0
   730 ;; Data sizes:     COMMON   BANK0   BANK1   BANK3   BANK2
   731 ;;      Params:         0       0       0       0       0
   732 ;;      Locals:         0       0       0       0       0
   733 ;;      Temps:          1       0       0       0       0
   734 ;;      Totals:         1       0       0       0       0
   735 ;;Total ram usage:        1 bytes
   736 ;; Hardware stack levels used:    1
   737 ;; Hardware stack levels required when called:    1
   738 ;; This function calls:
   739 ;;		Nothing
   740 ;; This function is called by:
   741 ;;		_main
   742 ;; This function uses a non-reentrant model
   743 ;;
   744                           
   745                           
   746                           ;psect for function _cfg_adc
   747  00DA                     _cfg_adc:
   748  00DA                     l750:	
   749                           ;incstack = 0
   750                           ; Regs used in _cfg_adc: [wreg+status,2+status,0]
   751                           
   752                           
   753                           ;main4b.c: 129:     ADCON1bits.ADFM = 0;
   754  00DA  1683               	bsf	3,5	;RP0=1, select bank1
   755  00DB  1303               	bcf	3,6	;RP1=0, select bank1
   756  00DC  139F               	bcf	31,7	;volatile
   757                           
   758                           ;main4b.c: 130:     ADCON1bits.VCFG0 = 0;
   759  00DD  121F               	bcf	31,4	;volatile
   760                           
   761                           ;main4b.c: 131:     ADCON1bits.VCFG1 = 0;
   762  00DE  129F               	bcf	31,5	;volatile
   763                           
   764                           ;main4b.c: 133:     ADCON0bits.ADCS0 = 0;
   765  00DF  1283               	bcf	3,5	;RP0=0, select bank0
   766  00E0  1303               	bcf	3,6	;RP1=0, select bank0
   767  00E1  131F               	bcf	31,6	;volatile
   768                           
   769                           ;main4b.c: 134:     ADCON0bits.ADCS1 = 1;
   770  00E2  179F               	bsf	31,7	;volatile
   771  00E3                     l752:
   772                           
   773                           ;main4b.c: 135:     ADCON0bits.CHS = 5;
   774  00E3  081F               	movf	31,w	;volatile
   775  00E4  39C3               	andlw	-61
   776  00E5  3814               	iorlw	20
   777  00E6  009F               	movwf	31	;volatile
   778  00E7                     l754:
   779                           
   780                           ;main4b.c: 136:     _delay((unsigned long)((100)*(8000000/4000000.0)));
   781  00E7  3042               	movlw	66
   782  00E8  00F3               	movwf	??_cfg_adc
   783  00E9                     u177:
   784  00E9  0BF3               	decfsz	??_cfg_adc,f
   785  00EA  28E9               	goto	u177
   786  00EB  0000               	nop
   787  00EC                     l756:
   788                           
   789                           ;main4b.c: 137:     ADCON0bits.ADON = 1;
   790  00EC  1283               	bcf	3,5	;RP0=0, select bank0
   791  00ED  1303               	bcf	3,6	;RP1=0, select bank0
   792  00EE  141F               	bsf	31,0	;volatile
   793  00EF                     l137:
   794  00EF  0008               	return
   795  00F0                     __end_of_cfg_adc:
   796                           
   797                           	psect	text5
   798  0015                     __ptext5:	
   799 ;; *************** function _isr *****************
   800 ;; Defined at:
   801 ;;		line 52 in file "main4b.c"
   802 ;; Parameters:    Size  Location     Type
   803 ;;		None
   804 ;; Auto vars:     Size  Location     Type
   805 ;;		None
   806 ;; Return value:  Size  Location     Type
   807 ;;                  1    wreg      void 
   808 ;; Registers used:
   809 ;;		wreg
   810 ;; Tracked objects:
   811 ;;		On entry : 0/0
   812 ;;		On exit  : 0/0
   813 ;;		Unchanged: 0/0
   814 ;; Data sizes:     COMMON   BANK0   BANK1   BANK3   BANK2
   815 ;;      Params:         0       0       0       0       0
   816 ;;      Locals:         0       0       0       0       0
   817 ;;      Temps:          3       0       0       0       0
   818 ;;      Totals:         3       0       0       0       0
   819 ;;Total ram usage:        3 bytes
   820 ;; Hardware stack levels used:    1
   821 ;; This function calls:
   822 ;;		Nothing
   823 ;; This function is called by:
   824 ;;		Interrupt level 1
   825 ;; This function uses a non-reentrant model
   826 ;;
   827                           
   828                           
   829                           ;psect for function _isr
   830  0015                     _isr:
   831  0015                     i1l818:
   832                           
   833                           ;main4b.c: 53:    if(PIR1bits.SSPIF == 1){
   834  0015  1283               	bcf	3,5	;RP0=0, select bank0
   835  0016  1303               	bcf	3,6	;RP1=0, select bank0
   836  0017  1D8C               	btfss	12,3	;volatile
   837  0018  281A               	goto	u5_21
   838  0019  281B               	goto	u5_20
   839  001A                     u5_21:
   840  001A  2871               	goto	i1l108
   841  001B                     u5_20:
   842  001B                     i1l820:
   843                           
   844                           ;main4b.c: 55:         SSPCONbits.CKP = 0;
   845  001B  1214               	bcf	20,4	;volatile
   846                           
   847                           ;main4b.c: 57:         if ((SSPCONbits.SSPOV) || (SSPCONbits.WCOL)){
   848  001C  1B14               	btfsc	20,6	;volatile
   849  001D  281F               	goto	u6_21
   850  001E  2820               	goto	u6_20
   851  001F                     u6_21:
   852  001F  2824               	goto	i1l824
   853  0020                     u6_20:
   854  0020                     i1l822:
   855  0020  1F94               	btfss	20,7	;volatile
   856  0021  2823               	goto	u7_21
   857  0022  2824               	goto	u7_20
   858  0023                     u7_21:
   859  0023  282B               	goto	i1l832
   860  0024                     u7_20:
   861  0024                     i1l824:
   862                           
   863                           ;main4b.c: 58:             z = SSPBUF;
   864  0024  0813               	movf	19,w	;volatile
   865  0025  00F0               	movwf	??_isr
   866  0026  0870               	movf	??_isr,w
   867  0027  00F7               	movwf	_z
   868  0028                     i1l826:
   869                           
   870                           ;main4b.c: 59:             SSPCONbits.SSPOV = 0;
   871  0028  1314               	bcf	20,6	;volatile
   872  0029                     i1l828:
   873                           
   874                           ;main4b.c: 60:             SSPCONbits.WCOL = 0;
   875  0029  1394               	bcf	20,7	;volatile
   876  002A                     i1l830:
   877                           
   878                           ;main4b.c: 61:             SSPCONbits.CKP = 1;
   879  002A  1614               	bsf	20,4	;volatile
   880  002B                     i1l832:
   881                           
   882                           ;main4b.c: 64:         if(!SSPSTATbits.D_nA && !SSPSTATbits.R_nW) {
   883  002B  1683               	bsf	3,5	;RP0=1, select bank1
   884  002C  1303               	bcf	3,6	;RP1=0, select bank1
   885  002D  1A94               	btfsc	20,5	;volatile
   886  002E  2830               	goto	u8_21
   887  002F  2831               	goto	u8_20
   888  0030                     u8_21:
   889  0030  284D               	goto	i1l112
   890  0031                     u8_20:
   891  0031                     i1l834:
   892  0031  1914               	btfsc	20,2	;volatile
   893  0032  2834               	goto	u9_21
   894  0033  2835               	goto	u9_20
   895  0034                     u9_21:
   896  0034  284D               	goto	i1l112
   897  0035                     u9_20:
   898  0035                     i1l836:
   899                           
   900                           ;main4b.c: 66:             z = SSPBUF;
   901  0035  1283               	bcf	3,5	;RP0=0, select bank0
   902  0036  1303               	bcf	3,6	;RP1=0, select bank0
   903  0037  0813               	movf	19,w	;volatile
   904  0038  00F0               	movwf	??_isr
   905  0039  0870               	movf	??_isr,w
   906  003A  00F7               	movwf	_z
   907  003B                     i1l838:
   908                           
   909                           ;main4b.c: 68:             PIR1bits.SSPIF = 0;
   910  003B  118C               	bcf	12,3	;volatile
   911  003C                     i1l840:
   912                           
   913                           ;main4b.c: 69:             SSPCONbits.CKP = 1;
   914  003C  1614               	bsf	20,4	;volatile
   915  003D                     i1l113:	
   916                           ;main4b.c: 70:             while(!SSPSTATbits.BF);
   917                           
   918  003D  1683               	bsf	3,5	;RP0=1, select bank1
   919  003E  1303               	bcf	3,6	;RP1=0, select bank1
   920  003F  1C14               	btfss	20,0	;volatile
   921  0040  2842               	goto	u10_21
   922  0041  2843               	goto	u10_20
   923  0042                     u10_21:
   924  0042  283D               	goto	i1l113
   925  0043                     u10_20:
   926  0043                     i1l842:
   927                           
   928                           ;main4b.c: 71:             PORTD = SSPBUF;
   929  0043  1283               	bcf	3,5	;RP0=0, select bank0
   930  0044  1303               	bcf	3,6	;RP1=0, select bank0
   931  0045  0813               	movf	19,w	;volatile
   932  0046  0088               	movwf	8	;volatile
   933                           
   934                           ;main4b.c: 72:             _delay((unsigned long)((250)*(8000000/4000000.0)));
   935  0047  30A6               	movlw	166
   936  0048  00F0               	movwf	??_isr
   937  0049                     u18_27:
   938  0049  0BF0               	decfsz	??_isr,f
   939  004A  2849               	goto	u18_27
   940  004B  0000               	nop
   941                           
   942                           ;main4b.c: 74:         }else if(!SSPSTATbits.D_nA && SSPSTATbits.R_nW){
   943  004C  286E               	goto	i1l116
   944  004D                     i1l112:
   945  004D  1A94               	btfsc	20,5	;volatile
   946  004E  2850               	goto	u11_21
   947  004F  2851               	goto	u11_20
   948  0050                     u11_21:
   949  0050  286E               	goto	i1l116
   950  0051                     u11_20:
   951  0051                     i1l844:
   952  0051  1D14               	btfss	20,2	;volatile
   953  0052  2854               	goto	u12_21
   954  0053  2855               	goto	u12_20
   955  0054                     u12_21:
   956  0054  286E               	goto	i1l116
   957  0055                     u12_20:
   958  0055                     i1l846:
   959                           
   960                           ;main4b.c: 75:             z = SSPBUF;
   961  0055  1283               	bcf	3,5	;RP0=0, select bank0
   962  0056  1303               	bcf	3,6	;RP1=0, select bank0
   963  0057  0813               	movf	19,w	;volatile
   964  0058  00F0               	movwf	??_isr
   965  0059  0870               	movf	??_isr,w
   966  005A  00F7               	movwf	_z
   967  005B                     i1l848:
   968                           
   969                           ;main4b.c: 76:             BF = 0;
   970  005B  1683               	bsf	3,5	;RP0=1, select bank1
   971  005C  1303               	bcf	3,6	;RP1=0, select bank1
   972  005D  1014               	bcf	20,0	;volatile
   973                           
   974                           ;main4b.c: 77:             SSPBUF = PORTB;
   975  005E  1283               	bcf	3,5	;RP0=0, select bank0
   976  005F  1303               	bcf	3,6	;RP1=0, select bank0
   977  0060  0806               	movf	6,w	;volatile
   978  0061  0093               	movwf	19	;volatile
   979  0062                     i1l850:
   980                           
   981                           ;main4b.c: 78:             SSPCONbits.CKP = 1;
   982  0062  1614               	bsf	20,4	;volatile
   983                           
   984                           ;main4b.c: 79:             _delay((unsigned long)((250)*(8000000/4000000.0)));
   985  0063  30A6               	movlw	166
   986  0064  00F0               	movwf	??_isr
   987  0065                     u19_27:
   988  0065  0BF0               	decfsz	??_isr,f
   989  0066  2865               	goto	u19_27
   990  0067  0000               	nop
   991  0068                     i1l118:	
   992                           ;main4b.c: 80:             while(SSPSTATbits.BF);
   993                           
   994  0068  1683               	bsf	3,5	;RP0=1, select bank1
   995  0069  1303               	bcf	3,6	;RP1=0, select bank1
   996  006A  1814               	btfsc	20,0	;volatile
   997  006B  286D               	goto	u13_21
   998  006C  286E               	goto	u13_20
   999  006D                     u13_21:
  1000  006D  2868               	goto	i1l118
  1001  006E                     u13_20:
  1002  006E                     i1l116:
  1003                           
  1004                           ;main4b.c: 83:         PIR1bits.SSPIF = 0;
  1005  006E  1283               	bcf	3,5	;RP0=0, select bank0
  1006  006F  1303               	bcf	3,6	;RP1=0, select bank0
  1007  0070  118C               	bcf	12,3	;volatile
  1008  0071                     i1l108:	
  1009                           ;main4b.c: 84:     }
  1010                           
  1011                           
  1012                           ;main4b.c: 85:    if(PIR1bits.ADIF == 1){
  1013  0071  1F0C               	btfss	12,6	;volatile
  1014  0072  2874               	goto	u14_21
  1015  0073  2875               	goto	u14_20
  1016  0074                     u14_21:
  1017  0074  2878               	goto	i1l122
  1018  0075                     u14_20:
  1019  0075                     i1l852:
  1020                           
  1021                           ;main4b.c: 86:        PORTB = ADRESH;
  1022  0075  081E               	movf	30,w	;volatile
  1023  0076  0086               	movwf	6	;volatile
  1024  0077                     i1l854:
  1025                           
  1026                           ;main4b.c: 87:        PIR1bits.ADIF = 0;
  1027  0077  130C               	bcf	12,6	;volatile
  1028  0078                     i1l122:
  1029  0078  0872               	movf	??_isr+2,w
  1030  0079  008A               	movwf	10
  1031  007A  0E71               	swapf	??_isr+1,w
  1032  007B  0083               	movwf	3
  1033  007C  0EFE               	swapf	btemp,f
  1034  007D  0E7E               	swapf	btemp,w
  1035  007E  0009               	retfie
  1036  007F                     __end_of_isr:
  1037  007E                     btemp	set	126	;btemp
  1038  007E                     wtemp0	set	126
  1039                           
  1040                           	psect	intentry
  1041  0004                     __pintentry:	
  1042                           ;incstack = 0
  1043                           ; Regs used in _isr: [wreg]
  1044                           
  1045  0004                     interrupt_function:
  1046  007E                     saved_w	set	btemp
  1047  0004  00FE               	movwf	btemp
  1048  0005  0E03               	swapf	3,w
  1049  0006  00F1               	movwf	??_isr+1
  1050  0007  080A               	movf	10,w
  1051  0008  00F2               	movwf	??_isr+2
  1052  0009  120A  118A  2815   	ljmp	_isr
  1053                           
  1054                           	psect	config
  1055                           
  1056                           ;Config register CONFIG1 @ 0x2007
  1057                           ;	Oscillator Selection bits
  1058                           ;	FOSC = INTRC_NOCLKOUT, INTOSCIO oscillator: I/O function on RA6/OSC2/CLKOUT pin, I/O f
      +                          unction on RA7/OSC1/CLKIN
  1059                           ;	Watchdog Timer Enable bit
  1060                           ;	WDTE = OFF, WDT disabled and can be enabled by SWDTEN bit of the WDTCON register
  1061                           ;	Power-up Timer Enable bit
  1062                           ;	PWRTE = OFF, PWRT disabled
  1063                           ;	RE3/MCLR pin function select bit
  1064                           ;	MCLRE = OFF, RE3/MCLR pin function is digital input, MCLR internally tied to VDD
  1065                           ;	Code Protection bit
  1066                           ;	CP = OFF, Program memory code protection is disabled
  1067                           ;	Data Code Protection bit
  1068                           ;	CPD = OFF, Data memory code protection is disabled
  1069                           ;	Brown Out Reset Selection bits
  1070                           ;	BOREN = OFF, BOR disabled
  1071                           ;	Internal External Switchover bit
  1072                           ;	IESO = OFF, Internal/External Switchover mode is disabled
  1073                           ;	Fail-Safe Clock Monitor Enabled bit
  1074                           ;	FCMEN = OFF, Fail-Safe Clock Monitor is disabled
  1075                           ;	Low Voltage Programming Enable bit
  1076                           ;	LVP = OFF, RB3 pin has digital I/O, HV on MCLR must be used for programming
  1077                           ;	In-Circuit Debugger Mode bit
  1078                           ;	DEBUG = 0x1, unprogrammed default
  1079  2007                     	org	8199
  1080  2007  20D4               	dw	8404
  1081                           
  1082                           ;Config register CONFIG2 @ 0x2008
  1083                           ;	Brown-out Reset Selection bit
  1084                           ;	BOR4V = BOR40V, Brown-out Reset set to 4.0V
  1085                           ;	Flash Program Memory Self Write Enable bits
  1086                           ;	WRT = OFF, Write protection off
  1087  2008                     	org	8200
  1088  2008  3FFF               	dw	16383

Data Sizes:
    Strings     0
    Constant    0
    Data        0
    BSS         2
    Persistent  0
    Stack       0

Auto Spaces:
    Space          Size  Autos    Used
    COMMON           14      6       8
    BANK0            80      0       0
    BANK1            80      0       0
    BANK3            96      0       0
    BANK2            96      0       0

Pointer List with Targets:

    None.

Critical Paths under _main in COMMON

    _main->_cfg_adc
    _setup->_I2C_Slave_Init

Critical Paths under _isr in COMMON

    None.

Critical Paths under _main in BANK0

    None.

Critical Paths under _isr in BANK0

    None.

Critical Paths under _main in BANK1

    None.

Critical Paths under _isr in BANK1

    None.

Critical Paths under _main in BANK3

    None.

Critical Paths under _isr in BANK3

    None.

Critical Paths under _main in BANK2

    None.

Critical Paths under _isr in BANK2

    None.

Call Graph Tables:

 ---------------------------------------------------------------------------------
 (Depth) Function   	        Calls       Base Space   Used Autos Params    Refs
 ---------------------------------------------------------------------------------
 (0) _main                                                 2     2      0      15
                                              4 COMMON     2     2      0
                            _cfg_adc
                            _cfg_clk
                              _setup
 ---------------------------------------------------------------------------------
 (1) _setup                                                0     0      0      15
                     _I2C_Slave_Init
 ---------------------------------------------------------------------------------
 (2) _I2C_Slave_Init                                       1     1      0      15
                                              3 COMMON     1     1      0
 ---------------------------------------------------------------------------------
 (1) _cfg_clk                                              0     0      0       0
 ---------------------------------------------------------------------------------
 (1) _cfg_adc                                              1     1      0       0
                                              3 COMMON     1     1      0
 ---------------------------------------------------------------------------------
 Estimated maximum stack depth 2
 ---------------------------------------------------------------------------------
 (Depth) Function   	        Calls       Base Space   Used Autos Params    Refs
 ---------------------------------------------------------------------------------
 (3) _isr                                                  3     3      0       0
                                              0 COMMON     3     3      0
 ---------------------------------------------------------------------------------
 Estimated maximum stack depth 3
 ---------------------------------------------------------------------------------

 Call Graph Graphs:

 _main (ROOT)
   _cfg_adc
   _cfg_clk
   _setup
     _I2C_Slave_Init

 _isr (ROOT)

 Address spaces:
Name               Size   Autos  Total    Cost      Usage
BITCOMMON            E      0       0       0        0.0%
EEDATA             100      0       0       0        0.0%
NULL                 0      0       0       0        0.0%
CODE                 0      0       0       0        0.0%
COMMON               E      6       8       1       57.1%
BITSFR0              0      0       0       1        0.0%
SFR0                 0      0       0       1        0.0%
BITSFR1              0      0       0       2        0.0%
SFR1                 0      0       0       2        0.0%
STACK                0      0       0       2        0.0%
ABS                  0      0       8       3        0.0%
BITBANK0            50      0       0       4        0.0%
BITSFR3              0      0       0       4        0.0%
SFR3                 0      0       0       4        0.0%
BANK0               50      0       0       5        0.0%
BITSFR2              0      0       0       5        0.0%
SFR2                 0      0       0       5        0.0%
BITBANK1            50      0       0       6        0.0%
BANK1               50      0       0       7        0.0%
BITBANK3            60      0       0       8        0.0%
BANK3               60      0       0       9        0.0%
BITBANK2            60      0       0      10        0.0%
BANK2               60      0       0      11        0.0%
DATA                 0      0       8      12        0.0%


Microchip Technology PIC Macro Assembler V2.31 build 20201012212115 
Symbol Table                                                                                   Fri Aug 06 01:51:06 2021

                      _z 0077              _SSPSTATbits 0094                       _BF 04A0  
                     l55 00D9                      l140 00F5                      l134 00BF  
                    l137 00EF                      l740 00D2                      l732 00C1  
                    l750 00DA                      l742 00D3                      l734 00CF  
                    l752 00E3                      l760 00F4                      l744 00D6  
                    l736 00D0                      l754 00E7                      l738 00D1  
                    l770 00B2                      l762 00A5                      l756 00EC  
                    l772 00B3                      l764 00A8                      l860 0091  
                    l758 00F0                      l774 00B6                      l766 00AD  
                    l862 0097                      l776 00B9                      l768 00AF  
                    l864 0098                      l856 007F                      l858 008E  
                    _GIE 005F                      u150 0097                      u151 0096  
                    u167 009C                      u177 00E9                      _isr 0015  
                   ?_isr 0070                     _PEIE 005E                     u5_20 001B  
                   u5_21 001A                     u6_20 0020                     u6_21 001F  
                   u7_20 0024                     u7_21 0023                     u8_20 0031  
                   u8_21 0030                     u9_20 0035                     u9_21 0034  
                   _dato 0076                     _main 007F                     btemp 007E  
                   start 000C                    ??_isr 0070                    ?_main 0070  
                  i1l112 004D                    i1l113 003D                    i1l122 0078  
                  i1l116 006E                    i1l108 0071                    i1l118 0068  
                  i1l820 001B                    i1l830 002A                    i1l822 0020  
                  i1l840 003C                    i1l832 002B                    i1l824 0024  
                  i1l850 0062                    i1l842 0043                    i1l834 0031  
                  i1l826 0028                    i1l818 0015                    i1l852 0075  
                  i1l844 0051                    i1l836 0035                    i1l828 0029  
                  i1l854 0077                    i1l846 0055                    i1l838 003B  
                  i1l848 005B                    u10_20 0043                    u10_21 0042  
                  u11_20 0051                    u11_21 0050                    u12_20 0055  
                  u12_21 0054                    u13_20 006E                    u13_21 006D  
                  u14_20 0075                    u14_21 0074          __end_of_cfg_adc 00F0  
                  u18_27 0049                    _PORTB 0006                    _PORTD 0008  
                  u19_27 0065          __end_of_cfg_clk 00F6                    _TRISB 0086  
                  _TRISD 0088                    _SSPIE 0463                    _TRISE 0089  
                  _SSPIF 0063                    _setup 00A5                    pclath 000A  
                  status 0003                    wtemp0 007E          __initialization 000F  
           __end_of_main 00A5                   ??_main 0074                   _ADRESH 001E  
                 ?_setup 0070                   _ANSELH 0189                   _SSPADD 0093  
                 _TRISC3 043B                   _TRISC4 043C                   _SSPCON 0014  
                 _SSPBUF 0013                ??_cfg_adc 0073                ??_cfg_clk 0073  
                 saved_w 007E  __end_of__initialization 0011           __pcstackCOMMON 0070  
__size_of_I2C_Slave_Init 001A            __end_of_setup 00C0                  ??_setup 0074  
  I2C_Slave_Init@address 0073               __pmaintext 007F               __pintentry 0004  
                _SSPCON2 0091                  _SSPSTAT 0094                  _cfg_adc 00DA  
                _cfg_clk 00F0                _ANSELbits 0188                  __ptext1 00A5  
                __ptext2 00C0                  __ptext3 00F0                  __ptext4 00DA  
                __ptext5 0015             __size_of_isr 006A     end_of_initialization 0011  
         _I2C_Slave_Init 00C0                _TRISCbits 0087   __end_of_I2C_Slave_Init 00DA  
    start_initialization 000F              __end_of_isr 007F          ?_I2C_Slave_Init 0070  
            __pbssCOMMON 0076                ___latbits 0002                 ?_cfg_adc 0070  
               ?_cfg_clk 0070           __size_of_setup 001B        interrupt_function 0004  
               _PIE1bits 008C                 _PIR1bits 000C               _ADCON0bits 001F  
             _ADCON1bits 009F         __size_of_cfg_adc 0016         __size_of_cfg_clk 0006  
       ??_I2C_Slave_Init 0073            __size_of_main 0026                 intlevel1 0000  
             _OSCCONbits 008F              _SSPCON2bits 0091               _SSPCONbits 0014  
