

Microchip MPLAB XC8 Assembler V2.31 build 20201012212115 
                                                                                               Sun Aug 29 02:41:28 2021

Microchip MPLAB XC8 C Compiler v2.31 (Free license) build 20201012212115 Og1 
     1                           	processor	16F887
     2                           	pagewidth 120
     3                           	opt	flic
     4                           	psect	cinit,global,class=CODE,merge=1,delta=2
     5                           	psect	bssCOMMON,global,class=COMMON,space=1,delta=1,noexec
     6                           	psect	bssBANK0,global,class=BANK0,space=1,delta=1,noexec
     7                           	psect	cstackCOMMON,global,class=COMMON,space=1,delta=1,noexec
     8                           	psect	cstackBANK0,global,class=BANK0,space=1,delta=1,noexec
     9                           	psect	maintext,global,class=CODE,split=1,delta=2
    10                           	psect	text1,local,class=CODE,merge=1,delta=2
    11                           	psect	text2,local,class=CODE,merge=1,delta=2
    12                           	psect	text3,local,class=CODE,merge=1,delta=2
    13                           	psect	text4,local,class=CODE,merge=1,delta=2,group=1
    14                           	psect	text5,local,class=CODE,merge=1,delta=2
    15                           	psect	intentry,global,class=CODE,delta=2
    16                           	psect	config,global,abs,ovrld,class=CONFIG,space=4,delta=2,noexec
    17                           	dabs	1,0x7E,2
    18  0000                     
    19                           ; Version 2.20
    20                           ; Generated 12/02/2020 GMT
    21                           ; 
    22                           ; Copyright © 2020, Microchip Technology Inc. and its subsidiaries ("Microchip")
    23                           ; All rights reserved.
    24                           ; 
    25                           ; This software is developed by Microchip Technology Inc. and its subsidiaries ("Microch
      +                          ip").
    26                           ; 
    27                           ; Redistribution and use in source and binary forms, with or without modification, are
    28                           ; permitted provided that the following conditions are met:
    29                           ; 
    30                           ;     1. Redistributions of source code must retain the above copyright notice, this lis
      +                          t of
    31                           ;        conditions and the following disclaimer.
    32                           ; 
    33                           ;     2. Redistributions in binary form must reproduce the above copyright notice, this 
      +                          list
    34                           ;        of conditions and the following disclaimer in the documentation and/or other
    35                           ;        materials provided with the distribution.
    36                           ; 
    37                           ;     3. Microchip's name may not be used to endorse or promote products derived from th
      +                          is
    38                           ;        software without specific prior written permission.
    39                           ; 
    40                           ; THIS SOFTWARE IS PROVIDED BY MICROCHIP "AS IS" AND ANY EXPRESS OR IMPLIED WARRANTIES,
    41                           ; INCLUDING, BUT NOT LIMITED TO, THE IMPLIED WARRANTIES OF MERCHANTABILITY AND FITNESS F
      +                          OR
    42                           ; PURPOSE ARE DISCLAIMED.  IN NO EVENT SHALL MICROCHIP BE LIABLE FOR ANY DIRECT, INDIREC
      +                          T,
    43                           ; INCIDENTAL, SPECIAL, EXEMPLARY, OR CONSEQUENTIAL DAMAGES (INCLUDING BUT NOT LIMITED TO
    44                           ; PROCUREMENT OF SUBSTITUTE GOODS OR SERVICES; LOSS OF USE, DATA OR PROFITS; OR BUSINESS
    45                           ; INTERRUPTION) HOWSOEVER CAUSED AND ON ANY THEORY OF LIABILITY, WHETHER IN CONTRACT, ST
      +                          RICT
    46                           ; LIABILITY, OR TORT (INCLUDING NEGLIGENCE OR OTHERWISE) ARISING IN ANY WAY OUT OF THE U
      +                          SE OF
    47                           ; THIS SOFTWARE, EVEN IF ADVISED OF THE POSSIBILITY OF SUCH DAMAGE.
    48                           ; 
    49                           ; 
    50                           ; Code-generator required, PIC16F887 Definitions
    51                           ; 
    52                           ; SFR Addresses
    53  0000                     	;# 
    54  0001                     	;# 
    55  0002                     	;# 
    56  0003                     	;# 
    57  0004                     	;# 
    58  0005                     	;# 
    59  0006                     	;# 
    60  0007                     	;# 
    61  0008                     	;# 
    62  0009                     	;# 
    63  000A                     	;# 
    64  000B                     	;# 
    65  000C                     	;# 
    66  000D                     	;# 
    67  000E                     	;# 
    68  000E                     	;# 
    69  000F                     	;# 
    70  0010                     	;# 
    71  0011                     	;# 
    72  0012                     	;# 
    73  0013                     	;# 
    74  0014                     	;# 
    75  0015                     	;# 
    76  0015                     	;# 
    77  0016                     	;# 
    78  0017                     	;# 
    79  0018                     	;# 
    80  0019                     	;# 
    81  001A                     	;# 
    82  001B                     	;# 
    83  001B                     	;# 
    84  001C                     	;# 
    85  001D                     	;# 
    86  001E                     	;# 
    87  001F                     	;# 
    88  0081                     	;# 
    89  0085                     	;# 
    90  0086                     	;# 
    91  0087                     	;# 
    92  0088                     	;# 
    93  0089                     	;# 
    94  008C                     	;# 
    95  008D                     	;# 
    96  008E                     	;# 
    97  008F                     	;# 
    98  0090                     	;# 
    99  0091                     	;# 
   100  0092                     	;# 
   101  0093                     	;# 
   102  0093                     	;# 
   103  0093                     	;# 
   104  0094                     	;# 
   105  0095                     	;# 
   106  0096                     	;# 
   107  0097                     	;# 
   108  0098                     	;# 
   109  0099                     	;# 
   110  009A                     	;# 
   111  009B                     	;# 
   112  009C                     	;# 
   113  009D                     	;# 
   114  009E                     	;# 
   115  009F                     	;# 
   116  0105                     	;# 
   117  0107                     	;# 
   118  0108                     	;# 
   119  0109                     	;# 
   120  010C                     	;# 
   121  010C                     	;# 
   122  010D                     	;# 
   123  010E                     	;# 
   124  010F                     	;# 
   125  0185                     	;# 
   126  0187                     	;# 
   127  0188                     	;# 
   128  0189                     	;# 
   129  018C                     	;# 
   130  018D                     	;# 
   131  0000                     	;# 
   132  0001                     	;# 
   133  0002                     	;# 
   134  0003                     	;# 
   135  0004                     	;# 
   136  0005                     	;# 
   137  0006                     	;# 
   138  0007                     	;# 
   139  0008                     	;# 
   140  0009                     	;# 
   141  000A                     	;# 
   142  000B                     	;# 
   143  000C                     	;# 
   144  000D                     	;# 
   145  000E                     	;# 
   146  000E                     	;# 
   147  000F                     	;# 
   148  0010                     	;# 
   149  0011                     	;# 
   150  0012                     	;# 
   151  0013                     	;# 
   152  0014                     	;# 
   153  0015                     	;# 
   154  0015                     	;# 
   155  0016                     	;# 
   156  0017                     	;# 
   157  0018                     	;# 
   158  0019                     	;# 
   159  001A                     	;# 
   160  001B                     	;# 
   161  001B                     	;# 
   162  001C                     	;# 
   163  001D                     	;# 
   164  001E                     	;# 
   165  001F                     	;# 
   166  0081                     	;# 
   167  0085                     	;# 
   168  0086                     	;# 
   169  0087                     	;# 
   170  0088                     	;# 
   171  0089                     	;# 
   172  008C                     	;# 
   173  008D                     	;# 
   174  008E                     	;# 
   175  008F                     	;# 
   176  0090                     	;# 
   177  0091                     	;# 
   178  0092                     	;# 
   179  0093                     	;# 
   180  0093                     	;# 
   181  0093                     	;# 
   182  0094                     	;# 
   183  0095                     	;# 
   184  0096                     	;# 
   185  0097                     	;# 
   186  0098                     	;# 
   187  0099                     	;# 
   188  009A                     	;# 
   189  009B                     	;# 
   190  009C                     	;# 
   191  009D                     	;# 
   192  009E                     	;# 
   193  009F                     	;# 
   194  0105                     	;# 
   195  0107                     	;# 
   196  0108                     	;# 
   197  0109                     	;# 
   198  010C                     	;# 
   199  010C                     	;# 
   200  010D                     	;# 
   201  010E                     	;# 
   202  010F                     	;# 
   203  0185                     	;# 
   204  0187                     	;# 
   205  0188                     	;# 
   206  0189                     	;# 
   207  018C                     	;# 
   208  018D                     	;# 
   209  0000                     	;# 
   210  0001                     	;# 
   211  0002                     	;# 
   212  0003                     	;# 
   213  0004                     	;# 
   214  0005                     	;# 
   215  0006                     	;# 
   216  0007                     	;# 
   217  0008                     	;# 
   218  0009                     	;# 
   219  000A                     	;# 
   220  000B                     	;# 
   221  000C                     	;# 
   222  000D                     	;# 
   223  000E                     	;# 
   224  000E                     	;# 
   225  000F                     	;# 
   226  0010                     	;# 
   227  0011                     	;# 
   228  0012                     	;# 
   229  0013                     	;# 
   230  0014                     	;# 
   231  0015                     	;# 
   232  0015                     	;# 
   233  0016                     	;# 
   234  0017                     	;# 
   235  0018                     	;# 
   236  0019                     	;# 
   237  001A                     	;# 
   238  001B                     	;# 
   239  001B                     	;# 
   240  001C                     	;# 
   241  001D                     	;# 
   242  001E                     	;# 
   243  001F                     	;# 
   244  0081                     	;# 
   245  0085                     	;# 
   246  0086                     	;# 
   247  0087                     	;# 
   248  0088                     	;# 
   249  0089                     	;# 
   250  008C                     	;# 
   251  008D                     	;# 
   252  008E                     	;# 
   253  008F                     	;# 
   254  0090                     	;# 
   255  0091                     	;# 
   256  0092                     	;# 
   257  0093                     	;# 
   258  0093                     	;# 
   259  0093                     	;# 
   260  0094                     	;# 
   261  0095                     	;# 
   262  0096                     	;# 
   263  0097                     	;# 
   264  0098                     	;# 
   265  0099                     	;# 
   266  009A                     	;# 
   267  009B                     	;# 
   268  009C                     	;# 
   269  009D                     	;# 
   270  009E                     	;# 
   271  009F                     	;# 
   272  0105                     	;# 
   273  0107                     	;# 
   274  0108                     	;# 
   275  0109                     	;# 
   276  010C                     	;# 
   277  010C                     	;# 
   278  010D                     	;# 
   279  010E                     	;# 
   280  010F                     	;# 
   281  0185                     	;# 
   282  0187                     	;# 
   283  0188                     	;# 
   284  0189                     	;# 
   285  018C                     	;# 
   286  018D                     	;# 
   287  0014                     _SSPCON	set	20
   288  000E                     _TMR1L	set	14
   289  000F                     _TMR1H	set	15
   290  0006                     _PORTB	set	6
   291  0008                     _PORTD	set	8
   292  0013                     _SSPBUF	set	19
   293  0014                     _SSPCONbits	set	20
   294  000C                     _PIR1bits	set	12
   295  0063                     _SSPIF	set	99
   296  005E                     _PEIE	set	94
   297  005F                     _GIE	set	95
   298  0030                     _RB0	set	48
   299  002A                     _RA2	set	42
   300  0031                     _RB1	set	49
   301  0080                     _TMR1ON	set	128
   302  0029                     _RA1	set	41
   303  0028                     _RA0	set	40
   304  0091                     _SSPCON2bits	set	145
   305  0087                     _TRISCbits	set	135
   306  0094                     _SSPSTAT	set	148
   307  0093                     _SSPADD	set	147
   308  0091                     _SSPCON2	set	145
   309  008F                     _OSCCONbits	set	143
   310  0088                     _TRISD	set	136
   311  0086                     _TRISB	set	134
   312  0085                     _TRISAbits	set	133
   313  0094                     _SSPSTATbits	set	148
   314  0463                     _SSPIE	set	1123
   315  043C                     _TRISC4	set	1084
   316  043B                     _TRISC3	set	1083
   317  04A0                     _BF	set	1184
   318  0189                     _ANSELH	set	393
   319  0188                     _ANSEL	set	392
   320                           
   321                           	psect	cinit
   322  000F                     start_initialization:	
   323                           ; #config settings
   324                           
   325  000F                     __initialization:
   326                           
   327                           ; Clear objects allocated to COMMON
   328  000F  01F8               	clrf	__pbssCOMMON& (0+127)
   329  0010  01F9               	clrf	(__pbssCOMMON+1)& (0+127)
   330  0011  01FA               	clrf	(__pbssCOMMON+2)& (0+127)
   331                           
   332                           ; Clear objects allocated to BANK0
   333  0012  1283               	bcf	3,5	;RP0=0, select bank0
   334  0013  1303               	bcf	3,6	;RP1=0, select bank0
   335  0014  01A7               	clrf	__pbssBANK0& (0+127)
   336  0015  01A8               	clrf	(__pbssBANK0+1)& (0+127)
   337  0016  01A9               	clrf	(__pbssBANK0+2)& (0+127)
   338  0017  01AA               	clrf	(__pbssBANK0+3)& (0+127)
   339  0018  01AB               	clrf	(__pbssBANK0+4)& (0+127)
   340  0019  01AC               	clrf	(__pbssBANK0+5)& (0+127)
   341  001A                     end_of_initialization:	
   342                           ;End of C runtime variable initialization code
   343                           
   344  001A                     __end_of__initialization:
   345  001A  0183               	clrf	3
   346  001B  120A  118A  281E   	ljmp	_main	;jump to C main() function
   347                           
   348                           	psect	bssCOMMON
   349  0078                     __pbssCOMMON:
   350  0078                     _z:
   351  0078                     	ds	1
   352  0079                     _i1:
   353  0079                     	ds	1
   354  007A                     _i0:
   355  007A                     	ds	1
   356                           
   357                           	psect	bssBANK0
   358  0027                     __pbssBANK0:
   359  0027                     _D:
   360  0027                     	ds	2
   361  0029                     _V:
   362  0029                     	ds	2
   363  002B                     _tt:
   364  002B                     	ds	1
   365  002C                     _port:
   366  002C                     	ds	1
   367                           
   368                           	psect	cstackCOMMON
   369  0070                     __pcstackCOMMON:
   370  0070                     ?_cfg_io:
   371  0070                     ?_cfg_clk:	
   372                           ; 1 bytes @ 0x0
   373                           
   374  0070                     ?_I2C_Slave_Init:	
   375                           ; 1 bytes @ 0x0
   376                           
   377  0070                     ?_isr:	
   378                           ; 1 bytes @ 0x0
   379                           
   380  0070                     ??_isr:	
   381                           ; 1 bytes @ 0x0
   382                           
   383  0070                     ?_main:	
   384                           ; 1 bytes @ 0x0
   385                           
   386                           
   387                           ; 1 bytes @ 0x0
   388  0070                     	ds	3
   389  0073                     ??_cfg_clk:
   390  0073                     ??_I2C_Slave_Init:	
   391                           ; 1 bytes @ 0x3
   392                           
   393  0073                     ?___awdiv:	
   394                           ; 1 bytes @ 0x3
   395                           
   396  0073                     I2C_Slave_Init@address:	
   397                           ; 2 bytes @ 0x3
   398                           
   399  0073                     ___awdiv@divisor:	
   400                           ; 1 bytes @ 0x3
   401                           
   402                           
   403                           ; 2 bytes @ 0x3
   404  0073                     	ds	1
   405  0074                     ??_cfg_io:
   406                           
   407                           ; 1 bytes @ 0x4
   408  0074                     	ds	1
   409  0075                     ___awdiv@dividend:
   410                           
   411                           ; 2 bytes @ 0x5
   412  0075                     	ds	2
   413  0077                     ??___awdiv:
   414                           
   415                           ; 1 bytes @ 0x7
   416  0077                     	ds	1
   417                           
   418                           	psect	cstackBANK0
   419  0020                     __pcstackBANK0:
   420  0020                     ___awdiv@counter:
   421                           
   422                           ; 1 bytes @ 0x0
   423  0020                     	ds	1
   424  0021                     ___awdiv@sign:
   425                           
   426                           ; 1 bytes @ 0x1
   427  0021                     	ds	1
   428  0022                     ___awdiv@quotient:
   429                           
   430                           ; 2 bytes @ 0x2
   431  0022                     	ds	2
   432  0024                     ??_main:
   433                           
   434                           ; 1 bytes @ 0x4
   435  0024                     	ds	3
   436                           
   437                           	psect	maintext
   438  001E                     __pmaintext:	
   439 ;;
   440 ;;Main: autosize = 0, tempsize = 3, incstack = 0, save=0
   441 ;;
   442 ;; *************** function _main *****************
   443 ;; Defined at:
   444 ;;		line 99 in file "mainp1.c"
   445 ;; Parameters:    Size  Location     Type
   446 ;;		None
   447 ;; Auto vars:     Size  Location     Type
   448 ;;		None
   449 ;; Return value:  Size  Location     Type
   450 ;;                  1    wreg      void 
   451 ;; Registers used:
   452 ;;		wreg, status,2, status,0, btemp+1, pclath, cstack
   453 ;; Tracked objects:
   454 ;;		On entry : B00/0
   455 ;;		On exit  : 0/0
   456 ;;		Unchanged: 0/0
   457 ;; Data sizes:     COMMON   BANK0   BANK1   BANK3   BANK2
   458 ;;      Params:         0       0       0       0       0
   459 ;;      Locals:         0       0       0       0       0
   460 ;;      Temps:          0       3       0       0       0
   461 ;;      Totals:         0       3       0       0       0
   462 ;;Total ram usage:        3 bytes
   463 ;; Hardware stack levels required when called:    3
   464 ;; This function calls:
   465 ;;		___awdiv
   466 ;;		_cfg_clk
   467 ;;		_cfg_io
   468 ;; This function is called by:
   469 ;;		Startup code after reset
   470 ;; This function uses a non-reentrant model
   471 ;;
   472                           
   473                           
   474                           ;psect for function _main
   475  001E                     _main:
   476  001E                     l1043:	
   477                           ;incstack = 0
   478                           ; Regs used in _main: [wreg+status,2+status,0+btemp+1+pclath+cstack]
   479                           
   480                           
   481                           ;mainp1.c: 100:     cfg_io();
   482  001E  120A  118A  2184  120A  118A  	fcall	_cfg_io
   483                           
   484                           ;mainp1.c: 101:     cfg_clk();
   485  0023  120A  118A  219B  120A  118A  	fcall	_cfg_clk
   486  0028                     l1045:
   487                           
   488                           ;mainp1.c: 107:         TMR1H = 0;
   489  0028  1283               	bcf	3,5	;RP0=0, select bank0
   490  0029  1303               	bcf	3,6	;RP1=0, select bank0
   491  002A  018F               	clrf	15	;volatile
   492  002B                     l1047:
   493                           
   494                           ;mainp1.c: 108:         TMR1L = 0;
   495  002B  018E               	clrf	14	;volatile
   496  002C                     l1049:
   497                           
   498                           ;mainp1.c: 110:         RA0 = 1;
   499  002C  1405               	bsf	5,0	;volatile
   500  002D                     l1051:
   501                           
   502                           ;mainp1.c: 111:         _delay((unsigned long)((10)*(8000000/4000000.0)));
   503  002D  3005               	movlw	5
   504  002E  1283               	bcf	3,5	;RP0=0, select bank0
   505  002F  1303               	bcf	3,6	;RP1=0, select bank0
   506  0030  00A4               	movwf	??_main
   507  0031                     u527:
   508  0031  0BA4               	decfsz	??_main,f
   509  0032  2831               	goto	u527
   510  0033  2834               	nop2
   511  0034                     l1053:
   512                           
   513                           ;mainp1.c: 112:         RA0 = 0;
   514  0034  1283               	bcf	3,5	;RP0=0, select bank0
   515  0035  1303               	bcf	3,6	;RP1=0, select bank0
   516  0036  1005               	bcf	5,0	;volatile
   517  0037                     l88:	
   518                           ;mainp1.c: 115:         while(!RA1);
   519                           
   520  0037  1C85               	btfss	5,1	;volatile
   521  0038  283A               	goto	u461
   522  0039  283B               	goto	u460
   523  003A                     u461:
   524  003A  2837               	goto	l88
   525  003B                     u460:
   526  003B                     l90:
   527                           
   528                           ;mainp1.c: 116:         TMR1ON = 1;
   529  003B  1410               	bsf	16,0	;volatile
   530  003C                     l91:	
   531                           ;mainp1.c: 117:         while(RA1);
   532                           
   533  003C  1885               	btfsc	5,1	;volatile
   534  003D  283F               	goto	u471
   535  003E  2840               	goto	u470
   536  003F                     u471:
   537  003F  283C               	goto	l91
   538  0040                     u470:
   539  0040                     l93:
   540                           
   541                           ;mainp1.c: 118:         TMR1ON = 0;
   542  0040  1010               	bcf	16,0	;volatile
   543  0041                     l1055:
   544                           
   545                           ;mainp1.c: 120:         V = (TMR1L | (TMR1H<<8));
   546  0041  080F               	movf	15,w	;volatile
   547  0042  00AA               	movwf	_V+1
   548  0043  080E               	movf	14,w	;volatile
   549  0044  00A9               	movwf	_V
   550  0045                     l1057:
   551                           
   552                           ;mainp1.c: 121:         D = V/58;
   553  0045  303A               	movlw	58
   554  0046  00F3               	movwf	___awdiv@divisor
   555  0047  3000               	movlw	0
   556  0048  00F4               	movwf	___awdiv@divisor+1
   557  0049  082A               	movf	_V+1,w
   558  004A  00F6               	movwf	___awdiv@dividend+1
   559  004B  0829               	movf	_V,w
   560  004C  00F5               	movwf	___awdiv@dividend
   561  004D  120A  118A  209E  120A  118A  	fcall	___awdiv
   562  0052  0874               	movf	?___awdiv+1,w
   563  0053  1283               	bcf	3,5	;RP0=0, select bank0
   564  0054  1303               	bcf	3,6	;RP1=0, select bank0
   565  0055  00A8               	movwf	_D+1
   566  0056  0873               	movf	?___awdiv,w
   567  0057  00A7               	movwf	_D
   568  0058                     l1059:
   569                           
   570                           ;mainp1.c: 123:         if(D >= 20){
   571  0058  0828               	movf	_D+1,w
   572  0059  3A80               	xorlw	128
   573  005A  00FF               	movwf	btemp+1
   574  005B  3080               	movlw	128
   575  005C  027F               	subwf	btemp+1,w
   576  005D  1D03               	skipz
   577  005E  2861               	goto	u485
   578  005F  3014               	movlw	20
   579  0060  0227               	subwf	_D,w
   580  0061                     u485:
   581  0061  1C03               	skipc
   582  0062  2864               	goto	u481
   583  0063  2865               	goto	u480
   584  0064                     u481:
   585  0064  2869               	goto	l1065
   586  0065                     u480:
   587  0065                     l1061:
   588                           
   589                           ;mainp1.c: 124:             RB1 = 0;
   590  0065  1283               	bcf	3,5	;RP0=0, select bank0
   591  0066  1303               	bcf	3,6	;RP1=0, select bank0
   592  0067  1086               	bcf	6,1	;volatile
   593  0068                     l1063:
   594                           
   595                           ;mainp1.c: 125:             i1 = 0;
   596  0068  01F9               	clrf	_i1
   597  0069                     l1065:
   598                           
   599                           ;mainp1.c: 127:         if(D < 20){
   600  0069  1283               	bcf	3,5	;RP0=0, select bank0
   601  006A  1303               	bcf	3,6	;RP1=0, select bank0
   602  006B  0828               	movf	_D+1,w
   603  006C  3A80               	xorlw	128
   604  006D  00FF               	movwf	btemp+1
   605  006E  3080               	movlw	128
   606  006F  027F               	subwf	btemp+1,w
   607  0070  1D03               	skipz
   608  0071  2874               	goto	u495
   609  0072  3014               	movlw	20
   610  0073  0227               	subwf	_D,w
   611  0074                     u495:
   612  0074  1803               	skipnc
   613  0075  2877               	goto	u491
   614  0076  2878               	goto	u490
   615  0077                     u491:
   616  0077  287D               	goto	l95
   617  0078                     u490:
   618  0078                     l1067:
   619                           
   620                           ;mainp1.c: 128:             RB1 = 1;
   621  0078  1283               	bcf	3,5	;RP0=0, select bank0
   622  0079  1303               	bcf	3,6	;RP1=0, select bank0
   623  007A  1486               	bsf	6,1	;volatile
   624                           
   625                           ;mainp1.c: 129:             i1 = 1;
   626  007B  01F9               	clrf	_i1
   627  007C  0AF9               	incf	_i1,f
   628  007D                     l95:	
   629                           ;mainp1.c: 130:         }
   630                           
   631                           
   632                           ;mainp1.c: 132:         if(RA2 == 1){
   633  007D  1283               	bcf	3,5	;RP0=0, select bank0
   634  007E  1303               	bcf	3,6	;RP1=0, select bank0
   635  007F  1D05               	btfss	5,2	;volatile
   636  0080  2882               	goto	u501
   637  0081  2883               	goto	u500
   638  0082                     u501:
   639  0082  2886               	goto	l96
   640  0083                     u500:
   641  0083                     l1069:
   642                           
   643                           ;mainp1.c: 133:             RB0 = 1;
   644  0083  1406               	bsf	6,0	;volatile
   645                           
   646                           ;mainp1.c: 134:             i0 = 1;
   647  0084  01FA               	clrf	_i0
   648  0085  0AFA               	incf	_i0,f
   649  0086                     l96:	
   650                           ;mainp1.c: 135:         }
   651                           
   652                           
   653                           ;mainp1.c: 136:         if(RA2 == 0){
   654  0086  1905               	btfsc	5,2	;volatile
   655  0087  2889               	goto	u511
   656  0088  288A               	goto	u510
   657  0089                     u511:
   658  0089  288C               	goto	l1075
   659  008A                     u510:
   660  008A                     l1071:
   661                           
   662                           ;mainp1.c: 137:             RB0 = 0;
   663  008A  1006               	bcf	6,0	;volatile
   664  008B                     l1073:
   665                           
   666                           ;mainp1.c: 138:             i0 = 0;
   667  008B  01FA               	clrf	_i0
   668  008C                     l1075:
   669                           
   670                           ;mainp1.c: 140:         _delay((unsigned long)((500)*(8000000/4000.0)));
   671  008C  3006               	movlw	6
   672  008D  1283               	bcf	3,5	;RP0=0, select bank0
   673  008E  1303               	bcf	3,6	;RP1=0, select bank0
   674  008F  00A6               	movwf	??_main+2
   675  0090  3013               	movlw	19
   676  0091  00A5               	movwf	??_main+1
   677  0092  30AD               	movlw	173
   678  0093  00A4               	movwf	??_main
   679  0094                     u537:
   680  0094  0BA4               	decfsz	??_main,f
   681  0095  2894               	goto	u537
   682  0096  0BA5               	decfsz	??_main+1,f
   683  0097  2894               	goto	u537
   684  0098  0BA6               	decfsz	??_main+2,f
   685  0099  2894               	goto	u537
   686  009A  2828               	goto	l1045
   687  009B  120A  118A  280C   	ljmp	start
   688  009E                     __end_of_main:
   689                           
   690                           	psect	text1
   691  0184                     __ptext1:	
   692 ;; *************** function _cfg_io *****************
   693 ;; Defined at:
   694 ;;		line 147 in file "mainp1.c"
   695 ;; Parameters:    Size  Location     Type
   696 ;;		None
   697 ;; Auto vars:     Size  Location     Type
   698 ;;		None
   699 ;; Return value:  Size  Location     Type
   700 ;;                  1    wreg      void 
   701 ;; Registers used:
   702 ;;		wreg, status,2, status,0, pclath, cstack
   703 ;; Tracked objects:
   704 ;;		On entry : 0/0
   705 ;;		On exit  : 0/0
   706 ;;		Unchanged: 0/0
   707 ;; Data sizes:     COMMON   BANK0   BANK1   BANK3   BANK2
   708 ;;      Params:         0       0       0       0       0
   709 ;;      Locals:         0       0       0       0       0
   710 ;;      Temps:          0       0       0       0       0
   711 ;;      Totals:         0       0       0       0       0
   712 ;;Total ram usage:        0 bytes
   713 ;; Hardware stack levels used:    1
   714 ;; Hardware stack levels required when called:    2
   715 ;; This function calls:
   716 ;;		_I2C_Slave_Init
   717 ;; This function is called by:
   718 ;;		_main
   719 ;; This function uses a non-reentrant model
   720 ;;
   721                           
   722                           
   723                           ;psect for function _cfg_io
   724  0184                     _cfg_io:
   725  0184                     l951:	
   726                           ;incstack = 0
   727                           ; Regs used in _cfg_io: [wreg+status,2+status,0+pclath+cstack]
   728                           
   729                           
   730                           ;mainp1.c: 148:     ANSEL = 0;
   731  0184  1683               	bsf	3,5	;RP0=1, select bank3
   732  0185  1703               	bsf	3,6	;RP1=1, select bank3
   733  0186  0188               	clrf	8	;volatile
   734                           
   735                           ;mainp1.c: 149:     ANSELH = 0;
   736  0187  0189               	clrf	9	;volatile
   737  0188                     l953:
   738                           
   739                           ;mainp1.c: 151:     TRISAbits.TRISA0 = 0;
   740  0188  1683               	bsf	3,5	;RP0=1, select bank1
   741  0189  1303               	bcf	3,6	;RP1=0, select bank1
   742  018A  1005               	bcf	5,0	;volatile
   743  018B                     l955:
   744                           
   745                           ;mainp1.c: 152:     TRISAbits.TRISA1 = 1;
   746  018B  1485               	bsf	5,1	;volatile
   747  018C                     l957:
   748                           
   749                           ;mainp1.c: 153:     TRISAbits.TRISA2 = 1;
   750  018C  1505               	bsf	5,2	;volatile
   751                           
   752                           ;mainp1.c: 154:     TRISB = 0;
   753  018D  0186               	clrf	6	;volatile
   754                           
   755                           ;mainp1.c: 155:     TRISD = 0;
   756  018E  0188               	clrf	8	;volatile
   757                           
   758                           ;mainp1.c: 156:     TRISB = 0;
   759  018F  0186               	clrf	6	;volatile
   760                           
   761                           ;mainp1.c: 158:     PORTB = 0;
   762  0190  1283               	bcf	3,5	;RP0=0, select bank0
   763  0191  1303               	bcf	3,6	;RP1=0, select bank0
   764  0192  0186               	clrf	6	;volatile
   765                           
   766                           ;mainp1.c: 159:     PORTD = 0;
   767  0193  0188               	clrf	8	;volatile
   768  0194                     l959:
   769                           
   770                           ;mainp1.c: 160:     I2C_Slave_Init(0x50);
   771  0194  3050               	movlw	80
   772  0195  120A  118A  216A  120A  118A  	fcall	_I2C_Slave_Init
   773  019A                     l103:
   774  019A  0008               	return
   775  019B                     __end_of_cfg_io:
   776                           
   777                           	psect	text2
   778  016A                     __ptext2:	
   779 ;; *************** function _I2C_Slave_Init *****************
   780 ;; Defined at:
   781 ;;		line 93 in file "I2C.c"
   782 ;; Parameters:    Size  Location     Type
   783 ;;  address         1    wreg     unsigned char 
   784 ;; Auto vars:     Size  Location     Type
   785 ;;  address         1    3[COMMON] unsigned char 
   786 ;; Return value:  Size  Location     Type
   787 ;;                  1    wreg      void 
   788 ;; Registers used:
   789 ;;		wreg
   790 ;; Tracked objects:
   791 ;;		On entry : 0/0
   792 ;;		On exit  : 0/0
   793 ;;		Unchanged: 0/0
   794 ;; Data sizes:     COMMON   BANK0   BANK1   BANK3   BANK2
   795 ;;      Params:         0       0       0       0       0
   796 ;;      Locals:         1       0       0       0       0
   797 ;;      Temps:          0       0       0       0       0
   798 ;;      Totals:         1       0       0       0       0
   799 ;;Total ram usage:        1 bytes
   800 ;; Hardware stack levels used:    1
   801 ;; Hardware stack levels required when called:    1
   802 ;; This function calls:
   803 ;;		Nothing
   804 ;; This function is called by:
   805 ;;		_cfg_io
   806 ;; This function uses a non-reentrant model
   807 ;;
   808                           
   809                           
   810                           ;psect for function _I2C_Slave_Init
   811  016A                     _I2C_Slave_Init:
   812                           
   813                           ;incstack = 0
   814                           ; Regs used in _I2C_Slave_Init: [wreg]
   815                           ;I2C_Slave_Init@address stored from wreg
   816  016A  00F3               	movwf	I2C_Slave_Init@address
   817  016B                     l937:
   818                           
   819                           ;I2C.c: 93: void I2C_Slave_Init(uint8_t address);I2C.c: 94: {;I2C.c: 95:     SSPADD = ad
      +                          dress;
   820  016B  0873               	movf	I2C_Slave_Init@address,w
   821  016C  1683               	bsf	3,5	;RP0=1, select bank1
   822  016D  1303               	bcf	3,6	;RP1=0, select bank1
   823  016E  0093               	movwf	19	;volatile
   824                           
   825                           ;I2C.c: 96:     SSPCON = 0x36;
   826  016F  3036               	movlw	54
   827  0170  1283               	bcf	3,5	;RP0=0, select bank0
   828  0171  1303               	bcf	3,6	;RP1=0, select bank0
   829  0172  0094               	movwf	20	;volatile
   830                           
   831                           ;I2C.c: 97:     SSPSTAT = 0x80;
   832  0173  3080               	movlw	128
   833  0174  1683               	bsf	3,5	;RP0=1, select bank1
   834  0175  1303               	bcf	3,6	;RP1=0, select bank1
   835  0176  0094               	movwf	20	;volatile
   836                           
   837                           ;I2C.c: 98:     SSPCON2 = 0x01;
   838  0177  3001               	movlw	1
   839  0178  0091               	movwf	17	;volatile
   840  0179                     l939:
   841                           
   842                           ;I2C.c: 99:     TRISC3 = 1;
   843  0179  1587               	bsf	7,3	;volatile
   844  017A                     l941:
   845                           
   846                           ;I2C.c: 100:     TRISC4 = 1;
   847  017A  1607               	bsf	7,4	;volatile
   848  017B                     l943:
   849                           
   850                           ;I2C.c: 101:     GIE = 1;
   851  017B  178B               	bsf	11,7	;volatile
   852  017C                     l945:
   853                           
   854                           ;I2C.c: 102:     PEIE = 1;
   855  017C  170B               	bsf	11,6	;volatile
   856  017D                     l947:
   857                           
   858                           ;I2C.c: 103:     SSPIF = 0;
   859  017D  1283               	bcf	3,5	;RP0=0, select bank0
   860  017E  1303               	bcf	3,6	;RP1=0, select bank0
   861  017F  118C               	bcf	12,3	;volatile
   862  0180                     l949:
   863                           
   864                           ;I2C.c: 104:     SSPIE = 1;
   865  0180  1683               	bsf	3,5	;RP0=1, select bank1
   866  0181  1303               	bcf	3,6	;RP1=0, select bank1
   867  0182  158C               	bsf	12,3	;volatile
   868  0183                     l161:
   869  0183  0008               	return
   870  0184                     __end_of_I2C_Slave_Init:
   871                           
   872                           	psect	text3
   873  019B                     __ptext3:	
   874 ;; *************** function _cfg_clk *****************
   875 ;; Defined at:
   876 ;;		line 162 in file "mainp1.c"
   877 ;; Parameters:    Size  Location     Type
   878 ;;		None
   879 ;; Auto vars:     Size  Location     Type
   880 ;;		None
   881 ;; Return value:  Size  Location     Type
   882 ;;                  1    wreg      void 
   883 ;; Registers used:
   884 ;;		wreg, status,2, status,0
   885 ;; Tracked objects:
   886 ;;		On entry : 0/0
   887 ;;		On exit  : 0/0
   888 ;;		Unchanged: 0/0
   889 ;; Data sizes:     COMMON   BANK0   BANK1   BANK3   BANK2
   890 ;;      Params:         0       0       0       0       0
   891 ;;      Locals:         0       0       0       0       0
   892 ;;      Temps:          0       0       0       0       0
   893 ;;      Totals:         0       0       0       0       0
   894 ;;Total ram usage:        0 bytes
   895 ;; Hardware stack levels used:    1
   896 ;; Hardware stack levels required when called:    1
   897 ;; This function calls:
   898 ;;		Nothing
   899 ;; This function is called by:
   900 ;;		_main
   901 ;; This function uses a non-reentrant model
   902 ;;
   903                           
   904                           
   905                           ;psect for function _cfg_clk
   906  019B                     _cfg_clk:
   907  019B                     l961:	
   908                           ;incstack = 0
   909                           ; Regs used in _cfg_clk: [wreg+status,2+status,0]
   910                           
   911                           
   912                           ;mainp1.c: 163:     OSCCONbits.IRCF = 0b111;
   913  019B  3070               	movlw	112
   914  019C  1683               	bsf	3,5	;RP0=1, select bank1
   915  019D  1303               	bcf	3,6	;RP1=0, select bank1
   916  019E  048F               	iorwf	15,f	;volatile
   917  019F                     l963:
   918                           
   919                           ;mainp1.c: 164:     OSCCONbits.SCS = 1;
   920  019F  140F               	bsf	15,0	;volatile
   921  01A0                     l106:
   922  01A0  0008               	return
   923  01A1                     __end_of_cfg_clk:
   924                           
   925                           	psect	text4
   926  009E                     __ptext4:	
   927 ;; *************** function ___awdiv *****************
   928 ;; Defined at:
   929 ;;		line 5 in file "C:\Program Files\Microchip\xc8\v2.31\pic\sources\c90\common\awdiv.c"
   930 ;; Parameters:    Size  Location     Type
   931 ;;  divisor         2    3[COMMON] int 
   932 ;;  dividend        2    5[COMMON] int 
   933 ;; Auto vars:     Size  Location     Type
   934 ;;  quotient        2    2[BANK0 ] int 
   935 ;;  sign            1    1[BANK0 ] unsigned char 
   936 ;;  counter         1    0[BANK0 ] unsigned char 
   937 ;; Return value:  Size  Location     Type
   938 ;;                  2    3[COMMON] int 
   939 ;; Registers used:
   940 ;;		wreg, status,2, status,0
   941 ;; Tracked objects:
   942 ;;		On entry : 0/0
   943 ;;		On exit  : 0/0
   944 ;;		Unchanged: 0/0
   945 ;; Data sizes:     COMMON   BANK0   BANK1   BANK3   BANK2
   946 ;;      Params:         4       0       0       0       0
   947 ;;      Locals:         0       4       0       0       0
   948 ;;      Temps:          1       0       0       0       0
   949 ;;      Totals:         5       4       0       0       0
   950 ;;Total ram usage:        9 bytes
   951 ;; Hardware stack levels used:    1
   952 ;; Hardware stack levels required when called:    1
   953 ;; This function calls:
   954 ;;		Nothing
   955 ;; This function is called by:
   956 ;;		_main
   957 ;; This function uses a non-reentrant model
   958 ;;
   959                           
   960                           
   961                           ;psect for function ___awdiv
   962  009E                     ___awdiv:
   963  009E                     l965:	
   964                           ;incstack = 0
   965                           ; Regs used in ___awdiv: [wreg+status,2+status,0]
   966                           
   967  009E  1283               	bcf	3,5	;RP0=0, select bank0
   968  009F  1303               	bcf	3,6	;RP1=0, select bank0
   969  00A0  01A1               	clrf	___awdiv@sign
   970  00A1                     l967:
   971  00A1  1FF4               	btfss	___awdiv@divisor+1,7
   972  00A2  28A4               	goto	u301
   973  00A3  28A5               	goto	u300
   974  00A4                     u301:
   975  00A4  28AC               	goto	l973
   976  00A5                     u300:
   977  00A5                     l969:
   978  00A5  09F3               	comf	___awdiv@divisor,f
   979  00A6  09F4               	comf	___awdiv@divisor+1,f
   980  00A7  0AF3               	incf	___awdiv@divisor,f
   981  00A8  1903               	skipnz
   982  00A9  0AF4               	incf	___awdiv@divisor+1,f
   983  00AA                     l971:
   984  00AA  01A1               	clrf	___awdiv@sign
   985  00AB  0AA1               	incf	___awdiv@sign,f
   986  00AC                     l973:
   987  00AC  1FF6               	btfss	___awdiv@dividend+1,7
   988  00AD  28AF               	goto	u311
   989  00AE  28B0               	goto	u310
   990  00AF                     u311:
   991  00AF  28B9               	goto	l979
   992  00B0                     u310:
   993  00B0                     l975:
   994  00B0  09F5               	comf	___awdiv@dividend,f
   995  00B1  09F6               	comf	___awdiv@dividend+1,f
   996  00B2  0AF5               	incf	___awdiv@dividend,f
   997  00B3  1903               	skipnz
   998  00B4  0AF6               	incf	___awdiv@dividend+1,f
   999  00B5                     l977:
  1000  00B5  3001               	movlw	1
  1001  00B6  00F7               	movwf	??___awdiv
  1002  00B7  0877               	movf	??___awdiv,w
  1003  00B8  06A1               	xorwf	___awdiv@sign,f
  1004  00B9                     l979:
  1005  00B9  01A2               	clrf	___awdiv@quotient
  1006  00BA  01A3               	clrf	___awdiv@quotient+1
  1007  00BB                     l981:
  1008  00BB  0873               	movf	___awdiv@divisor,w
  1009  00BC  0474               	iorwf	___awdiv@divisor+1,w
  1010  00BD  1903               	btfsc	3,2
  1011  00BE  28C0               	goto	u321
  1012  00BF  28C1               	goto	u320
  1013  00C0                     u321:
  1014  00C0  28F8               	goto	l1001
  1015  00C1                     u320:
  1016  00C1                     l983:
  1017  00C1  01A0               	clrf	___awdiv@counter
  1018  00C2  0AA0               	incf	___awdiv@counter,f
  1019  00C3  28CF               	goto	l989
  1020  00C4                     l985:
  1021  00C4  3001               	movlw	1
  1022  00C5                     u335:
  1023  00C5  1003               	clrc
  1024  00C6  0DF3               	rlf	___awdiv@divisor,f
  1025  00C7  0DF4               	rlf	___awdiv@divisor+1,f
  1026  00C8  3EFF               	addlw	-1
  1027  00C9  1D03               	skipz
  1028  00CA  28C5               	goto	u335
  1029  00CB                     l987:
  1030  00CB  3001               	movlw	1
  1031  00CC  00F7               	movwf	??___awdiv
  1032  00CD  0877               	movf	??___awdiv,w
  1033  00CE  07A0               	addwf	___awdiv@counter,f
  1034  00CF                     l989:
  1035  00CF  1FF4               	btfss	___awdiv@divisor+1,7
  1036  00D0  28D2               	goto	u341
  1037  00D1  28D3               	goto	u340
  1038  00D2                     u341:
  1039  00D2  28C4               	goto	l985
  1040  00D3                     u340:
  1041  00D3                     l991:
  1042  00D3  3001               	movlw	1
  1043  00D4                     u355:
  1044  00D4  1003               	clrc
  1045  00D5  0DA2               	rlf	___awdiv@quotient,f
  1046  00D6  0DA3               	rlf	___awdiv@quotient+1,f
  1047  00D7  3EFF               	addlw	-1
  1048  00D8  1D03               	skipz
  1049  00D9  28D4               	goto	u355
  1050  00DA  0874               	movf	___awdiv@divisor+1,w
  1051  00DB  0276               	subwf	___awdiv@dividend+1,w
  1052  00DC  1D03               	skipz
  1053  00DD  28E0               	goto	u365
  1054  00DE  0873               	movf	___awdiv@divisor,w
  1055  00DF  0275               	subwf	___awdiv@dividend,w
  1056  00E0                     u365:
  1057  00E0  1C03               	skipc
  1058  00E1  28E3               	goto	u361
  1059  00E2  28E4               	goto	u360
  1060  00E3                     u361:
  1061  00E3  28EB               	goto	l997
  1062  00E4                     u360:
  1063  00E4                     l993:
  1064  00E4  0873               	movf	___awdiv@divisor,w
  1065  00E5  02F5               	subwf	___awdiv@dividend,f
  1066  00E6  0874               	movf	___awdiv@divisor+1,w
  1067  00E7  1C03               	skipc
  1068  00E8  03F6               	decf	___awdiv@dividend+1,f
  1069  00E9  02F6               	subwf	___awdiv@dividend+1,f
  1070  00EA                     l995:
  1071  00EA  1422               	bsf	___awdiv@quotient,0
  1072  00EB                     l997:
  1073  00EB  3001               	movlw	1
  1074  00EC                     u375:
  1075  00EC  1003               	clrc
  1076  00ED  0CF4               	rrf	___awdiv@divisor+1,f
  1077  00EE  0CF3               	rrf	___awdiv@divisor,f
  1078  00EF  3EFF               	addlw	-1
  1079  00F0  1D03               	skipz
  1080  00F1  28EC               	goto	u375
  1081  00F2                     l999:
  1082  00F2  3001               	movlw	1
  1083  00F3  02A0               	subwf	___awdiv@counter,f
  1084  00F4  1D03               	btfss	3,2
  1085  00F5  28F7               	goto	u381
  1086  00F6  28F8               	goto	u380
  1087  00F7                     u381:
  1088  00F7  28D3               	goto	l991
  1089  00F8                     u380:
  1090  00F8                     l1001:
  1091  00F8  0821               	movf	___awdiv@sign,w
  1092  00F9  1903               	btfsc	3,2
  1093  00FA  28FC               	goto	u391
  1094  00FB  28FD               	goto	u390
  1095  00FC                     u391:
  1096  00FC  2902               	goto	l1005
  1097  00FD                     u390:
  1098  00FD                     l1003:
  1099  00FD  09A2               	comf	___awdiv@quotient,f
  1100  00FE  09A3               	comf	___awdiv@quotient+1,f
  1101  00FF  0AA2               	incf	___awdiv@quotient,f
  1102  0100  1903               	skipnz
  1103  0101  0AA3               	incf	___awdiv@quotient+1,f
  1104  0102                     l1005:
  1105  0102  0823               	movf	___awdiv@quotient+1,w
  1106  0103  00F4               	movwf	?___awdiv+1
  1107  0104  0822               	movf	___awdiv@quotient,w
  1108  0105  00F3               	movwf	?___awdiv
  1109  0106                     l400:
  1110  0106  0008               	return
  1111  0107                     __end_of___awdiv:
  1112                           
  1113                           	psect	text5
  1114  0107                     __ptext5:	
  1115 ;; *************** function _isr *****************
  1116 ;; Defined at:
  1117 ;;		line 61 in file "mainp1.c"
  1118 ;; Parameters:    Size  Location     Type
  1119 ;;		None
  1120 ;; Auto vars:     Size  Location     Type
  1121 ;;		None
  1122 ;; Return value:  Size  Location     Type
  1123 ;;                  1    wreg      void 
  1124 ;; Registers used:
  1125 ;;		wreg
  1126 ;; Tracked objects:
  1127 ;;		On entry : 0/0
  1128 ;;		On exit  : 0/0
  1129 ;;		Unchanged: 0/0
  1130 ;; Data sizes:     COMMON   BANK0   BANK1   BANK3   BANK2
  1131 ;;      Params:         0       0       0       0       0
  1132 ;;      Locals:         0       0       0       0       0
  1133 ;;      Temps:          3       0       0       0       0
  1134 ;;      Totals:         3       0       0       0       0
  1135 ;;Total ram usage:        3 bytes
  1136 ;; Hardware stack levels used:    1
  1137 ;; This function calls:
  1138 ;;		Nothing
  1139 ;; This function is called by:
  1140 ;;		Interrupt level 1
  1141 ;; This function uses a non-reentrant model
  1142 ;;
  1143                           
  1144                           
  1145                           ;psect for function _isr
  1146  0107                     _isr:
  1147  0107                     i1l829:
  1148                           
  1149                           ;mainp1.c: 62:    if(PIR1bits.SSPIF == 1){
  1150  0107  1283               	bcf	3,5	;RP0=0, select bank0
  1151  0108  1303               	bcf	3,6	;RP1=0, select bank0
  1152  0109  1D8C               	btfss	12,3	;volatile
  1153  010A  290C               	goto	u13_21
  1154  010B  290D               	goto	u13_20
  1155  010C                     u13_21:
  1156  010C  2963               	goto	i1l82
  1157  010D                     u13_20:
  1158  010D                     i1l831:
  1159                           
  1160                           ;mainp1.c: 64:         SSPCONbits.CKP = 0;
  1161  010D  1214               	bcf	20,4	;volatile
  1162                           
  1163                           ;mainp1.c: 66:         if ((SSPCONbits.SSPOV) || (SSPCONbits.WCOL)){
  1164  010E  1B14               	btfsc	20,6	;volatile
  1165  010F  2911               	goto	u14_21
  1166  0110  2912               	goto	u14_20
  1167  0111                     u14_21:
  1168  0111  2916               	goto	i1l835
  1169  0112                     u14_20:
  1170  0112                     i1l833:
  1171  0112  1F94               	btfss	20,7	;volatile
  1172  0113  2915               	goto	u15_21
  1173  0114  2916               	goto	u15_20
  1174  0115                     u15_21:
  1175  0115  291D               	goto	i1l843
  1176  0116                     u15_20:
  1177  0116                     i1l835:
  1178                           
  1179                           ;mainp1.c: 67:             z = SSPBUF;
  1180  0116  0813               	movf	19,w	;volatile
  1181  0117  00F0               	movwf	??_isr
  1182  0118  0870               	movf	??_isr,w
  1183  0119  00F8               	movwf	_z
  1184  011A                     i1l837:
  1185                           
  1186                           ;mainp1.c: 68:             SSPCONbits.SSPOV = 0;
  1187  011A  1314               	bcf	20,6	;volatile
  1188  011B                     i1l839:
  1189                           
  1190                           ;mainp1.c: 69:             SSPCONbits.WCOL = 0;
  1191  011B  1394               	bcf	20,7	;volatile
  1192  011C                     i1l841:
  1193                           
  1194                           ;mainp1.c: 70:             SSPCONbits.CKP = 1;
  1195  011C  1614               	bsf	20,4	;volatile
  1196  011D                     i1l843:
  1197                           
  1198                           ;mainp1.c: 73:         if(!SSPSTATbits.D_nA && !SSPSTATbits.R_nW) {
  1199  011D  1683               	bsf	3,5	;RP0=1, select bank1
  1200  011E  1303               	bcf	3,6	;RP1=0, select bank1
  1201  011F  1A94               	btfsc	20,5	;volatile
  1202  0120  2922               	goto	u16_21
  1203  0121  2923               	goto	u16_20
  1204  0122                     u16_21:
  1205  0122  293F               	goto	i1l73
  1206  0123                     u16_20:
  1207  0123                     i1l845:
  1208  0123  1914               	btfsc	20,2	;volatile
  1209  0124  2926               	goto	u17_21
  1210  0125  2927               	goto	u17_20
  1211  0126                     u17_21:
  1212  0126  293F               	goto	i1l73
  1213  0127                     u17_20:
  1214  0127                     i1l847:
  1215                           
  1216                           ;mainp1.c: 75:             z = SSPBUF;
  1217  0127  1283               	bcf	3,5	;RP0=0, select bank0
  1218  0128  1303               	bcf	3,6	;RP1=0, select bank0
  1219  0129  0813               	movf	19,w	;volatile
  1220  012A  00F0               	movwf	??_isr
  1221  012B  0870               	movf	??_isr,w
  1222  012C  00F8               	movwf	_z
  1223  012D                     i1l849:
  1224                           
  1225                           ;mainp1.c: 77:             PIR1bits.SSPIF = 0;
  1226  012D  118C               	bcf	12,3	;volatile
  1227  012E                     i1l851:
  1228                           
  1229                           ;mainp1.c: 78:             SSPCONbits.CKP = 1;
  1230  012E  1614               	bsf	20,4	;volatile
  1231  012F                     i1l74:	
  1232                           ;mainp1.c: 79:             while(!SSPSTATbits.BF);
  1233                           
  1234  012F  1683               	bsf	3,5	;RP0=1, select bank1
  1235  0130  1303               	bcf	3,6	;RP1=0, select bank1
  1236  0131  1C14               	btfss	20,0	;volatile
  1237  0132  2934               	goto	u18_21
  1238  0133  2935               	goto	u18_20
  1239  0134                     u18_21:
  1240  0134  292F               	goto	i1l74
  1241  0135                     u18_20:
  1242  0135                     i1l853:
  1243                           
  1244                           ;mainp1.c: 80:             PORTD = SSPBUF;
  1245  0135  1283               	bcf	3,5	;RP0=0, select bank0
  1246  0136  1303               	bcf	3,6	;RP1=0, select bank0
  1247  0137  0813               	movf	19,w	;volatile
  1248  0138  0088               	movwf	8	;volatile
  1249                           
  1250                           ;mainp1.c: 81:             _delay((unsigned long)((250)*(8000000/4000000.0)));
  1251  0139  30A6               	movlw	166
  1252  013A  00F0               	movwf	??_isr
  1253  013B                     u54_27:
  1254  013B  0BF0               	decfsz	??_isr,f
  1255  013C  293B               	goto	u54_27
  1256  013D  0000               	nop
  1257                           
  1258                           ;mainp1.c: 83:         }else if(!SSPSTATbits.D_nA && SSPSTATbits.R_nW){
  1259  013E  2960               	goto	i1l77
  1260  013F                     i1l73:
  1261  013F  1A94               	btfsc	20,5	;volatile
  1262  0140  2942               	goto	u19_21
  1263  0141  2943               	goto	u19_20
  1264  0142                     u19_21:
  1265  0142  2960               	goto	i1l77
  1266  0143                     u19_20:
  1267  0143                     i1l855:
  1268  0143  1D14               	btfss	20,2	;volatile
  1269  0144  2946               	goto	u20_21
  1270  0145  2947               	goto	u20_20
  1271  0146                     u20_21:
  1272  0146  2960               	goto	i1l77
  1273  0147                     u20_20:
  1274  0147                     i1l857:
  1275                           
  1276                           ;mainp1.c: 84:             z = SSPBUF;
  1277  0147  1283               	bcf	3,5	;RP0=0, select bank0
  1278  0148  1303               	bcf	3,6	;RP1=0, select bank0
  1279  0149  0813               	movf	19,w	;volatile
  1280  014A  00F0               	movwf	??_isr
  1281  014B  0870               	movf	??_isr,w
  1282  014C  00F8               	movwf	_z
  1283  014D                     i1l859:
  1284                           
  1285                           ;mainp1.c: 85:             BF = 0;
  1286  014D  1683               	bsf	3,5	;RP0=1, select bank1
  1287  014E  1303               	bcf	3,6	;RP1=0, select bank1
  1288  014F  1014               	bcf	20,0	;volatile
  1289                           
  1290                           ;mainp1.c: 86:             SSPBUF = PORTB;
  1291  0150  1283               	bcf	3,5	;RP0=0, select bank0
  1292  0151  1303               	bcf	3,6	;RP1=0, select bank0
  1293  0152  0806               	movf	6,w	;volatile
  1294  0153  0093               	movwf	19	;volatile
  1295  0154                     i1l861:
  1296                           
  1297                           ;mainp1.c: 87:             SSPCONbits.CKP = 1;
  1298  0154  1614               	bsf	20,4	;volatile
  1299                           
  1300                           ;mainp1.c: 88:             _delay((unsigned long)((250)*(8000000/4000000.0)));
  1301  0155  30A6               	movlw	166
  1302  0156  00F0               	movwf	??_isr
  1303  0157                     u55_27:
  1304  0157  0BF0               	decfsz	??_isr,f
  1305  0158  2957               	goto	u55_27
  1306  0159  0000               	nop
  1307  015A                     i1l79:	
  1308                           ;mainp1.c: 89:             while(SSPSTATbits.BF);
  1309                           
  1310  015A  1683               	bsf	3,5	;RP0=1, select bank1
  1311  015B  1303               	bcf	3,6	;RP1=0, select bank1
  1312  015C  1814               	btfsc	20,0	;volatile
  1313  015D  295F               	goto	u21_21
  1314  015E  2960               	goto	u21_20
  1315  015F                     u21_21:
  1316  015F  295A               	goto	i1l79
  1317  0160                     u21_20:
  1318  0160                     i1l77:
  1319                           
  1320                           ;mainp1.c: 92:         PIR1bits.SSPIF = 0;
  1321  0160  1283               	bcf	3,5	;RP0=0, select bank0
  1322  0161  1303               	bcf	3,6	;RP1=0, select bank0
  1323  0162  118C               	bcf	12,3	;volatile
  1324  0163                     i1l82:
  1325  0163  0872               	movf	??_isr+2,w
  1326  0164  008A               	movwf	10
  1327  0165  0E71               	swapf	??_isr+1,w
  1328  0166  0083               	movwf	3
  1329  0167  0EFE               	swapf	btemp,f
  1330  0168  0E7E               	swapf	btemp,w
  1331  0169  0009               	retfie
  1332  016A                     __end_of_isr:
  1333  007E                     btemp	set	126	;btemp
  1334  007E                     wtemp0	set	126
  1335                           
  1336                           	psect	intentry
  1337  0004                     __pintentry:	
  1338                           ;incstack = 0
  1339                           ; Regs used in _isr: [wreg]
  1340                           
  1341  0004                     interrupt_function:
  1342  007E                     saved_w	set	btemp
  1343  0004  00FE               	movwf	btemp
  1344  0005  0E03               	swapf	3,w
  1345  0006  00F1               	movwf	??_isr+1
  1346  0007  080A               	movf	10,w
  1347  0008  00F2               	movwf	??_isr+2
  1348  0009  120A  118A  2907   	ljmp	_isr
  1349                           
  1350                           	psect	config
  1351                           
  1352                           ;Config register CONFIG1 @ 0x2007
  1353                           ;	Oscillator Selection bits
  1354                           ;	FOSC = INTRC_NOCLKOUT, INTOSCIO oscillator: I/O function on RA6/OSC2/CLKOUT pin, I/O f
      +                          unction on RA7/OSC1/CLKIN
  1355                           ;	Watchdog Timer Enable bit
  1356                           ;	WDTE = OFF, WDT disabled and can be enabled by SWDTEN bit of the WDTCON register
  1357                           ;	Power-up Timer Enable bit
  1358                           ;	PWRTE = OFF, PWRT disabled
  1359                           ;	RE3/MCLR pin function select bit
  1360                           ;	MCLRE = OFF, RE3/MCLR pin function is digital input, MCLR internally tied to VDD
  1361                           ;	Code Protection bit
  1362                           ;	CP = OFF, Program memory code protection is disabled
  1363                           ;	Data Code Protection bit
  1364                           ;	CPD = OFF, Data memory code protection is disabled
  1365                           ;	Brown Out Reset Selection bits
  1366                           ;	BOREN = OFF, BOR disabled
  1367                           ;	Internal External Switchover bit
  1368                           ;	IESO = OFF, Internal/External Switchover mode is disabled
  1369                           ;	Fail-Safe Clock Monitor Enabled bit
  1370                           ;	FCMEN = OFF, Fail-Safe Clock Monitor is disabled
  1371                           ;	Low Voltage Programming Enable bit
  1372                           ;	LVP = OFF, RB3 pin has digital I/O, HV on MCLR must be used for programming
  1373                           ;	In-Circuit Debugger Mode bit
  1374                           ;	DEBUG = 0x1, unprogrammed default
  1375  2007                     	org	8199
  1376  2007  20D4               	dw	8404
  1377                           
  1378                           ;Config register CONFIG2 @ 0x2008
  1379                           ;	Brown-out Reset Selection bit
  1380                           ;	BOR4V = BOR40V, Brown-out Reset set to 4.0V
  1381                           ;	Flash Program Memory Self Write Enable bits
  1382                           ;	WRT = OFF, Write protection off
  1383  2008                     	org	8200
  1384  2008  3FFF               	dw	16383

Data Sizes:
    Strings     0
    Constant    0
    Data        0
    BSS         9
    Persistent  0
    Stack       0

Auto Spaces:
    Space          Size  Autos    Used
    COMMON           14      8      11
    BANK0            80      7      13
    BANK1            80      0       0
    BANK3            96      0       0
    BANK2            96      0       0

Pointer List with Targets:

    None.

Critical Paths under _main in COMMON

    _main->___awdiv
    _cfg_io->_I2C_Slave_Init

Critical Paths under _isr in COMMON

    None.

Critical Paths under _main in BANK0

    _main->___awdiv

Critical Paths under _isr in BANK0

    None.

Critical Paths under _main in BANK1

    None.

Critical Paths under _isr in BANK1

    None.

Critical Paths under _main in BANK3

    None.

Critical Paths under _isr in BANK3

    None.

Critical Paths under _main in BANK2

    None.

Critical Paths under _isr in BANK2

    None.

Call Graph Tables:

 ---------------------------------------------------------------------------------
 (Depth) Function   	        Calls       Base Space   Used Autos Params    Refs
 ---------------------------------------------------------------------------------
 (0) _main                                                 3     3      0     474
                                              4 BANK0      3     3      0
                            ___awdiv
                            _cfg_clk
                             _cfg_io
 ---------------------------------------------------------------------------------
 (1) _cfg_io                                               0     0      0      22
                     _I2C_Slave_Init
 ---------------------------------------------------------------------------------
 (2) _I2C_Slave_Init                                       1     1      0      22
                                              3 COMMON     1     1      0
 ---------------------------------------------------------------------------------
 (1) _cfg_clk                                              0     0      0       0
 ---------------------------------------------------------------------------------
 (1) ___awdiv                                              9     5      4     452
                                              3 COMMON     5     1      4
                                              0 BANK0      4     4      0
 ---------------------------------------------------------------------------------
 Estimated maximum stack depth 2
 ---------------------------------------------------------------------------------
 (Depth) Function   	        Calls       Base Space   Used Autos Params    Refs
 ---------------------------------------------------------------------------------
 (3) _isr                                                  3     3      0       0
                                              0 COMMON     3     3      0
 ---------------------------------------------------------------------------------
 Estimated maximum stack depth 3
 ---------------------------------------------------------------------------------

 Call Graph Graphs:

 _main (ROOT)
   ___awdiv
   _cfg_clk
   _cfg_io
     _I2C_Slave_Init

 _isr (ROOT)

 Address spaces:
Name               Size   Autos  Total    Cost      Usage
BITCOMMON            E      0       0       0        0.0%
EEDATA             100      0       0       0        0.0%
NULL                 0      0       0       0        0.0%
CODE                 0      0       0       0        0.0%
COMMON               E      8       B       1       78.6%
BITSFR0              0      0       0       1        0.0%
SFR0                 0      0       0       1        0.0%
BITSFR1              0      0       0       2        0.0%
SFR1                 0      0       0       2        0.0%
STACK                0      0       0       2        0.0%
ABS                  0      0      18       3        0.0%
BITBANK0            50      0       0       4        0.0%
BITSFR3              0      0       0       4        0.0%
SFR3                 0      0       0       4        0.0%
BANK0               50      7       D       5       16.2%
BITSFR2              0      0       0       5        0.0%
SFR2                 0      0       0       5        0.0%
BITBANK1            50      0       0       6        0.0%
BANK1               50      0       0       7        0.0%
BITBANK3            60      0       0       8        0.0%
BANK3               60      0       0       9        0.0%
BITBANK2            60      0       0      10        0.0%
BANK2               60      0       0      11        0.0%
DATA                 0      0      18      12        0.0%


Microchip Technology PIC Macro Assembler V2.31 build 20201012212115 
Symbol Table                                                                                   Sun Aug 29 02:41:28 2021

                      _D 0027                        _V 0029                        _z 0078  
            _SSPSTATbits 0094                       _BF 04A0                       l90 003B  
                     l91 003C                       l93 0040                       l95 007D  
                     l96 0086                       l88 0037                       _i0 007A  
                     _i1 0079             ___awdiv@sign 0021                       _tt 002B  
                    l103 019A                      l106 01A0                      l400 0106  
                    l161 0183                      l941 017A                      l943 017B  
                    l951 0184                      l961 019B                      l945 017C  
                    l937 016B                      l953 0188                      l971 00AA  
                    l963 019F                      l947 017D                      l939 0179  
                    l955 018B                      l981 00BB                      l973 00AC  
                    l965 009E                      l949 0180                      l957 018C  
                    l991 00D3                      l983 00C1                      l975 00B0  
                    l967 00A1                      l959 0194                      l993 00E4  
                    l985 00C4                      l977 00B5                      l969 00A5  
                    l995 00EA                      l987 00CB                      l979 00B9  
                    _GIE 005F                      l997 00EB                      l989 00CF  
                    l999 00F2                      _RA0 0028                      _RA1 0029  
                    _RA2 002A                      _RB0 0030                      _RB1 0031  
                    u300 00A5                      u301 00A4                      u310 00B0  
                    u311 00AF                      u320 00C1                      u321 00C0  
                    u340 00D3                      u500 0083                      u341 00D2  
                    u501 0082                      u510 008A                      u335 00C5  
                    u511 0089                      u360 00E4                      u361 00E3  
                    u355 00D4                      u380 00F8                      u460 003B  
                    u381 00F7                      u365 00E0                      u461 003A  
                    u390 00FD                      u470 0040                      u391 00FC  
                    u375 00EC                      u471 003F                      u527 0031  
                    u480 0065                      u537 0094                      u481 0064  
                    u490 0078                      u491 0077                      u485 0061  
                    u495 0074                      _isr 0107                     l1001 00F8  
                   l1003 00FD                     l1005 0102                     l1051 002D  
                   l1043 001E                     l1061 0065                     l1053 0034  
                   l1045 0028                     l1071 008A                     l1063 0068  
                   l1055 0041                     l1047 002B                     l1073 008B  
                   l1065 0069                     l1057 0045                     l1049 002C  
                   l1075 008C                     l1067 0078                     l1059 0058  
                   l1069 0083                     ?_isr 0070                     _PEIE 005E  
                   i1l73 013F                     i1l74 012F                     i1l82 0163  
                   i1l77 0160                     i1l79 015A                     _main 001E  
                   _port 002C                     btemp 007E                     start 000C  
                  ??_isr 0070                    ?_main 0070          __end_of___awdiv 0107  
                  _ANSEL 0188          ___awdiv@divisor 0073                    i1l831 010D  
                  i1l841 011C                    i1l833 0112                    i1l851 012E  
                  i1l843 011D                    i1l835 0116                    i1l861 0154  
                  i1l853 0135                    i1l845 0123                    i1l837 011A  
                  i1l829 0107                    i1l855 0143                    i1l847 0127  
                  i1l839 011B                    i1l857 0147                    i1l849 012D  
                  i1l859 014D          ___awdiv@counter 0020                    u20_20 0147  
                  u20_21 0146                    u21_20 0160                    u13_20 010D  
                  u21_21 015F                    u13_21 010C                    u14_20 0112  
                  u14_21 0111                    u15_20 0116                    u15_21 0115  
                  u16_20 0123                    u16_21 0122                    u17_20 0127  
                  u17_21 0126                    _TMR1H 000F                    _TMR1L 000E  
                  u18_20 0135                    u18_21 0134                    u19_20 0143  
                  u19_21 0142                    _PORTB 0006                    _PORTD 0008  
        __end_of_cfg_clk 01A1                    u54_27 013B                    u55_27 0157  
                  _TRISB 0086                    _TRISD 0088                    _SSPIE 0463  
                  _SSPIF 0063                    pclath 000A                    status 0003  
                  wtemp0 007E          __initialization 000F             __end_of_main 009E  
                 ??_main 0024         ___awdiv@dividend 0075                   _ANSELH 0189  
                 _TMR1ON 0080                   _SSPADD 0093                   _TRISC3 043B  
                 _TRISC4 043C                   _SSPBUF 0013                   _SSPCON 0014  
              ??___awdiv 0077                   _cfg_io 0184                ??_cfg_clk 0073  
       ___awdiv@quotient 0022                   saved_w 007E  __end_of__initialization 001A  
         __pcstackCOMMON 0070  __size_of_I2C_Slave_Init 001A    I2C_Slave_Init@address 0073  
             __pbssBANK0 0027               __pmaintext 001E                  ?_cfg_io 0070  
             __pintentry 0004                  _SSPCON2 0091                  _SSPSTAT 0094  
                ___awdiv 009E          __size_of_cfg_io 0017                  _cfg_clk 019B  
                __ptext1 0184                  __ptext2 016A                  __ptext3 019B  
                __ptext4 009E                  __ptext5 0107             __size_of_isr 0063  
   end_of_initialization 001A           _I2C_Slave_Init 016A                _TRISAbits 0085  
              _TRISCbits 0087   __end_of_I2C_Slave_Init 0184           __end_of_cfg_io 019B  
    start_initialization 000F              __end_of_isr 016A          ?_I2C_Slave_Init 0070  
               ??_cfg_io 0074              __pbssCOMMON 0078                ___latbits 0002  
          __pcstackBANK0 0020                 ?___awdiv 0073                 ?_cfg_clk 0070  
      interrupt_function 0004                 _PIR1bits 000C         __size_of___awdiv 0069  
       __size_of_cfg_clk 0006         ??_I2C_Slave_Init 0073            __size_of_main 0080  
               intlevel1 0000               _OSCCONbits 008F              _SSPCON2bits 0091  
             _SSPCONbits 0014  
