

Microchip MPLAB XC8 Assembler V2.31 build 20201012212115 
                                                                                               Sun Aug 29 14:40:26 2021

Microchip MPLAB XC8 C Compiler v2.31 (Free license) build 20201012212115 Og1 
     1                           	processor	16F887
     2                           	pagewidth 120
     3                           	opt	flic
     4                           	psect	cinit,global,class=CODE,merge=1,delta=2
     5                           	psect	bssCOMMON,global,class=COMMON,space=1,delta=1,noexec
     6                           	psect	bssBANK0,global,class=BANK0,space=1,delta=1,noexec
     7                           	psect	cstackCOMMON,global,class=COMMON,space=1,delta=1,noexec
     8                           	psect	cstackBANK0,global,class=BANK0,space=1,delta=1,noexec
     9                           	psect	maintext,global,class=CODE,split=1,delta=2
    10                           	psect	text1,local,class=CODE,merge=1,delta=2
    11                           	psect	text2,local,class=CODE,merge=1,delta=2
    12                           	psect	text3,local,class=CODE,merge=1,delta=2
    13                           	psect	text4,local,class=CODE,merge=1,delta=2,group=1
    14                           	psect	text5,local,class=CODE,merge=1,delta=2
    15                           	psect	intentry,global,class=CODE,delta=2
    16                           	psect	config,global,abs,ovrld,class=CONFIG,space=4,delta=2,noexec
    17                           	dabs	1,0x7E,2
    18  0000                     
    19                           ; Version 2.20
    20                           ; Generated 12/02/2020 GMT
    21                           ; 
    22                           ; Copyright © 2020, Microchip Technology Inc. and its subsidiaries ("Microchip")
    23                           ; All rights reserved.
    24                           ; 
    25                           ; This software is developed by Microchip Technology Inc. and its subsidiaries ("Microch
      +                          ip").
    26                           ; 
    27                           ; Redistribution and use in source and binary forms, with or without modification, are
    28                           ; permitted provided that the following conditions are met:
    29                           ; 
    30                           ;     1. Redistributions of source code must retain the above copyright notice, this lis
      +                          t of
    31                           ;        conditions and the following disclaimer.
    32                           ; 
    33                           ;     2. Redistributions in binary form must reproduce the above copyright notice, this 
      +                          list
    34                           ;        of conditions and the following disclaimer in the documentation and/or other
    35                           ;        materials provided with the distribution.
    36                           ; 
    37                           ;     3. Microchip's name may not be used to endorse or promote products derived from th
      +                          is
    38                           ;        software without specific prior written permission.
    39                           ; 
    40                           ; THIS SOFTWARE IS PROVIDED BY MICROCHIP "AS IS" AND ANY EXPRESS OR IMPLIED WARRANTIES,
    41                           ; INCLUDING, BUT NOT LIMITED TO, THE IMPLIED WARRANTIES OF MERCHANTABILITY AND FITNESS F
      +                          OR
    42                           ; PURPOSE ARE DISCLAIMED.  IN NO EVENT SHALL MICROCHIP BE LIABLE FOR ANY DIRECT, INDIREC
      +                          T,
    43                           ; INCIDENTAL, SPECIAL, EXEMPLARY, OR CONSEQUENTIAL DAMAGES (INCLUDING BUT NOT LIMITED TO
    44                           ; PROCUREMENT OF SUBSTITUTE GOODS OR SERVICES; LOSS OF USE, DATA OR PROFITS; OR BUSINESS
    45                           ; INTERRUPTION) HOWSOEVER CAUSED AND ON ANY THEORY OF LIABILITY, WHETHER IN CONTRACT, ST
      +                          RICT
    46                           ; LIABILITY, OR TORT (INCLUDING NEGLIGENCE OR OTHERWISE) ARISING IN ANY WAY OUT OF THE U
      +                          SE OF
    47                           ; THIS SOFTWARE, EVEN IF ADVISED OF THE POSSIBILITY OF SUCH DAMAGE.
    48                           ; 
    49                           ; 
    50                           ; Code-generator required, PIC16F887 Definitions
    51                           ; 
    52                           ; SFR Addresses
    53  0000                     	;# 
    54  0001                     	;# 
    55  0002                     	;# 
    56  0003                     	;# 
    57  0004                     	;# 
    58  0005                     	;# 
    59  0006                     	;# 
    60  0007                     	;# 
    61  0008                     	;# 
    62  0009                     	;# 
    63  000A                     	;# 
    64  000B                     	;# 
    65  000C                     	;# 
    66  000D                     	;# 
    67  000E                     	;# 
    68  000E                     	;# 
    69  000F                     	;# 
    70  0010                     	;# 
    71  0011                     	;# 
    72  0012                     	;# 
    73  0013                     	;# 
    74  0014                     	;# 
    75  0015                     	;# 
    76  0015                     	;# 
    77  0016                     	;# 
    78  0017                     	;# 
    79  0018                     	;# 
    80  0019                     	;# 
    81  001A                     	;# 
    82  001B                     	;# 
    83  001B                     	;# 
    84  001C                     	;# 
    85  001D                     	;# 
    86  001E                     	;# 
    87  001F                     	;# 
    88  0081                     	;# 
    89  0085                     	;# 
    90  0086                     	;# 
    91  0087                     	;# 
    92  0088                     	;# 
    93  0089                     	;# 
    94  008C                     	;# 
    95  008D                     	;# 
    96  008E                     	;# 
    97  008F                     	;# 
    98  0090                     	;# 
    99  0091                     	;# 
   100  0092                     	;# 
   101  0093                     	;# 
   102  0093                     	;# 
   103  0093                     	;# 
   104  0094                     	;# 
   105  0095                     	;# 
   106  0096                     	;# 
   107  0097                     	;# 
   108  0098                     	;# 
   109  0099                     	;# 
   110  009A                     	;# 
   111  009B                     	;# 
   112  009C                     	;# 
   113  009D                     	;# 
   114  009E                     	;# 
   115  009F                     	;# 
   116  0105                     	;# 
   117  0107                     	;# 
   118  0108                     	;# 
   119  0109                     	;# 
   120  010C                     	;# 
   121  010C                     	;# 
   122  010D                     	;# 
   123  010E                     	;# 
   124  010F                     	;# 
   125  0185                     	;# 
   126  0187                     	;# 
   127  0188                     	;# 
   128  0189                     	;# 
   129  018C                     	;# 
   130  018D                     	;# 
   131  0000                     	;# 
   132  0001                     	;# 
   133  0002                     	;# 
   134  0003                     	;# 
   135  0004                     	;# 
   136  0005                     	;# 
   137  0006                     	;# 
   138  0007                     	;# 
   139  0008                     	;# 
   140  0009                     	;# 
   141  000A                     	;# 
   142  000B                     	;# 
   143  000C                     	;# 
   144  000D                     	;# 
   145  000E                     	;# 
   146  000E                     	;# 
   147  000F                     	;# 
   148  0010                     	;# 
   149  0011                     	;# 
   150  0012                     	;# 
   151  0013                     	;# 
   152  0014                     	;# 
   153  0015                     	;# 
   154  0015                     	;# 
   155  0016                     	;# 
   156  0017                     	;# 
   157  0018                     	;# 
   158  0019                     	;# 
   159  001A                     	;# 
   160  001B                     	;# 
   161  001B                     	;# 
   162  001C                     	;# 
   163  001D                     	;# 
   164  001E                     	;# 
   165  001F                     	;# 
   166  0081                     	;# 
   167  0085                     	;# 
   168  0086                     	;# 
   169  0087                     	;# 
   170  0088                     	;# 
   171  0089                     	;# 
   172  008C                     	;# 
   173  008D                     	;# 
   174  008E                     	;# 
   175  008F                     	;# 
   176  0090                     	;# 
   177  0091                     	;# 
   178  0092                     	;# 
   179  0093                     	;# 
   180  0093                     	;# 
   181  0093                     	;# 
   182  0094                     	;# 
   183  0095                     	;# 
   184  0096                     	;# 
   185  0097                     	;# 
   186  0098                     	;# 
   187  0099                     	;# 
   188  009A                     	;# 
   189  009B                     	;# 
   190  009C                     	;# 
   191  009D                     	;# 
   192  009E                     	;# 
   193  009F                     	;# 
   194  0105                     	;# 
   195  0107                     	;# 
   196  0108                     	;# 
   197  0109                     	;# 
   198  010C                     	;# 
   199  010C                     	;# 
   200  010D                     	;# 
   201  010E                     	;# 
   202  010F                     	;# 
   203  0185                     	;# 
   204  0187                     	;# 
   205  0188                     	;# 
   206  0189                     	;# 
   207  018C                     	;# 
   208  018D                     	;# 
   209  0000                     	;# 
   210  0001                     	;# 
   211  0002                     	;# 
   212  0003                     	;# 
   213  0004                     	;# 
   214  0005                     	;# 
   215  0006                     	;# 
   216  0007                     	;# 
   217  0008                     	;# 
   218  0009                     	;# 
   219  000A                     	;# 
   220  000B                     	;# 
   221  000C                     	;# 
   222  000D                     	;# 
   223  000E                     	;# 
   224  000E                     	;# 
   225  000F                     	;# 
   226  0010                     	;# 
   227  0011                     	;# 
   228  0012                     	;# 
   229  0013                     	;# 
   230  0014                     	;# 
   231  0015                     	;# 
   232  0015                     	;# 
   233  0016                     	;# 
   234  0017                     	;# 
   235  0018                     	;# 
   236  0019                     	;# 
   237  001A                     	;# 
   238  001B                     	;# 
   239  001B                     	;# 
   240  001C                     	;# 
   241  001D                     	;# 
   242  001E                     	;# 
   243  001F                     	;# 
   244  0081                     	;# 
   245  0085                     	;# 
   246  0086                     	;# 
   247  0087                     	;# 
   248  0088                     	;# 
   249  0089                     	;# 
   250  008C                     	;# 
   251  008D                     	;# 
   252  008E                     	;# 
   253  008F                     	;# 
   254  0090                     	;# 
   255  0091                     	;# 
   256  0092                     	;# 
   257  0093                     	;# 
   258  0093                     	;# 
   259  0093                     	;# 
   260  0094                     	;# 
   261  0095                     	;# 
   262  0096                     	;# 
   263  0097                     	;# 
   264  0098                     	;# 
   265  0099                     	;# 
   266  009A                     	;# 
   267  009B                     	;# 
   268  009C                     	;# 
   269  009D                     	;# 
   270  009E                     	;# 
   271  009F                     	;# 
   272  0105                     	;# 
   273  0107                     	;# 
   274  0108                     	;# 
   275  0109                     	;# 
   276  010C                     	;# 
   277  010C                     	;# 
   278  010D                     	;# 
   279  010E                     	;# 
   280  010F                     	;# 
   281  0185                     	;# 
   282  0187                     	;# 
   283  0188                     	;# 
   284  0189                     	;# 
   285  018C                     	;# 
   286  018D                     	;# 
   287  0006                     _PORTBbits	set	6
   288  0005                     _PORTAbits	set	5
   289  000E                     _TMR1L	set	14
   290  000F                     _TMR1H	set	15
   291  0006                     _PORTB	set	6
   292  0008                     _PORTD	set	8
   293  0014                     _SSPCONbits	set	20
   294  000C                     _PIR1bits	set	12
   295  0013                     _SSPBUF	set	19
   296  0014                     _SSPCON	set	20
   297  0080                     _TMR1ON	set	128
   298  0063                     _SSPIF	set	99
   299  005E                     _PEIE	set	94
   300  005F                     _GIE	set	95
   301  008F                     _OSCCONbits	set	143
   302  0088                     _TRISD	set	136
   303  0086                     _TRISB	set	134
   304  0085                     _TRISAbits	set	133
   305  0094                     _SSPSTATbits	set	148
   306  0091                     _SSPCON2bits	set	145
   307  0087                     _TRISCbits	set	135
   308  0094                     _SSPSTAT	set	148
   309  0093                     _SSPADD	set	147
   310  0091                     _SSPCON2	set	145
   311  04A0                     _BF	set	1184
   312  0463                     _SSPIE	set	1123
   313  043C                     _TRISC4	set	1084
   314  043B                     _TRISC3	set	1083
   315  0189                     _ANSELH	set	393
   316  0188                     _ANSEL	set	392
   317                           
   318                           	psect	cinit
   319  000F                     start_initialization:	
   320                           ; #config settings
   321                           
   322  000F                     __initialization:
   323                           
   324                           ; Clear objects allocated to COMMON
   325  000F  01F8               	clrf	__pbssCOMMON& (0+127)
   326  0010  01F9               	clrf	(__pbssCOMMON+1)& (0+127)
   327  0011  01FA               	clrf	(__pbssCOMMON+2)& (0+127)
   328                           
   329                           ; Clear objects allocated to BANK0
   330  0012  1283               	bcf	3,5	;RP0=0, select bank0
   331  0013  1303               	bcf	3,6	;RP1=0, select bank0
   332  0014  01A6               	clrf	__pbssBANK0& (0+127)
   333  0015  01A7               	clrf	(__pbssBANK0+1)& (0+127)
   334  0016  01A8               	clrf	(__pbssBANK0+2)& (0+127)
   335  0017  01A9               	clrf	(__pbssBANK0+3)& (0+127)
   336  0018                     end_of_initialization:	
   337                           ;End of C runtime variable initialization code
   338                           
   339  0018                     __end_of__initialization:
   340  0018  0183               	clrf	3
   341  0019  120A  118A  281C   	ljmp	_main	;jump to C main() function
   342                           
   343                           	psect	bssCOMMON
   344  0078                     __pbssCOMMON:
   345  0078                     _i1:
   346  0078                     	ds	1
   347  0079                     _i0:
   348  0079                     	ds	1
   349  007A                     _z:
   350  007A                     	ds	1
   351                           
   352                           	psect	bssBANK0
   353  0026                     __pbssBANK0:
   354  0026                     _D:
   355  0026                     	ds	2
   356  0028                     _V:
   357  0028                     	ds	2
   358                           
   359                           	psect	cstackCOMMON
   360  0070                     __pcstackCOMMON:
   361  0070                     ?_setup:
   362  0070                     ?_cfg_clk:	
   363                           ; 1 bytes @ 0x0
   364                           
   365  0070                     ?_I2C_Slave_Init:	
   366                           ; 1 bytes @ 0x0
   367                           
   368  0070                     ?_isr:	
   369                           ; 1 bytes @ 0x0
   370                           
   371  0070                     ??_isr:	
   372                           ; 1 bytes @ 0x0
   373                           
   374  0070                     ?_main:	
   375                           ; 1 bytes @ 0x0
   376                           
   377                           
   378                           ; 1 bytes @ 0x0
   379  0070                     	ds	3
   380  0073                     ??_cfg_clk:
   381  0073                     ??_I2C_Slave_Init:	
   382                           ; 1 bytes @ 0x3
   383                           
   384  0073                     ?___awdiv:	
   385                           ; 1 bytes @ 0x3
   386                           
   387  0073                     I2C_Slave_Init@address:	
   388                           ; 2 bytes @ 0x3
   389                           
   390  0073                     ___awdiv@divisor:	
   391                           ; 1 bytes @ 0x3
   392                           
   393                           
   394                           ; 2 bytes @ 0x3
   395  0073                     	ds	1
   396  0074                     ??_setup:
   397                           
   398                           ; 1 bytes @ 0x4
   399  0074                     	ds	1
   400  0075                     ___awdiv@dividend:
   401                           
   402                           ; 2 bytes @ 0x5
   403  0075                     	ds	2
   404  0077                     ??___awdiv:
   405                           
   406                           ; 1 bytes @ 0x7
   407  0077                     	ds	1
   408                           
   409                           	psect	cstackBANK0
   410  0020                     __pcstackBANK0:
   411  0020                     ___awdiv@counter:
   412                           
   413                           ; 1 bytes @ 0x0
   414  0020                     	ds	1
   415  0021                     ___awdiv@sign:
   416                           
   417                           ; 1 bytes @ 0x1
   418  0021                     	ds	1
   419  0022                     ___awdiv@quotient:
   420                           
   421                           ; 2 bytes @ 0x2
   422  0022                     	ds	2
   423  0024                     ??_main:
   424                           
   425                           ; 1 bytes @ 0x4
   426  0024                     	ds	2
   427                           
   428                           	psect	maintext
   429  001C                     __pmaintext:	
   430 ;;
   431 ;;Main: autosize = 0, tempsize = 2, incstack = 0, save=0
   432 ;;
   433 ;; *************** function _main *****************
   434 ;; Defined at:
   435 ;;		line 94 in file "esclavo.c"
   436 ;; Parameters:    Size  Location     Type
   437 ;;		None
   438 ;; Auto vars:     Size  Location     Type
   439 ;;		None
   440 ;; Return value:  Size  Location     Type
   441 ;;                  1    wreg      void 
   442 ;; Registers used:
   443 ;;		wreg, status,2, status,0, btemp+1, pclath, cstack
   444 ;; Tracked objects:
   445 ;;		On entry : B00/0
   446 ;;		On exit  : 0/0
   447 ;;		Unchanged: 0/0
   448 ;; Data sizes:     COMMON   BANK0   BANK1   BANK3   BANK2
   449 ;;      Params:         0       0       0       0       0
   450 ;;      Locals:         0       0       0       0       0
   451 ;;      Temps:          0       2       0       0       0
   452 ;;      Totals:         0       2       0       0       0
   453 ;;Total ram usage:        2 bytes
   454 ;; Hardware stack levels required when called:    3
   455 ;; This function calls:
   456 ;;		___awdiv
   457 ;;		_cfg_clk
   458 ;;		_setup
   459 ;; This function is called by:
   460 ;;		Startup code after reset
   461 ;; This function uses a non-reentrant model
   462 ;;
   463                           
   464                           
   465                           ;psect for function _main
   466  001C                     _main:
   467  001C                     l1033:	
   468                           ;incstack = 0
   469                           ; Regs used in _main: [wreg+status,2+status,0+btemp+1+pclath+cstack]
   470                           
   471                           
   472                           ;esclavo.c: 95:     setup();
   473  001C  120A  118A  217C  120A  118A  	fcall	_setup
   474                           
   475                           ;esclavo.c: 96:     cfg_clk();
   476  0021  120A  118A  2192  120A  118A  	fcall	_cfg_clk
   477  0026                     l1035:
   478                           
   479                           ;esclavo.c: 103:         TMR1H = 0;
   480  0026  1283               	bcf	3,5	;RP0=0, select bank0
   481  0027  1303               	bcf	3,6	;RP1=0, select bank0
   482  0028  018F               	clrf	15	;volatile
   483  0029                     l1037:
   484                           
   485                           ;esclavo.c: 104:         TMR1L = 0;
   486  0029  018E               	clrf	14	;volatile
   487  002A                     l1039:
   488                           
   489                           ;esclavo.c: 106:         PORTAbits.RA0 = 1;
   490  002A  1405               	bsf	5,0	;volatile
   491  002B                     l1041:
   492                           
   493                           ;esclavo.c: 107:         _delay((unsigned long)((10)*(4000000/4000000.0)));
   494  002B  3002               	movlw	2
   495  002C  1283               	bcf	3,5	;RP0=0, select bank0
   496  002D  1303               	bcf	3,6	;RP1=0, select bank0
   497  002E  00A4               	movwf	??_main
   498  002F                     u527:
   499  002F  0BA4               	decfsz	??_main,f
   500  0030  282F               	goto	u527
   501  0031  0000               	nop
   502  0032                     l1043:
   503                           
   504                           ;esclavo.c: 108:         PORTAbits.RA0 = 0;
   505  0032  1283               	bcf	3,5	;RP0=0, select bank0
   506  0033  1303               	bcf	3,6	;RP1=0, select bank0
   507  0034  1005               	bcf	5,0	;volatile
   508  0035                     l133:	
   509                           ;esclavo.c: 111:         while(!PORTAbits.RA1);
   510                           
   511  0035  1C85               	btfss	5,1	;volatile
   512  0036  2838               	goto	u461
   513  0037  2839               	goto	u460
   514  0038                     u461:
   515  0038  2835               	goto	l133
   516  0039                     u460:
   517  0039                     l135:
   518                           
   519                           ;esclavo.c: 112:         TMR1ON = 1;
   520  0039  1410               	bsf	16,0	;volatile
   521  003A                     l136:	
   522                           ;esclavo.c: 113:         while(PORTAbits.RA1);
   523                           
   524  003A  1885               	btfsc	5,1	;volatile
   525  003B  283D               	goto	u471
   526  003C  283E               	goto	u470
   527  003D                     u471:
   528  003D  283A               	goto	l136
   529  003E                     u470:
   530  003E                     l138:
   531                           
   532                           ;esclavo.c: 114:         TMR1ON = 0;
   533  003E  1010               	bcf	16,0	;volatile
   534  003F                     l1045:
   535                           
   536                           ;esclavo.c: 116:         V = (TMR1L | (TMR1H<<8));
   537  003F  080F               	movf	15,w	;volatile
   538  0040  00A9               	movwf	_V+1
   539  0041  080E               	movf	14,w	;volatile
   540  0042  00A8               	movwf	_V
   541  0043                     l1047:
   542                           
   543                           ;esclavo.c: 117:         D = V/58;
   544  0043  303A               	movlw	58
   545  0044  00F3               	movwf	___awdiv@divisor
   546  0045  3000               	movlw	0
   547  0046  00F4               	movwf	___awdiv@divisor+1
   548  0047  0829               	movf	_V+1,w
   549  0048  00F6               	movwf	___awdiv@dividend+1
   550  0049  0828               	movf	_V,w
   551  004A  00F5               	movwf	___awdiv@dividend
   552  004B  120A  118A  2098  120A  118A  	fcall	___awdiv
   553  0050  0874               	movf	?___awdiv+1,w
   554  0051  1283               	bcf	3,5	;RP0=0, select bank0
   555  0052  1303               	bcf	3,6	;RP1=0, select bank0
   556  0053  00A7               	movwf	_D+1
   557  0054  0873               	movf	?___awdiv,w
   558  0055  00A6               	movwf	_D
   559  0056                     l1049:
   560                           
   561                           ;esclavo.c: 119:         if(D >= 20){
   562  0056  0827               	movf	_D+1,w
   563  0057  3A80               	xorlw	128
   564  0058  00FF               	movwf	btemp+1
   565  0059  3080               	movlw	128
   566  005A  027F               	subwf	btemp+1,w
   567  005B  1D03               	skipz
   568  005C  285F               	goto	u485
   569  005D  3014               	movlw	20
   570  005E  0226               	subwf	_D,w
   571  005F                     u485:
   572  005F  1C03               	skipc
   573  0060  2862               	goto	u481
   574  0061  2863               	goto	u480
   575  0062                     u481:
   576  0062  2867               	goto	l1055
   577  0063                     u480:
   578  0063                     l1051:
   579                           
   580                           ;esclavo.c: 120:             PORTBbits.RB0 = 0;
   581  0063  1283               	bcf	3,5	;RP0=0, select bank0
   582  0064  1303               	bcf	3,6	;RP1=0, select bank0
   583  0065  1006               	bcf	6,0	;volatile
   584  0066                     l1053:
   585                           
   586                           ;esclavo.c: 121:             i1 = 0;
   587  0066  01F8               	clrf	_i1
   588  0067                     l1055:
   589                           
   590                           ;esclavo.c: 123:         if(D < 20){
   591  0067  1283               	bcf	3,5	;RP0=0, select bank0
   592  0068  1303               	bcf	3,6	;RP1=0, select bank0
   593  0069  0827               	movf	_D+1,w
   594  006A  3A80               	xorlw	128
   595  006B  00FF               	movwf	btemp+1
   596  006C  3080               	movlw	128
   597  006D  027F               	subwf	btemp+1,w
   598  006E  1D03               	skipz
   599  006F  2872               	goto	u495
   600  0070  3014               	movlw	20
   601  0071  0226               	subwf	_D,w
   602  0072                     u495:
   603  0072  1803               	skipnc
   604  0073  2875               	goto	u491
   605  0074  2876               	goto	u490
   606  0075                     u491:
   607  0075  287B               	goto	l140
   608  0076                     u490:
   609  0076                     l1057:
   610                           
   611                           ;esclavo.c: 124:             PORTBbits.RB0 = 1;
   612  0076  1283               	bcf	3,5	;RP0=0, select bank0
   613  0077  1303               	bcf	3,6	;RP1=0, select bank0
   614  0078  1406               	bsf	6,0	;volatile
   615                           
   616                           ;esclavo.c: 125:             i1 = 1;
   617  0079  01F8               	clrf	_i1
   618  007A  0AF8               	incf	_i1,f
   619  007B                     l140:	
   620                           ;esclavo.c: 126:         }
   621                           
   622                           
   623                           ;esclavo.c: 127:         if(PORTAbits.RA2 == 1){
   624  007B  1283               	bcf	3,5	;RP0=0, select bank0
   625  007C  1303               	bcf	3,6	;RP1=0, select bank0
   626  007D  1D05               	btfss	5,2	;volatile
   627  007E  2880               	goto	u501
   628  007F  2881               	goto	u500
   629  0080                     u501:
   630  0080  2884               	goto	l141
   631  0081                     u500:
   632  0081                     l1059:
   633                           
   634                           ;esclavo.c: 128:             PORTBbits.RB1 = 1;
   635  0081  1486               	bsf	6,1	;volatile
   636                           
   637                           ;esclavo.c: 129:             i0 = 1;
   638  0082  01F9               	clrf	_i0
   639  0083  0AF9               	incf	_i0,f
   640  0084                     l141:	
   641                           ;esclavo.c: 130:         }
   642                           
   643                           
   644                           ;esclavo.c: 131:         if(PORTAbits.RA2 == 0){
   645  0084  1905               	btfsc	5,2	;volatile
   646  0085  2887               	goto	u511
   647  0086  2888               	goto	u510
   648  0087                     u511:
   649  0087  288A               	goto	l1065
   650  0088                     u510:
   651  0088                     l1061:
   652                           
   653                           ;esclavo.c: 132:             PORTBbits.RB1 = 0;
   654  0088  1086               	bcf	6,1	;volatile
   655  0089                     l1063:
   656                           
   657                           ;esclavo.c: 133:             i0 = 0;
   658  0089  01F9               	clrf	_i0
   659  008A                     l1065:
   660                           
   661                           ;esclavo.c: 135:        _delay((unsigned long)((100)*(4000000/4000.0)));
   662  008A  3082               	movlw	130
   663  008B  1283               	bcf	3,5	;RP0=0, select bank0
   664  008C  1303               	bcf	3,6	;RP1=0, select bank0
   665  008D  00A5               	movwf	??_main+1
   666  008E  30DD               	movlw	221
   667  008F  00A4               	movwf	??_main
   668  0090                     u537:
   669  0090  0BA4               	decfsz	??_main,f
   670  0091  2890               	goto	u537
   671  0092  0BA5               	decfsz	??_main+1,f
   672  0093  2890               	goto	u537
   673  0094  2826               	goto	l1035
   674  0095  120A  118A  280C   	ljmp	start
   675  0098                     __end_of_main:
   676                           
   677                           	psect	text1
   678  017C                     __ptext1:	
   679 ;; *************** function _setup *****************
   680 ;; Defined at:
   681 ;;		line 142 in file "esclavo.c"
   682 ;; Parameters:    Size  Location     Type
   683 ;;		None
   684 ;; Auto vars:     Size  Location     Type
   685 ;;		None
   686 ;; Return value:  Size  Location     Type
   687 ;;                  1    wreg      void 
   688 ;; Registers used:
   689 ;;		wreg, status,2, status,0, pclath, cstack
   690 ;; Tracked objects:
   691 ;;		On entry : 0/0
   692 ;;		On exit  : 0/0
   693 ;;		Unchanged: 0/0
   694 ;; Data sizes:     COMMON   BANK0   BANK1   BANK3   BANK2
   695 ;;      Params:         0       0       0       0       0
   696 ;;      Locals:         0       0       0       0       0
   697 ;;      Temps:          0       0       0       0       0
   698 ;;      Totals:         0       0       0       0       0
   699 ;;Total ram usage:        0 bytes
   700 ;; Hardware stack levels used:    1
   701 ;; Hardware stack levels required when called:    2
   702 ;; This function calls:
   703 ;;		_I2C_Slave_Init
   704 ;; This function is called by:
   705 ;;		_main
   706 ;; This function uses a non-reentrant model
   707 ;;
   708                           
   709                           
   710                           ;psect for function _setup
   711  017C                     _setup:
   712  017C                     l941:	
   713                           ;incstack = 0
   714                           ; Regs used in _setup: [wreg+status,2+status,0+pclath+cstack]
   715                           
   716                           
   717                           ;esclavo.c: 143:     ANSEL = 0;
   718  017C  1683               	bsf	3,5	;RP0=1, select bank3
   719  017D  1703               	bsf	3,6	;RP1=1, select bank3
   720  017E  0188               	clrf	8	;volatile
   721                           
   722                           ;esclavo.c: 144:     ANSELH = 0;
   723  017F  0189               	clrf	9	;volatile
   724  0180                     l943:
   725                           
   726                           ;esclavo.c: 146:     TRISAbits.TRISA0 = 0;
   727  0180  1683               	bsf	3,5	;RP0=1, select bank1
   728  0181  1303               	bcf	3,6	;RP1=0, select bank1
   729  0182  1005               	bcf	5,0	;volatile
   730  0183                     l945:
   731                           
   732                           ;esclavo.c: 147:     TRISAbits.TRISA1 = 1;
   733  0183  1485               	bsf	5,1	;volatile
   734  0184                     l947:
   735                           
   736                           ;esclavo.c: 148:     TRISAbits.TRISA2 = 1;
   737  0184  1505               	bsf	5,2	;volatile
   738                           
   739                           ;esclavo.c: 149:     TRISB = 0;
   740  0185  0186               	clrf	6	;volatile
   741                           
   742                           ;esclavo.c: 150:     TRISD = 0;
   743  0186  0188               	clrf	8	;volatile
   744                           
   745                           ;esclavo.c: 152:     PORTB = 0;
   746  0187  1283               	bcf	3,5	;RP0=0, select bank0
   747  0188  1303               	bcf	3,6	;RP1=0, select bank0
   748  0189  0186               	clrf	6	;volatile
   749                           
   750                           ;esclavo.c: 153:     PORTD = 0;
   751  018A  0188               	clrf	8	;volatile
   752  018B                     l949:
   753                           
   754                           ;esclavo.c: 154:     I2C_Slave_Init(0x50);
   755  018B  3050               	movlw	80
   756  018C  120A  118A  2162  120A  118A  	fcall	_I2C_Slave_Init
   757  0191                     l148:
   758  0191  0008               	return
   759  0192                     __end_of_setup:
   760                           
   761                           	psect	text2
   762  0162                     __ptext2:	
   763 ;; *************** function _I2C_Slave_Init *****************
   764 ;; Defined at:
   765 ;;		line 93 in file "I2C.c"
   766 ;; Parameters:    Size  Location     Type
   767 ;;  address         1    wreg     unsigned char 
   768 ;; Auto vars:     Size  Location     Type
   769 ;;  address         1    3[COMMON] unsigned char 
   770 ;; Return value:  Size  Location     Type
   771 ;;                  1    wreg      void 
   772 ;; Registers used:
   773 ;;		wreg
   774 ;; Tracked objects:
   775 ;;		On entry : 0/0
   776 ;;		On exit  : 0/0
   777 ;;		Unchanged: 0/0
   778 ;; Data sizes:     COMMON   BANK0   BANK1   BANK3   BANK2
   779 ;;      Params:         0       0       0       0       0
   780 ;;      Locals:         1       0       0       0       0
   781 ;;      Temps:          0       0       0       0       0
   782 ;;      Totals:         1       0       0       0       0
   783 ;;Total ram usage:        1 bytes
   784 ;; Hardware stack levels used:    1
   785 ;; Hardware stack levels required when called:    1
   786 ;; This function calls:
   787 ;;		Nothing
   788 ;; This function is called by:
   789 ;;		_setup
   790 ;; This function uses a non-reentrant model
   791 ;;
   792                           
   793                           
   794                           ;psect for function _I2C_Slave_Init
   795  0162                     _I2C_Slave_Init:
   796                           
   797                           ;incstack = 0
   798                           ; Regs used in _I2C_Slave_Init: [wreg]
   799                           ;I2C_Slave_Init@address stored from wreg
   800  0162  00F3               	movwf	I2C_Slave_Init@address
   801  0163                     l927:
   802                           
   803                           ;I2C.c: 93: void I2C_Slave_Init(uint8_t address);I2C.c: 94: {;I2C.c: 95:     SSPADD = ad
      +                          dress;
   804  0163  0873               	movf	I2C_Slave_Init@address,w
   805  0164  1683               	bsf	3,5	;RP0=1, select bank1
   806  0165  1303               	bcf	3,6	;RP1=0, select bank1
   807  0166  0093               	movwf	19	;volatile
   808                           
   809                           ;I2C.c: 96:     SSPCON = 0x36;
   810  0167  3036               	movlw	54
   811  0168  1283               	bcf	3,5	;RP0=0, select bank0
   812  0169  1303               	bcf	3,6	;RP1=0, select bank0
   813  016A  0094               	movwf	20	;volatile
   814                           
   815                           ;I2C.c: 97:     SSPSTAT = 0x80;
   816  016B  3080               	movlw	128
   817  016C  1683               	bsf	3,5	;RP0=1, select bank1
   818  016D  1303               	bcf	3,6	;RP1=0, select bank1
   819  016E  0094               	movwf	20	;volatile
   820                           
   821                           ;I2C.c: 98:     SSPCON2 = 0x01;
   822  016F  3001               	movlw	1
   823  0170  0091               	movwf	17	;volatile
   824  0171                     l929:
   825                           
   826                           ;I2C.c: 99:     TRISC3 = 1;
   827  0171  1587               	bsf	7,3	;volatile
   828  0172                     l931:
   829                           
   830                           ;I2C.c: 100:     TRISC4 = 1;
   831  0172  1607               	bsf	7,4	;volatile
   832  0173                     l933:
   833                           
   834                           ;I2C.c: 101:     GIE = 1;
   835  0173  178B               	bsf	11,7	;volatile
   836  0174                     l935:
   837                           
   838                           ;I2C.c: 102:     PEIE = 1;
   839  0174  170B               	bsf	11,6	;volatile
   840  0175                     l937:
   841                           
   842                           ;I2C.c: 103:     SSPIF = 0;
   843  0175  1283               	bcf	3,5	;RP0=0, select bank0
   844  0176  1303               	bcf	3,6	;RP1=0, select bank0
   845  0177  118C               	bcf	12,3	;volatile
   846  0178                     l939:
   847                           
   848                           ;I2C.c: 104:     SSPIE = 1;
   849  0178  1683               	bsf	3,5	;RP0=1, select bank1
   850  0179  1303               	bcf	3,6	;RP1=0, select bank1
   851  017A  158C               	bsf	12,3	;volatile
   852  017B                     l55:
   853  017B  0008               	return
   854  017C                     __end_of_I2C_Slave_Init:
   855                           
   856                           	psect	text3
   857  0192                     __ptext3:	
   858 ;; *************** function _cfg_clk *****************
   859 ;; Defined at:
   860 ;;		line 156 in file "esclavo.c"
   861 ;; Parameters:    Size  Location     Type
   862 ;;		None
   863 ;; Auto vars:     Size  Location     Type
   864 ;;		None
   865 ;; Return value:  Size  Location     Type
   866 ;;                  1    wreg      void 
   867 ;; Registers used:
   868 ;;		wreg, status,2, status,0
   869 ;; Tracked objects:
   870 ;;		On entry : 0/0
   871 ;;		On exit  : 0/0
   872 ;;		Unchanged: 0/0
   873 ;; Data sizes:     COMMON   BANK0   BANK1   BANK3   BANK2
   874 ;;      Params:         0       0       0       0       0
   875 ;;      Locals:         0       0       0       0       0
   876 ;;      Temps:          0       0       0       0       0
   877 ;;      Totals:         0       0       0       0       0
   878 ;;Total ram usage:        0 bytes
   879 ;; Hardware stack levels used:    1
   880 ;; Hardware stack levels required when called:    1
   881 ;; This function calls:
   882 ;;		Nothing
   883 ;; This function is called by:
   884 ;;		_main
   885 ;; This function uses a non-reentrant model
   886 ;;
   887                           
   888                           
   889                           ;psect for function _cfg_clk
   890  0192                     _cfg_clk:
   891  0192                     l951:	
   892                           ;incstack = 0
   893                           ; Regs used in _cfg_clk: [wreg+status,2+status,0]
   894                           
   895                           
   896                           ;esclavo.c: 157:     OSCCONbits.IRCF = 0b110;
   897  0192  1683               	bsf	3,5	;RP0=1, select bank1
   898  0193  1303               	bcf	3,6	;RP1=0, select bank1
   899  0194  080F               	movf	15,w	;volatile
   900  0195  398F               	andlw	-113
   901  0196  3860               	iorlw	96
   902  0197  008F               	movwf	15	;volatile
   903  0198                     l953:
   904                           
   905                           ;esclavo.c: 158:     OSCCONbits.SCS = 1;
   906  0198  140F               	bsf	15,0	;volatile
   907  0199                     l151:
   908  0199  0008               	return
   909  019A                     __end_of_cfg_clk:
   910                           
   911                           	psect	text4
   912  0098                     __ptext4:	
   913 ;; *************** function ___awdiv *****************
   914 ;; Defined at:
   915 ;;		line 5 in file "C:\Program Files\Microchip\xc8\v2.31\pic\sources\c90\common\awdiv.c"
   916 ;; Parameters:    Size  Location     Type
   917 ;;  divisor         2    3[COMMON] int 
   918 ;;  dividend        2    5[COMMON] int 
   919 ;; Auto vars:     Size  Location     Type
   920 ;;  quotient        2    2[BANK0 ] int 
   921 ;;  sign            1    1[BANK0 ] unsigned char 
   922 ;;  counter         1    0[BANK0 ] unsigned char 
   923 ;; Return value:  Size  Location     Type
   924 ;;                  2    3[COMMON] int 
   925 ;; Registers used:
   926 ;;		wreg, status,2, status,0
   927 ;; Tracked objects:
   928 ;;		On entry : 0/0
   929 ;;		On exit  : 0/0
   930 ;;		Unchanged: 0/0
   931 ;; Data sizes:     COMMON   BANK0   BANK1   BANK3   BANK2
   932 ;;      Params:         4       0       0       0       0
   933 ;;      Locals:         0       4       0       0       0
   934 ;;      Temps:          1       0       0       0       0
   935 ;;      Totals:         5       4       0       0       0
   936 ;;Total ram usage:        9 bytes
   937 ;; Hardware stack levels used:    1
   938 ;; Hardware stack levels required when called:    1
   939 ;; This function calls:
   940 ;;		Nothing
   941 ;; This function is called by:
   942 ;;		_main
   943 ;; This function uses a non-reentrant model
   944 ;;
   945                           
   946                           
   947                           ;psect for function ___awdiv
   948  0098                     ___awdiv:
   949  0098                     l955:	
   950                           ;incstack = 0
   951                           ; Regs used in ___awdiv: [wreg+status,2+status,0]
   952                           
   953  0098  1283               	bcf	3,5	;RP0=0, select bank0
   954  0099  1303               	bcf	3,6	;RP1=0, select bank0
   955  009A  01A1               	clrf	___awdiv@sign
   956  009B                     l957:
   957  009B  1FF4               	btfss	___awdiv@divisor+1,7
   958  009C  289E               	goto	u301
   959  009D  289F               	goto	u300
   960  009E                     u301:
   961  009E  28A6               	goto	l963
   962  009F                     u300:
   963  009F                     l959:
   964  009F  09F3               	comf	___awdiv@divisor,f
   965  00A0  09F4               	comf	___awdiv@divisor+1,f
   966  00A1  0AF3               	incf	___awdiv@divisor,f
   967  00A2  1903               	skipnz
   968  00A3  0AF4               	incf	___awdiv@divisor+1,f
   969  00A4                     l961:
   970  00A4  01A1               	clrf	___awdiv@sign
   971  00A5  0AA1               	incf	___awdiv@sign,f
   972  00A6                     l963:
   973  00A6  1FF6               	btfss	___awdiv@dividend+1,7
   974  00A7  28A9               	goto	u311
   975  00A8  28AA               	goto	u310
   976  00A9                     u311:
   977  00A9  28B3               	goto	l969
   978  00AA                     u310:
   979  00AA                     l965:
   980  00AA  09F5               	comf	___awdiv@dividend,f
   981  00AB  09F6               	comf	___awdiv@dividend+1,f
   982  00AC  0AF5               	incf	___awdiv@dividend,f
   983  00AD  1903               	skipnz
   984  00AE  0AF6               	incf	___awdiv@dividend+1,f
   985  00AF                     l967:
   986  00AF  3001               	movlw	1
   987  00B0  00F7               	movwf	??___awdiv
   988  00B1  0877               	movf	??___awdiv,w
   989  00B2  06A1               	xorwf	___awdiv@sign,f
   990  00B3                     l969:
   991  00B3  01A2               	clrf	___awdiv@quotient
   992  00B4  01A3               	clrf	___awdiv@quotient+1
   993  00B5                     l971:
   994  00B5  0873               	movf	___awdiv@divisor,w
   995  00B6  0474               	iorwf	___awdiv@divisor+1,w
   996  00B7  1903               	btfsc	3,2
   997  00B8  28BA               	goto	u321
   998  00B9  28BB               	goto	u320
   999  00BA                     u321:
  1000  00BA  28F2               	goto	l991
  1001  00BB                     u320:
  1002  00BB                     l973:
  1003  00BB  01A0               	clrf	___awdiv@counter
  1004  00BC  0AA0               	incf	___awdiv@counter,f
  1005  00BD  28C9               	goto	l979
  1006  00BE                     l975:
  1007  00BE  3001               	movlw	1
  1008  00BF                     u335:
  1009  00BF  1003               	clrc
  1010  00C0  0DF3               	rlf	___awdiv@divisor,f
  1011  00C1  0DF4               	rlf	___awdiv@divisor+1,f
  1012  00C2  3EFF               	addlw	-1
  1013  00C3  1D03               	skipz
  1014  00C4  28BF               	goto	u335
  1015  00C5                     l977:
  1016  00C5  3001               	movlw	1
  1017  00C6  00F7               	movwf	??___awdiv
  1018  00C7  0877               	movf	??___awdiv,w
  1019  00C8  07A0               	addwf	___awdiv@counter,f
  1020  00C9                     l979:
  1021  00C9  1FF4               	btfss	___awdiv@divisor+1,7
  1022  00CA  28CC               	goto	u341
  1023  00CB  28CD               	goto	u340
  1024  00CC                     u341:
  1025  00CC  28BE               	goto	l975
  1026  00CD                     u340:
  1027  00CD                     l981:
  1028  00CD  3001               	movlw	1
  1029  00CE                     u355:
  1030  00CE  1003               	clrc
  1031  00CF  0DA2               	rlf	___awdiv@quotient,f
  1032  00D0  0DA3               	rlf	___awdiv@quotient+1,f
  1033  00D1  3EFF               	addlw	-1
  1034  00D2  1D03               	skipz
  1035  00D3  28CE               	goto	u355
  1036  00D4  0874               	movf	___awdiv@divisor+1,w
  1037  00D5  0276               	subwf	___awdiv@dividend+1,w
  1038  00D6  1D03               	skipz
  1039  00D7  28DA               	goto	u365
  1040  00D8  0873               	movf	___awdiv@divisor,w
  1041  00D9  0275               	subwf	___awdiv@dividend,w
  1042  00DA                     u365:
  1043  00DA  1C03               	skipc
  1044  00DB  28DD               	goto	u361
  1045  00DC  28DE               	goto	u360
  1046  00DD                     u361:
  1047  00DD  28E5               	goto	l987
  1048  00DE                     u360:
  1049  00DE                     l983:
  1050  00DE  0873               	movf	___awdiv@divisor,w
  1051  00DF  02F5               	subwf	___awdiv@dividend,f
  1052  00E0  0874               	movf	___awdiv@divisor+1,w
  1053  00E1  1C03               	skipc
  1054  00E2  03F6               	decf	___awdiv@dividend+1,f
  1055  00E3  02F6               	subwf	___awdiv@dividend+1,f
  1056  00E4                     l985:
  1057  00E4  1422               	bsf	___awdiv@quotient,0
  1058  00E5                     l987:
  1059  00E5  3001               	movlw	1
  1060  00E6                     u375:
  1061  00E6  1003               	clrc
  1062  00E7  0CF4               	rrf	___awdiv@divisor+1,f
  1063  00E8  0CF3               	rrf	___awdiv@divisor,f
  1064  00E9  3EFF               	addlw	-1
  1065  00EA  1D03               	skipz
  1066  00EB  28E6               	goto	u375
  1067  00EC                     l989:
  1068  00EC  3001               	movlw	1
  1069  00ED  02A0               	subwf	___awdiv@counter,f
  1070  00EE  1D03               	btfss	3,2
  1071  00EF  28F1               	goto	u381
  1072  00F0  28F2               	goto	u380
  1073  00F1                     u381:
  1074  00F1  28CD               	goto	l981
  1075  00F2                     u380:
  1076  00F2                     l991:
  1077  00F2  0821               	movf	___awdiv@sign,w
  1078  00F3  1903               	btfsc	3,2
  1079  00F4  28F6               	goto	u391
  1080  00F5  28F7               	goto	u390
  1081  00F6                     u391:
  1082  00F6  28FC               	goto	l995
  1083  00F7                     u390:
  1084  00F7                     l993:
  1085  00F7  09A2               	comf	___awdiv@quotient,f
  1086  00F8  09A3               	comf	___awdiv@quotient+1,f
  1087  00F9  0AA2               	incf	___awdiv@quotient,f
  1088  00FA  1903               	skipnz
  1089  00FB  0AA3               	incf	___awdiv@quotient+1,f
  1090  00FC                     l995:
  1091  00FC  0823               	movf	___awdiv@quotient+1,w
  1092  00FD  00F4               	movwf	?___awdiv+1
  1093  00FE  0822               	movf	___awdiv@quotient,w
  1094  00FF  00F3               	movwf	?___awdiv
  1095  0100                     l390:
  1096  0100  0008               	return
  1097  0101                     __end_of___awdiv:
  1098                           
  1099                           	psect	text5
  1100  0101                     __ptext5:	
  1101 ;; *************** function _isr *****************
  1102 ;; Defined at:
  1103 ;;		line 57 in file "esclavo.c"
  1104 ;; Parameters:    Size  Location     Type
  1105 ;;		None
  1106 ;; Auto vars:     Size  Location     Type
  1107 ;;		None
  1108 ;; Return value:  Size  Location     Type
  1109 ;;                  1    wreg      void 
  1110 ;; Registers used:
  1111 ;;		wreg
  1112 ;; Tracked objects:
  1113 ;;		On entry : 0/0
  1114 ;;		On exit  : 0/0
  1115 ;;		Unchanged: 0/0
  1116 ;; Data sizes:     COMMON   BANK0   BANK1   BANK3   BANK2
  1117 ;;      Params:         0       0       0       0       0
  1118 ;;      Locals:         0       0       0       0       0
  1119 ;;      Temps:          3       0       0       0       0
  1120 ;;      Totals:         3       0       0       0       0
  1121 ;;Total ram usage:        3 bytes
  1122 ;; Hardware stack levels used:    1
  1123 ;; This function calls:
  1124 ;;		Nothing
  1125 ;; This function is called by:
  1126 ;;		Interrupt level 1
  1127 ;; This function uses a non-reentrant model
  1128 ;;
  1129                           
  1130                           
  1131                           ;psect for function _isr
  1132  0101                     _isr:
  1133  0101                     i1l859:
  1134                           
  1135                           ;esclavo.c: 58:    if(PIR1bits.SSPIF == 1){
  1136  0101  1283               	bcf	3,5	;RP0=0, select bank0
  1137  0102  1303               	bcf	3,6	;RP1=0, select bank0
  1138  0103  1D8C               	btfss	12,3	;volatile
  1139  0104  2906               	goto	u15_21
  1140  0105  2907               	goto	u15_20
  1141  0106                     u15_21:
  1142  0106  295B               	goto	i1l127
  1143  0107                     u15_20:
  1144  0107                     i1l861:
  1145                           
  1146                           ;esclavo.c: 60:         SSPCONbits.CKP = 0;
  1147  0107  1214               	bcf	20,4	;volatile
  1148                           
  1149                           ;esclavo.c: 62:         if ((SSPCONbits.SSPOV) || (SSPCONbits.WCOL)){
  1150  0108  1B14               	btfsc	20,6	;volatile
  1151  0109  290B               	goto	u16_21
  1152  010A  290C               	goto	u16_20
  1153  010B                     u16_21:
  1154  010B  2910               	goto	i1l865
  1155  010C                     u16_20:
  1156  010C                     i1l863:
  1157  010C  1F94               	btfss	20,7	;volatile
  1158  010D  290F               	goto	u17_21
  1159  010E  2910               	goto	u17_20
  1160  010F                     u17_21:
  1161  010F  2917               	goto	i1l873
  1162  0110                     u17_20:
  1163  0110                     i1l865:
  1164                           
  1165                           ;esclavo.c: 63:             z = SSPBUF;
  1166  0110  0813               	movf	19,w	;volatile
  1167  0111  00F0               	movwf	??_isr
  1168  0112  0870               	movf	??_isr,w
  1169  0113  00FA               	movwf	_z
  1170  0114                     i1l867:
  1171                           
  1172                           ;esclavo.c: 64:             SSPCONbits.SSPOV = 0;
  1173  0114  1314               	bcf	20,6	;volatile
  1174  0115                     i1l869:
  1175                           
  1176                           ;esclavo.c: 65:             SSPCONbits.WCOL = 0;
  1177  0115  1394               	bcf	20,7	;volatile
  1178  0116                     i1l871:
  1179                           
  1180                           ;esclavo.c: 66:             SSPCONbits.CKP = 1;
  1181  0116  1614               	bsf	20,4	;volatile
  1182  0117                     i1l873:
  1183                           
  1184                           ;esclavo.c: 69:         if(!SSPSTATbits.D_nA && !SSPSTATbits.R_nW) {
  1185  0117  1683               	bsf	3,5	;RP0=1, select bank1
  1186  0118  1303               	bcf	3,6	;RP1=0, select bank1
  1187  0119  1A94               	btfsc	20,5	;volatile
  1188  011A  291C               	goto	u18_21
  1189  011B  291D               	goto	u18_20
  1190  011C                     u18_21:
  1191  011C  2938               	goto	i1l118
  1192  011D                     u18_20:
  1193  011D                     i1l875:
  1194  011D  1914               	btfsc	20,2	;volatile
  1195  011E  2920               	goto	u19_21
  1196  011F  2921               	goto	u19_20
  1197  0120                     u19_21:
  1198  0120  2938               	goto	i1l118
  1199  0121                     u19_20:
  1200  0121                     i1l877:
  1201                           
  1202                           ;esclavo.c: 71:             z = SSPBUF;
  1203  0121  1283               	bcf	3,5	;RP0=0, select bank0
  1204  0122  1303               	bcf	3,6	;RP1=0, select bank0
  1205  0123  0813               	movf	19,w	;volatile
  1206  0124  00F0               	movwf	??_isr
  1207  0125  0870               	movf	??_isr,w
  1208  0126  00FA               	movwf	_z
  1209  0127                     i1l879:
  1210                           
  1211                           ;esclavo.c: 73:             PIR1bits.SSPIF = 0;
  1212  0127  118C               	bcf	12,3	;volatile
  1213  0128                     i1l881:
  1214                           
  1215                           ;esclavo.c: 74:             SSPCONbits.CKP = 1;
  1216  0128  1614               	bsf	20,4	;volatile
  1217  0129                     i1l119:	
  1218                           ;esclavo.c: 75:             while(!SSPSTATbits.BF);
  1219                           
  1220  0129  1683               	bsf	3,5	;RP0=1, select bank1
  1221  012A  1303               	bcf	3,6	;RP1=0, select bank1
  1222  012B  1C14               	btfss	20,0	;volatile
  1223  012C  292E               	goto	u20_21
  1224  012D  292F               	goto	u20_20
  1225  012E                     u20_21:
  1226  012E  2929               	goto	i1l119
  1227  012F                     u20_20:
  1228  012F                     i1l883:
  1229                           
  1230                           ;esclavo.c: 76:             PORTD = SSPBUF;
  1231  012F  1283               	bcf	3,5	;RP0=0, select bank0
  1232  0130  1303               	bcf	3,6	;RP1=0, select bank0
  1233  0131  0813               	movf	19,w	;volatile
  1234  0132  0088               	movwf	8	;volatile
  1235                           
  1236                           ;esclavo.c: 77:             _delay((unsigned long)((250)*(4000000/4000000.0)));
  1237  0133  3053               	movlw	83
  1238  0134  00F0               	movwf	??_isr
  1239  0135                     u54_27:
  1240  0135  0BF0               	decfsz	??_isr,f
  1241  0136  2935               	goto	u54_27
  1242                           
  1243                           ;esclavo.c: 79:         }else if(!SSPSTATbits.D_nA && SSPSTATbits.R_nW){
  1244  0137  2958               	goto	i1l122
  1245  0138                     i1l118:
  1246  0138  1A94               	btfsc	20,5	;volatile
  1247  0139  293B               	goto	u21_21
  1248  013A  293C               	goto	u21_20
  1249  013B                     u21_21:
  1250  013B  2958               	goto	i1l122
  1251  013C                     u21_20:
  1252  013C                     i1l885:
  1253  013C  1D14               	btfss	20,2	;volatile
  1254  013D  293F               	goto	u22_21
  1255  013E  2940               	goto	u22_20
  1256  013F                     u22_21:
  1257  013F  2958               	goto	i1l122
  1258  0140                     u22_20:
  1259  0140                     i1l887:
  1260                           
  1261                           ;esclavo.c: 80:             z = SSPBUF;
  1262  0140  1283               	bcf	3,5	;RP0=0, select bank0
  1263  0141  1303               	bcf	3,6	;RP1=0, select bank0
  1264  0142  0813               	movf	19,w	;volatile
  1265  0143  00F0               	movwf	??_isr
  1266  0144  0870               	movf	??_isr,w
  1267  0145  00FA               	movwf	_z
  1268  0146                     i1l889:
  1269                           
  1270                           ;esclavo.c: 81:             BF = 0;
  1271  0146  1683               	bsf	3,5	;RP0=1, select bank1
  1272  0147  1303               	bcf	3,6	;RP1=0, select bank1
  1273  0148  1014               	bcf	20,0	;volatile
  1274                           
  1275                           ;esclavo.c: 82:             SSPBUF = PORTB;
  1276  0149  1283               	bcf	3,5	;RP0=0, select bank0
  1277  014A  1303               	bcf	3,6	;RP1=0, select bank0
  1278  014B  0806               	movf	6,w	;volatile
  1279  014C  0093               	movwf	19	;volatile
  1280  014D                     i1l891:
  1281                           
  1282                           ;esclavo.c: 83:             SSPCONbits.CKP = 1;
  1283  014D  1614               	bsf	20,4	;volatile
  1284                           
  1285                           ;esclavo.c: 84:             _delay((unsigned long)((250)*(4000000/4000000.0)));
  1286  014E  3053               	movlw	83
  1287  014F  00F0               	movwf	??_isr
  1288  0150                     u55_27:
  1289  0150  0BF0               	decfsz	??_isr,f
  1290  0151  2950               	goto	u55_27
  1291  0152                     i1l124:	
  1292                           ;esclavo.c: 85:             while(SSPSTATbits.BF);
  1293                           
  1294  0152  1683               	bsf	3,5	;RP0=1, select bank1
  1295  0153  1303               	bcf	3,6	;RP1=0, select bank1
  1296  0154  1814               	btfsc	20,0	;volatile
  1297  0155  2957               	goto	u23_21
  1298  0156  2958               	goto	u23_20
  1299  0157                     u23_21:
  1300  0157  2952               	goto	i1l124
  1301  0158                     u23_20:
  1302  0158                     i1l122:
  1303                           
  1304                           ;esclavo.c: 88:         PIR1bits.SSPIF = 0;
  1305  0158  1283               	bcf	3,5	;RP0=0, select bank0
  1306  0159  1303               	bcf	3,6	;RP1=0, select bank0
  1307  015A  118C               	bcf	12,3	;volatile
  1308  015B                     i1l127:
  1309  015B  0872               	movf	??_isr+2,w
  1310  015C  008A               	movwf	10
  1311  015D  0E71               	swapf	??_isr+1,w
  1312  015E  0083               	movwf	3
  1313  015F  0EFE               	swapf	btemp,f
  1314  0160  0E7E               	swapf	btemp,w
  1315  0161  0009               	retfie
  1316  0162                     __end_of_isr:
  1317  007E                     btemp	set	126	;btemp
  1318  007E                     wtemp0	set	126
  1319                           
  1320                           	psect	intentry
  1321  0004                     __pintentry:	
  1322                           ;incstack = 0
  1323                           ; Regs used in _isr: [wreg]
  1324                           
  1325  0004                     interrupt_function:
  1326  007E                     saved_w	set	btemp
  1327  0004  00FE               	movwf	btemp
  1328  0005  0E03               	swapf	3,w
  1329  0006  00F1               	movwf	??_isr+1
  1330  0007  080A               	movf	10,w
  1331  0008  00F2               	movwf	??_isr+2
  1332  0009  120A  118A  2901   	ljmp	_isr
  1333                           
  1334                           	psect	config
  1335                           
  1336                           ;Config register CONFIG1 @ 0x2007
  1337                           ;	Oscillator Selection bits
  1338                           ;	FOSC = INTRC_NOCLKOUT, INTOSCIO oscillator: I/O function on RA6/OSC2/CLKOUT pin, I/O f
      +                          unction on RA7/OSC1/CLKIN
  1339                           ;	Watchdog Timer Enable bit
  1340                           ;	WDTE = OFF, WDT disabled and can be enabled by SWDTEN bit of the WDTCON register
  1341                           ;	Power-up Timer Enable bit
  1342                           ;	PWRTE = OFF, PWRT disabled
  1343                           ;	RE3/MCLR pin function select bit
  1344                           ;	MCLRE = OFF, RE3/MCLR pin function is digital input, MCLR internally tied to VDD
  1345                           ;	Code Protection bit
  1346                           ;	CP = OFF, Program memory code protection is disabled
  1347                           ;	Data Code Protection bit
  1348                           ;	CPD = OFF, Data memory code protection is disabled
  1349                           ;	Brown Out Reset Selection bits
  1350                           ;	BOREN = OFF, BOR disabled
  1351                           ;	Internal External Switchover bit
  1352                           ;	IESO = OFF, Internal/External Switchover mode is disabled
  1353                           ;	Fail-Safe Clock Monitor Enabled bit
  1354                           ;	FCMEN = OFF, Fail-Safe Clock Monitor is disabled
  1355                           ;	Low Voltage Programming Enable bit
  1356                           ;	LVP = OFF, RB3 pin has digital I/O, HV on MCLR must be used for programming
  1357                           ;	In-Circuit Debugger Mode bit
  1358                           ;	DEBUG = 0x1, unprogrammed default
  1359  2007                     	org	8199
  1360  2007  20D4               	dw	8404
  1361                           
  1362                           ;Config register CONFIG2 @ 0x2008
  1363                           ;	Brown-out Reset Selection bit
  1364                           ;	BOR4V = BOR40V, Brown-out Reset set to 4.0V
  1365                           ;	Flash Program Memory Self Write Enable bits
  1366                           ;	WRT = OFF, Write protection off
  1367  2008                     	org	8200
  1368  2008  3FFF               	dw	16383

Data Sizes:
    Strings     0
    Constant    0
    Data        0
    BSS         7
    Persistent  0
    Stack       0

Auto Spaces:
    Space          Size  Autos    Used
    COMMON           14      8      11
    BANK0            80      6      10
    BANK1            80      0       0
    BANK3            96      0       0
    BANK2            96      0       0

Pointer List with Targets:

    None.

Critical Paths under _main in COMMON

    _main->___awdiv
    _setup->_I2C_Slave_Init

Critical Paths under _isr in COMMON

    None.

Critical Paths under _main in BANK0

    _main->___awdiv

Critical Paths under _isr in BANK0

    None.

Critical Paths under _main in BANK1

    None.

Critical Paths under _isr in BANK1

    None.

Critical Paths under _main in BANK3

    None.

Critical Paths under _isr in BANK3

    None.

Critical Paths under _main in BANK2

    None.

Critical Paths under _isr in BANK2

    None.

Call Graph Tables:

 ---------------------------------------------------------------------------------
 (Depth) Function   	        Calls       Base Space   Used Autos Params    Refs
 ---------------------------------------------------------------------------------
 (0) _main                                                 2     2      0     474
                                              4 BANK0      2     2      0
                            ___awdiv
                            _cfg_clk
                              _setup
 ---------------------------------------------------------------------------------
 (1) _setup                                                0     0      0      22
                     _I2C_Slave_Init
 ---------------------------------------------------------------------------------
 (2) _I2C_Slave_Init                                       1     1      0      22
                                              3 COMMON     1     1      0
 ---------------------------------------------------------------------------------
 (1) _cfg_clk                                              0     0      0       0
 ---------------------------------------------------------------------------------
 (1) ___awdiv                                              9     5      4     452
                                              3 COMMON     5     1      4
                                              0 BANK0      4     4      0
 ---------------------------------------------------------------------------------
 Estimated maximum stack depth 2
 ---------------------------------------------------------------------------------
 (Depth) Function   	        Calls       Base Space   Used Autos Params    Refs
 ---------------------------------------------------------------------------------
 (3) _isr                                                  3     3      0       0
                                              0 COMMON     3     3      0
 ---------------------------------------------------------------------------------
 Estimated maximum stack depth 3
 ---------------------------------------------------------------------------------

 Call Graph Graphs:

 _main (ROOT)
   ___awdiv
   _cfg_clk
   _setup
     _I2C_Slave_Init

 _isr (ROOT)

 Address spaces:
Name               Size   Autos  Total    Cost      Usage
BITCOMMON            E      0       0       0        0.0%
EEDATA             100      0       0       0        0.0%
NULL                 0      0       0       0        0.0%
CODE                 0      0       0       0        0.0%
COMMON               E      8       B       1       78.6%
BITSFR0              0      0       0       1        0.0%
SFR0                 0      0       0       1        0.0%
BITSFR1              0      0       0       2        0.0%
SFR1                 0      0       0       2        0.0%
STACK                0      0       0       2        0.0%
ABS                  0      0      15       3        0.0%
BITBANK0            50      0       0       4        0.0%
BITSFR3              0      0       0       4        0.0%
SFR3                 0      0       0       4        0.0%
BANK0               50      6       A       5       12.5%
BITSFR2              0      0       0       5        0.0%
SFR2                 0      0       0       5        0.0%
BITBANK1            50      0       0       6        0.0%
BANK1               50      0       0       7        0.0%
BITBANK3            60      0       0       8        0.0%
BANK3               60      0       0       9        0.0%
BITBANK2            60      0       0      10        0.0%
BANK2               60      0       0      11        0.0%
DATA                 0      0      15      12        0.0%


Microchip Technology PIC Macro Assembler V2.31 build 20201012212115 
Symbol Table                                                                                   Sun Aug 29 14:40:26 2021

                      _D 0026                        _V 0028                        _z 007A  
            _SSPSTATbits 0094                       _BF 04A0                       l55 017B  
                     _i0 0079                       _i1 0078             ___awdiv@sign 0021  
                    l140 007B                      l141 0084                      l133 0035  
                    l151 0199                      l135 0039                      l136 003A  
                    l138 003E                      l148 0191                      l390 0100  
                    l931 0172                      l933 0173                      l941 017C  
                    l951 0192                      l935 0174                      l927 0163  
                    l943 0180                      l961 00A4                      l953 0198  
                    l937 0175                      l929 0171                      l945 0183  
                    l971 00B5                      l963 00A6                      l955 0098  
                    l939 0178                      l947 0184                      l981 00CD  
                    l973 00BB                      l965 00AA                      l957 009B  
                    l949 018B                      l983 00DE                      l975 00BE  
                    l991 00F2                      l967 00AF                      l959 009F  
                    l993 00F7                      l985 00E4                      l977 00C5  
                    l969 00B3                      l995 00FC                      l987 00E5  
                    l979 00C9                      _GIE 005F                      l989 00EC  
                    u300 009F                      u301 009E                      u310 00AA  
                    u311 00A9                      u320 00BB                      u321 00BA  
                    u340 00CD                      u500 0081                      u341 00CC  
                    u501 0080                      u510 0088                      u335 00BF  
                    u511 0087                      u360 00DE                      u361 00DD  
                    u355 00CE                      u380 00F2                      u460 0039  
                    u381 00F1                      u365 00DA                      u461 0038  
                    u390 00F7                      u470 003E                      u391 00F6  
                    u375 00E6                      u471 003D                      u527 002F  
                    u480 0063                      u537 0090                      u481 0062  
                    u490 0076                      u491 0075                      u485 005F  
                    u495 0072                      _isr 0101                     l1041 002B  
                   l1033 001C                     l1051 0063                     l1043 0032  
                   l1035 0026                     l1061 0088                     l1053 0066  
                   l1045 003F                     l1037 0029                     l1063 0089  
                   l1055 0067                     l1047 0043                     l1039 002A  
                   l1065 008A                     l1057 0076                     l1049 0056  
                   l1059 0081                     ?_isr 0070                     _PEIE 005E  
                   _main 001C                     btemp 007E                     start 000C  
                  ??_isr 0070                    ?_main 0070          __end_of___awdiv 0101  
                  _ANSEL 0188          ___awdiv@divisor 0073                    i1l122 0158  
                  i1l124 0152                    i1l118 0138                    i1l119 0129  
                  i1l127 015B                    i1l861 0107                    i1l871 0116  
                  i1l863 010C                    i1l881 0128                    i1l873 0117  
                  i1l865 0110                    i1l891 014D                    i1l883 012F  
                  i1l875 011D                    i1l867 0114                    i1l859 0101  
                  i1l885 013C                    i1l877 0121                    i1l869 0115  
                  i1l887 0140                    i1l879 0127                    i1l889 0146  
        ___awdiv@counter 0020                    u20_20 012F                    u20_21 012E  
                  u21_20 013C                    u21_21 013B                    u22_20 0140  
                  u22_21 013F                    u23_20 0158                    u15_20 0107  
                  u23_21 0157                    u15_21 0106                    u16_20 010C  
                  u16_21 010B                    u17_20 0110                    u17_21 010F  
                  _TMR1H 000F                    _TMR1L 000E                    u18_20 011D  
                  u18_21 011C                    u19_20 0121                    u19_21 0120  
                  _PORTB 0006                    _PORTD 0008          __end_of_cfg_clk 019A  
                  u54_27 0135                    u55_27 0150                    _TRISB 0086  
                  _TRISD 0088                    _SSPIE 0463                    _SSPIF 0063  
                  _setup 017C                    pclath 000A                    status 0003  
                  wtemp0 007E          __initialization 000F             __end_of_main 0098  
                 ??_main 0024         ___awdiv@dividend 0075                   ?_setup 0070  
                 _ANSELH 0189                   _TMR1ON 0080                   _SSPADD 0093  
                 _TRISC3 043B                   _TRISC4 043C                   _SSPCON 0014  
                 _SSPBUF 0013                ??___awdiv 0077                ??_cfg_clk 0073  
       ___awdiv@quotient 0022                   saved_w 007E  __end_of__initialization 0018  
         __pcstackCOMMON 0070  __size_of_I2C_Slave_Init 001A            __end_of_setup 0192  
                ??_setup 0074    I2C_Slave_Init@address 0073               __pbssBANK0 0026  
             __pmaintext 001C               __pintentry 0004                  _SSPCON2 0091  
                _SSPSTAT 0094                  ___awdiv 0098                  _cfg_clk 0192  
                __ptext1 017C                  __ptext2 0162                  __ptext3 0192  
                __ptext4 0098                  __ptext5 0101             __size_of_isr 0061  
   end_of_initialization 0018           _I2C_Slave_Init 0162                _PORTAbits 0005  
              _PORTBbits 0006                _TRISAbits 0085                _TRISCbits 0087  
 __end_of_I2C_Slave_Init 017C      start_initialization 000F              __end_of_isr 0162  
        ?_I2C_Slave_Init 0070              __pbssCOMMON 0078                ___latbits 0002  
          __pcstackBANK0 0020                 ?___awdiv 0073                 ?_cfg_clk 0070  
         __size_of_setup 0016        interrupt_function 0004                 _PIR1bits 000C  
       __size_of___awdiv 0069         __size_of_cfg_clk 0008         ??_I2C_Slave_Init 0073  
          __size_of_main 007C                 intlevel1 0000               _OSCCONbits 008F  
            _SSPCON2bits 0091               _SSPCONbits 0014  
