

Microchip MPLAB XC8 Assembler V2.31 build 20201012212115 
                                                                                               Sun Aug 29 02:33:49 2021

Microchip MPLAB XC8 C Compiler v2.31 (Free license) build 20201012212115 Og1 
     1                           	processor	16F887
     2                           	pagewidth 120
     3                           	opt	flic
     4                           	psect	cinit,global,class=CODE,merge=1,delta=2
     5                           	psect	bssBANK0,global,class=BANK0,space=1,delta=1,noexec
     6                           	psect	cstackCOMMON,global,class=COMMON,space=1,delta=1,noexec
     7                           	psect	cstackBANK0,global,class=BANK0,space=1,delta=1,noexec
     8                           	psect	maintext,global,class=CODE,split=1,delta=2
     9                           	psect	text1,local,class=CODE,merge=1,delta=2
    10                           	psect	text2,local,class=CODE,merge=1,delta=2
    11                           	psect	text3,local,class=CODE,merge=1,delta=2,group=1
    12                           	psect	text4,local,class=CODE,merge=1,delta=2
    13                           	psect	text5,local,class=CODE,merge=1,delta=2
    14                           	psect	text6,local,class=CODE,merge=1,delta=2
    15                           	psect	text7,local,class=CODE,merge=1,delta=2
    16                           	psect	text8,local,class=CODE,merge=1,delta=2
    17                           	psect	text9,local,class=CODE,merge=1,delta=2
    18                           	psect	config,global,abs,ovrld,class=CONFIG,space=4,delta=2,noexec
    19                           	dabs	1,0x7E,2
    20  0000                     
    21                           ; Version 2.20
    22                           ; Generated 12/02/2020 GMT
    23                           ; 
    24                           ; Copyright © 2020, Microchip Technology Inc. and its subsidiaries ("Microchip")
    25                           ; All rights reserved.
    26                           ; 
    27                           ; This software is developed by Microchip Technology Inc. and its subsidiaries ("Microch
      +                          ip").
    28                           ; 
    29                           ; Redistribution and use in source and binary forms, with or without modification, are
    30                           ; permitted provided that the following conditions are met:
    31                           ; 
    32                           ;     1. Redistributions of source code must retain the above copyright notice, this lis
      +                          t of
    33                           ;        conditions and the following disclaimer.
    34                           ; 
    35                           ;     2. Redistributions in binary form must reproduce the above copyright notice, this 
      +                          list
    36                           ;        of conditions and the following disclaimer in the documentation and/or other
    37                           ;        materials provided with the distribution.
    38                           ; 
    39                           ;     3. Microchip's name may not be used to endorse or promote products derived from th
      +                          is
    40                           ;        software without specific prior written permission.
    41                           ; 
    42                           ; THIS SOFTWARE IS PROVIDED BY MICROCHIP "AS IS" AND ANY EXPRESS OR IMPLIED WARRANTIES,
    43                           ; INCLUDING, BUT NOT LIMITED TO, THE IMPLIED WARRANTIES OF MERCHANTABILITY AND FITNESS F
      +                          OR
    44                           ; PURPOSE ARE DISCLAIMED.  IN NO EVENT SHALL MICROCHIP BE LIABLE FOR ANY DIRECT, INDIREC
      +                          T,
    45                           ; INCIDENTAL, SPECIAL, EXEMPLARY, OR CONSEQUENTIAL DAMAGES (INCLUDING BUT NOT LIMITED TO
    46                           ; PROCUREMENT OF SUBSTITUTE GOODS OR SERVICES; LOSS OF USE, DATA OR PROFITS; OR BUSINESS
    47                           ; INTERRUPTION) HOWSOEVER CAUSED AND ON ANY THEORY OF LIABILITY, WHETHER IN CONTRACT, ST
      +                          RICT
    48                           ; LIABILITY, OR TORT (INCLUDING NEGLIGENCE OR OTHERWISE) ARISING IN ANY WAY OUT OF THE U
      +                          SE OF
    49                           ; THIS SOFTWARE, EVEN IF ADVISED OF THE POSSIBILITY OF SUCH DAMAGE.
    50                           ; 
    51                           ; 
    52                           ; Code-generator required, PIC16F887 Definitions
    53                           ; 
    54                           ; SFR Addresses
    55  0000                     	;# 
    56  0001                     	;# 
    57  0002                     	;# 
    58  0003                     	;# 
    59  0004                     	;# 
    60  0005                     	;# 
    61  0006                     	;# 
    62  0007                     	;# 
    63  0008                     	;# 
    64  0009                     	;# 
    65  000A                     	;# 
    66  000B                     	;# 
    67  000C                     	;# 
    68  000D                     	;# 
    69  000E                     	;# 
    70  000E                     	;# 
    71  000F                     	;# 
    72  0010                     	;# 
    73  0011                     	;# 
    74  0012                     	;# 
    75  0013                     	;# 
    76  0014                     	;# 
    77  0015                     	;# 
    78  0015                     	;# 
    79  0016                     	;# 
    80  0017                     	;# 
    81  0018                     	;# 
    82  0019                     	;# 
    83  001A                     	;# 
    84  001B                     	;# 
    85  001B                     	;# 
    86  001C                     	;# 
    87  001D                     	;# 
    88  001E                     	;# 
    89  001F                     	;# 
    90  0081                     	;# 
    91  0085                     	;# 
    92  0086                     	;# 
    93  0087                     	;# 
    94  0088                     	;# 
    95  0089                     	;# 
    96  008C                     	;# 
    97  008D                     	;# 
    98  008E                     	;# 
    99  008F                     	;# 
   100  0090                     	;# 
   101  0091                     	;# 
   102  0092                     	;# 
   103  0093                     	;# 
   104  0093                     	;# 
   105  0093                     	;# 
   106  0094                     	;# 
   107  0095                     	;# 
   108  0096                     	;# 
   109  0097                     	;# 
   110  0098                     	;# 
   111  0099                     	;# 
   112  009A                     	;# 
   113  009B                     	;# 
   114  009C                     	;# 
   115  009D                     	;# 
   116  009E                     	;# 
   117  009F                     	;# 
   118  0105                     	;# 
   119  0107                     	;# 
   120  0108                     	;# 
   121  0109                     	;# 
   122  010C                     	;# 
   123  010C                     	;# 
   124  010D                     	;# 
   125  010E                     	;# 
   126  010F                     	;# 
   127  0185                     	;# 
   128  0187                     	;# 
   129  0188                     	;# 
   130  0189                     	;# 
   131  018C                     	;# 
   132  018D                     	;# 
   133  0000                     	;# 
   134  0001                     	;# 
   135  0002                     	;# 
   136  0003                     	;# 
   137  0004                     	;# 
   138  0005                     	;# 
   139  0006                     	;# 
   140  0007                     	;# 
   141  0008                     	;# 
   142  0009                     	;# 
   143  000A                     	;# 
   144  000B                     	;# 
   145  000C                     	;# 
   146  000D                     	;# 
   147  000E                     	;# 
   148  000E                     	;# 
   149  000F                     	;# 
   150  0010                     	;# 
   151  0011                     	;# 
   152  0012                     	;# 
   153  0013                     	;# 
   154  0014                     	;# 
   155  0015                     	;# 
   156  0015                     	;# 
   157  0016                     	;# 
   158  0017                     	;# 
   159  0018                     	;# 
   160  0019                     	;# 
   161  001A                     	;# 
   162  001B                     	;# 
   163  001B                     	;# 
   164  001C                     	;# 
   165  001D                     	;# 
   166  001E                     	;# 
   167  001F                     	;# 
   168  0081                     	;# 
   169  0085                     	;# 
   170  0086                     	;# 
   171  0087                     	;# 
   172  0088                     	;# 
   173  0089                     	;# 
   174  008C                     	;# 
   175  008D                     	;# 
   176  008E                     	;# 
   177  008F                     	;# 
   178  0090                     	;# 
   179  0091                     	;# 
   180  0092                     	;# 
   181  0093                     	;# 
   182  0093                     	;# 
   183  0093                     	;# 
   184  0094                     	;# 
   185  0095                     	;# 
   186  0096                     	;# 
   187  0097                     	;# 
   188  0098                     	;# 
   189  0099                     	;# 
   190  009A                     	;# 
   191  009B                     	;# 
   192  009C                     	;# 
   193  009D                     	;# 
   194  009E                     	;# 
   195  009F                     	;# 
   196  0105                     	;# 
   197  0107                     	;# 
   198  0108                     	;# 
   199  0109                     	;# 
   200  010C                     	;# 
   201  010C                     	;# 
   202  010D                     	;# 
   203  010E                     	;# 
   204  010F                     	;# 
   205  0185                     	;# 
   206  0187                     	;# 
   207  0188                     	;# 
   208  0189                     	;# 
   209  018C                     	;# 
   210  018D                     	;# 
   211  0000                     	;# 
   212  0001                     	;# 
   213  0002                     	;# 
   214  0003                     	;# 
   215  0004                     	;# 
   216  0005                     	;# 
   217  0006                     	;# 
   218  0007                     	;# 
   219  0008                     	;# 
   220  0009                     	;# 
   221  000A                     	;# 
   222  000B                     	;# 
   223  000C                     	;# 
   224  000D                     	;# 
   225  000E                     	;# 
   226  000E                     	;# 
   227  000F                     	;# 
   228  0010                     	;# 
   229  0011                     	;# 
   230  0012                     	;# 
   231  0013                     	;# 
   232  0014                     	;# 
   233  0015                     	;# 
   234  0015                     	;# 
   235  0016                     	;# 
   236  0017                     	;# 
   237  0018                     	;# 
   238  0019                     	;# 
   239  001A                     	;# 
   240  001B                     	;# 
   241  001B                     	;# 
   242  001C                     	;# 
   243  001D                     	;# 
   244  001E                     	;# 
   245  001F                     	;# 
   246  0081                     	;# 
   247  0085                     	;# 
   248  0086                     	;# 
   249  0087                     	;# 
   250  0088                     	;# 
   251  0089                     	;# 
   252  008C                     	;# 
   253  008D                     	;# 
   254  008E                     	;# 
   255  008F                     	;# 
   256  0090                     	;# 
   257  0091                     	;# 
   258  0092                     	;# 
   259  0093                     	;# 
   260  0093                     	;# 
   261  0093                     	;# 
   262  0094                     	;# 
   263  0095                     	;# 
   264  0096                     	;# 
   265  0097                     	;# 
   266  0098                     	;# 
   267  0099                     	;# 
   268  009A                     	;# 
   269  009B                     	;# 
   270  009C                     	;# 
   271  009D                     	;# 
   272  009E                     	;# 
   273  009F                     	;# 
   274  0105                     	;# 
   275  0107                     	;# 
   276  0108                     	;# 
   277  0109                     	;# 
   278  010C                     	;# 
   279  010C                     	;# 
   280  010D                     	;# 
   281  010E                     	;# 
   282  010F                     	;# 
   283  0185                     	;# 
   284  0187                     	;# 
   285  0188                     	;# 
   286  0189                     	;# 
   287  018C                     	;# 
   288  018D                     	;# 
   289  0013                     _SSPBUF	set	19
   290  0014                     _SSPCON	set	20
   291  0008                     _PORTD	set	8
   292  0006                     _PORTB	set	6
   293  0005                     _PORTA	set	5
   294  0063                     _SSPIF	set	99
   295  005E                     _PEIE	set	94
   296  005F                     _GIE	set	95
   297  0091                     _SSPCON2bits	set	145
   298  0087                     _TRISCbits	set	135
   299  0094                     _SSPSTAT	set	148
   300  0093                     _SSPADD	set	147
   301  0091                     _SSPCON2	set	145
   302  008F                     _OSCCONbits	set	143
   303  0085                     _TRISA	set	133
   304  0088                     _TRISD	set	136
   305  0086                     _TRISB	set	134
   306  0463                     _SSPIE	set	1123
   307  043C                     _TRISC4	set	1084
   308  043B                     _TRISC3	set	1083
   309  0189                     _ANSELH	set	393
   310  0188                     _ANSEL	set	392
   311                           
   312                           	psect	cinit
   313  07F7                     start_initialization:	
   314                           ; #config settings
   315                           
   316  07F7                     __initialization:
   317                           
   318                           ; Clear objects allocated to BANK0
   319  07F7  1283               	bcf	3,5	;RP0=0, select bank0
   320  07F8  1303               	bcf	3,6	;RP1=0, select bank0
   321  07F9  01AB               	clrf	__pbssBANK0& (0+127)
   322  07FA  01AC               	clrf	(__pbssBANK0+1)& (0+127)
   323  07FB  01AD               	clrf	(__pbssBANK0+2)& (0+127)
   324  07FC                     end_of_initialization:	
   325                           ;End of C runtime variable initialization code
   326                           
   327  07FC                     __end_of__initialization:
   328  07FC  0183               	clrf	3
   329  07FD  120A  118A  2F6E   	ljmp	_main	;jump to C main() function
   330                           
   331                           	psect	bssBANK0
   332  002B                     __pbssBANK0:
   333  002B                     _pd:
   334  002B                     	ds	1
   335  002C                     _d1:
   336  002C                     	ds	1
   337  002D                     _d0:
   338  002D                     	ds	1
   339                           
   340                           	psect	cstackCOMMON
   341  0070                     __pcstackCOMMON:
   342  0070                     ?_cfg_clk:
   343  0070                     ??_cfg_clk:	
   344                           ; 1 bytes @ 0x0
   345                           
   346  0070                     ?_setup:	
   347                           ; 1 bytes @ 0x0
   348                           
   349  0070                     ?_I2C_Master_Start:	
   350                           ; 1 bytes @ 0x0
   351                           
   352  0070                     ??_I2C_Master_Start:	
   353                           ; 1 bytes @ 0x0
   354                           
   355  0070                     ?_I2C_Master_Write:	
   356                           ; 1 bytes @ 0x0
   357                           
   358  0070                     ?_I2C_Master_Stop:	
   359                           ; 1 bytes @ 0x0
   360                           
   361  0070                     ??_I2C_Master_Stop:	
   362                           ; 1 bytes @ 0x0
   363                           
   364  0070                     ?_main:	
   365                           ; 1 bytes @ 0x0
   366                           
   367  0070                     ?_I2C_Master_Wait:	
   368                           ; 1 bytes @ 0x0
   369                           
   370  0070                     ??_I2C_Master_Wait:	
   371                           ; 1 bytes @ 0x0
   372                           
   373  0070                     ?_I2C_Master_Read:	
   374                           ; 1 bytes @ 0x0
   375                           
   376  0070                     ?___lldiv:	
   377                           ; 2 bytes @ 0x0
   378                           
   379  0070                     I2C_Master_Write@d:	
   380                           ; 4 bytes @ 0x0
   381                           
   382  0070                     I2C_Master_Read@a:	
   383                           ; 2 bytes @ 0x0
   384                           
   385  0070                     ___lldiv@divisor:	
   386                           ; 2 bytes @ 0x0
   387                           
   388                           
   389                           ; 4 bytes @ 0x0
   390  0070                     	ds	2
   391  0072                     ??_I2C_Master_Write:
   392  0072                     ??_I2C_Master_Read:	
   393                           ; 1 bytes @ 0x2
   394                           
   395                           
   396                           ; 1 bytes @ 0x2
   397  0072                     	ds	2
   398  0074                     I2C_Master_Read@temp:
   399  0074                     ___lldiv@dividend:	
   400                           ; 2 bytes @ 0x4
   401                           
   402                           
   403                           ; 4 bytes @ 0x4
   404  0074                     	ds	4
   405  0078                     ??___lldiv:
   406                           
   407                           ; 1 bytes @ 0x8
   408  0078                     	ds	1
   409  0079                     ___lldiv@quotient:
   410                           
   411                           ; 4 bytes @ 0x9
   412  0079                     	ds	4
   413  007D                     ___lldiv@counter:
   414                           
   415                           ; 1 bytes @ 0xD
   416  007D                     	ds	1
   417  007E                     ??_setup:
   418                           
   419                           	psect	cstackBANK0
   420  0020                     __pcstackBANK0:	
   421                           ; 1 bytes @ 0xE
   422                           
   423  0020                     ?_I2C_Master_Init:
   424  0020                     I2C_Master_Init@c:	
   425                           ; 1 bytes @ 0x0
   426                           
   427                           
   428                           ; 4 bytes @ 0x0
   429  0020                     	ds	4
   430  0024                     ??_I2C_Master_Init:
   431                           
   432                           ; 1 bytes @ 0x4
   433  0024                     	ds	4
   434  0028                     ??_main:
   435                           
   436                           ; 1 bytes @ 0x8
   437  0028                     	ds	3
   438                           
   439                           	psect	maintext
   440  076E                     __pmaintext:	
   441 ;;
   442 ;;Main: autosize = 0, tempsize = 3, incstack = 0, save=0
   443 ;;
   444 ;; *************** function _main *****************
   445 ;; Defined at:
   446 ;;		line 57 in file "p1mp.c"
   447 ;; Parameters:    Size  Location     Type
   448 ;;		None
   449 ;; Auto vars:     Size  Location     Type
   450 ;;		None
   451 ;; Return value:  Size  Location     Type
   452 ;;                  1    wreg      void 
   453 ;; Registers used:
   454 ;;		wreg, status,2, status,0, pclath, cstack
   455 ;; Tracked objects:
   456 ;;		On entry : B00/0
   457 ;;		On exit  : 0/0
   458 ;;		Unchanged: 0/0
   459 ;; Data sizes:     COMMON   BANK0   BANK1   BANK3   BANK2
   460 ;;      Params:         0       0       0       0       0
   461 ;;      Locals:         0       0       0       0       0
   462 ;;      Temps:          0       3       0       0       0
   463 ;;      Totals:         0       3       0       0       0
   464 ;;Total ram usage:        3 bytes
   465 ;; Hardware stack levels required when called:    3
   466 ;; This function calls:
   467 ;;		_I2C_Master_Read
   468 ;;		_I2C_Master_Start
   469 ;;		_I2C_Master_Stop
   470 ;;		_I2C_Master_Write
   471 ;;		_cfg_clk
   472 ;;		_setup
   473 ;; This function is called by:
   474 ;;		Startup code after reset
   475 ;; This function uses a non-reentrant model
   476 ;;
   477                           
   478                           
   479                           ;psect for function _main
   480  076E                     _main:
   481  076E                     l893:	
   482                           ;incstack = 0
   483                           ; Regs used in _main: [wreg+status,2+status,0+pclath+cstack]
   484                           
   485                           
   486                           ;p1mp.c: 58:     cfg_clk();
   487  076E  120A  118A  2657  120A  118A  	fcall	_cfg_clk
   488                           
   489                           ;p1mp.c: 59:     setup();
   490  0773  120A  118A  2686  120A  118A  	fcall	_setup
   491  0778                     l45:	
   492                           ;p1mp.c: 60:     while(1){
   493                           
   494                           
   495                           ;p1mp.c: 61:         I2C_Master_Start();
   496  0778  120A  118A  265D  120A  118A  	fcall	_I2C_Master_Start
   497                           
   498                           ;p1mp.c: 62:         I2C_Master_Write(0x50);
   499  077D  3050               	movlw	80
   500  077E  00F0               	movwf	I2C_Master_Write@d
   501  077F  3000               	movlw	0
   502  0780  00F1               	movwf	I2C_Master_Write@d+1
   503  0781  120A  118A  266F  120A  118A  	fcall	_I2C_Master_Write
   504                           
   505                           ;p1mp.c: 63:         I2C_Master_Write(PORTB);
   506  0786  1283               	bcf	3,5	;RP0=0, select bank0
   507  0787  1303               	bcf	3,6	;RP1=0, select bank0
   508  0788  0806               	movf	6,w	;volatile
   509  0789  00A8               	movwf	??_main
   510  078A  01A9               	clrf	??_main+1
   511  078B  0828               	movf	??_main,w
   512  078C  00F0               	movwf	I2C_Master_Write@d
   513  078D  0829               	movf	??_main+1,w
   514  078E  00F1               	movwf	I2C_Master_Write@d+1
   515  078F  120A  118A  266F  120A  118A  	fcall	_I2C_Master_Write
   516                           
   517                           ;p1mp.c: 64:         I2C_Master_Stop();
   518  0794  120A  118A  2666  120A  118A  	fcall	_I2C_Master_Stop
   519  0799                     l895:
   520                           
   521                           ;p1mp.c: 65:         _delay((unsigned long)((200)*(8000000/4000.0)));
   522  0799  3003               	movlw	3
   523  079A  1283               	bcf	3,5	;RP0=0, select bank0
   524  079B  1303               	bcf	3,6	;RP1=0, select bank0
   525  079C  00AA               	movwf	??_main+2
   526  079D  3008               	movlw	8
   527  079E  00A9               	movwf	??_main+1
   528  079F  3076               	movlw	118
   529  07A0  00A8               	movwf	??_main
   530  07A1                     u257:
   531  07A1  0BA8               	decfsz	??_main,f
   532  07A2  2FA1               	goto	u257
   533  07A3  0BA9               	decfsz	??_main+1,f
   534  07A4  2FA1               	goto	u257
   535  07A5  0BAA               	decfsz	??_main+2,f
   536  07A6  2FA1               	goto	u257
   537  07A7  0000               	nop
   538  07A8                     l897:
   539                           
   540                           ;p1mp.c: 67:         I2C_Master_Start();
   541  07A8  120A  118A  265D  120A  118A  	fcall	_I2C_Master_Start
   542  07AD                     l899:
   543                           
   544                           ;p1mp.c: 68:         I2C_Master_Write(0x51);
   545  07AD  3051               	movlw	81
   546  07AE  00F0               	movwf	I2C_Master_Write@d
   547  07AF  3000               	movlw	0
   548  07B0  00F1               	movwf	I2C_Master_Write@d+1
   549  07B1  120A  118A  266F  120A  118A  	fcall	_I2C_Master_Write
   550  07B6                     l901:
   551                           
   552                           ;p1mp.c: 69:         PORTA = I2C_Master_Read(0);
   553  07B6  3000               	movlw	0
   554  07B7  00F0               	movwf	I2C_Master_Read@a
   555  07B8  00F1               	movwf	I2C_Master_Read@a+1
   556  07B9  120A  118A  26A2  120A  118A  	fcall	_I2C_Master_Read
   557  07BE  0870               	movf	?_I2C_Master_Read,w
   558  07BF  1283               	bcf	3,5	;RP0=0, select bank0
   559  07C0  1303               	bcf	3,6	;RP1=0, select bank0
   560  07C1  0085               	movwf	5	;volatile
   561  07C2                     l903:
   562                           
   563                           ;p1mp.c: 70:         I2C_Master_Stop();
   564  07C2  120A  118A  2666  120A  118A  	fcall	_I2C_Master_Stop
   565  07C7                     l905:
   566                           
   567                           ;p1mp.c: 71:         _delay((unsigned long)((200)*(8000000/4000.0)));
   568  07C7  3003               	movlw	3
   569  07C8  1283               	bcf	3,5	;RP0=0, select bank0
   570  07C9  1303               	bcf	3,6	;RP1=0, select bank0
   571  07CA  00AA               	movwf	??_main+2
   572  07CB  3008               	movlw	8
   573  07CC  00A9               	movwf	??_main+1
   574  07CD  3076               	movlw	118
   575  07CE  00A8               	movwf	??_main
   576  07CF                     u267:
   577  07CF  0BA8               	decfsz	??_main,f
   578  07D0  2FCF               	goto	u267
   579  07D1  0BA9               	decfsz	??_main+1,f
   580  07D2  2FCF               	goto	u267
   581  07D3  0BAA               	decfsz	??_main+2,f
   582  07D4  2FCF               	goto	u267
   583  07D5  0000               	nop
   584  07D6                     l907:
   585                           
   586                           ;p1mp.c: 72:         PORTB++;
   587  07D6  3001               	movlw	1
   588  07D7  1283               	bcf	3,5	;RP0=0, select bank0
   589  07D8  1303               	bcf	3,6	;RP1=0, select bank0
   590  07D9  00A8               	movwf	??_main
   591  07DA  0828               	movf	??_main,w
   592  07DB  0786               	addwf	6,f	;volatile
   593  07DC                     l909:
   594                           
   595                           ;p1mp.c: 74:         d0 = (0x0F & PORTA);
   596  07DC  0805               	movf	5,w	;volatile
   597  07DD  390F               	andlw	15
   598  07DE  00A8               	movwf	??_main
   599  07DF  0828               	movf	??_main,w
   600  07E0  00AD               	movwf	_d0
   601  07E1                     l911:
   602                           
   603                           ;p1mp.c: 75:         d1 = (0x0F & (PORTA>>4));
   604  07E1  0805               	movf	5,w	;volatile
   605  07E2  00A8               	movwf	??_main
   606  07E3  3004               	movlw	4
   607  07E4                     u245:
   608  07E4  1003               	clrc
   609  07E5  0CA8               	rrf	??_main,f
   610  07E6  3EFF               	addlw	-1
   611  07E7  1D03               	skipz
   612  07E8  2FE4               	goto	u245
   613  07E9  0828               	movf	??_main,w
   614  07EA  390F               	andlw	15
   615  07EB  00A9               	movwf	??_main+1
   616  07EC  0829               	movf	??_main+1,w
   617  07ED  00AC               	movwf	_d1
   618  07EE                     l913:
   619                           
   620                           ;p1mp.c: 77:         PORTD = (d0 | (d1<<1));
   621  07EE  082C               	movf	_d1,w
   622  07EF  00A8               	movwf	??_main
   623  07F0  0728               	addwf	??_main,w
   624  07F1  042D               	iorwf	_d0,w
   625  07F2  0088               	movwf	8	;volatile
   626  07F3  2F78               	goto	l45
   627  07F4  120A  118A  2800   	ljmp	start
   628  07F7                     __end_of_main:
   629                           
   630                           	psect	text1
   631  0686                     __ptext1:	
   632 ;; *************** function _setup *****************
   633 ;; Defined at:
   634 ;;		line 84 in file "p1mp.c"
   635 ;; Parameters:    Size  Location     Type
   636 ;;		None
   637 ;; Auto vars:     Size  Location     Type
   638 ;;		None
   639 ;; Return value:  Size  Location     Type
   640 ;;                  1    wreg      void 
   641 ;; Registers used:
   642 ;;		wreg, status,2, status,0, pclath, cstack
   643 ;; Tracked objects:
   644 ;;		On entry : 0/0
   645 ;;		On exit  : 0/0
   646 ;;		Unchanged: 0/0
   647 ;; Data sizes:     COMMON   BANK0   BANK1   BANK3   BANK2
   648 ;;      Params:         0       0       0       0       0
   649 ;;      Locals:         0       0       0       0       0
   650 ;;      Temps:          0       0       0       0       0
   651 ;;      Totals:         0       0       0       0       0
   652 ;;Total ram usage:        0 bytes
   653 ;; Hardware stack levels used:    1
   654 ;; Hardware stack levels required when called:    2
   655 ;; This function calls:
   656 ;;		_I2C_Master_Init
   657 ;; This function is called by:
   658 ;;		_main
   659 ;; This function uses a non-reentrant model
   660 ;;
   661                           
   662                           
   663                           ;psect for function _setup
   664  0686                     _setup:
   665  0686                     l861:	
   666                           ;incstack = 0
   667                           ; Regs used in _setup: [wreg+status,2+status,0+pclath+cstack]
   668                           
   669                           
   670                           ;p1mp.c: 85:     ANSEL = 0;
   671  0686  1683               	bsf	3,5	;RP0=1, select bank3
   672  0687  1703               	bsf	3,6	;RP1=1, select bank3
   673  0688  0188               	clrf	8	;volatile
   674                           
   675                           ;p1mp.c: 86:     ANSELH = 0;
   676  0689  0189               	clrf	9	;volatile
   677                           
   678                           ;p1mp.c: 87:     TRISB = 0;
   679  068A  1683               	bsf	3,5	;RP0=1, select bank1
   680  068B  1303               	bcf	3,6	;RP1=0, select bank1
   681  068C  0186               	clrf	6	;volatile
   682                           
   683                           ;p1mp.c: 88:     TRISD = 0;
   684  068D  0188               	clrf	8	;volatile
   685                           
   686                           ;p1mp.c: 89:     TRISA = 0;
   687  068E  0185               	clrf	5	;volatile
   688                           
   689                           ;p1mp.c: 90:     PORTA = 0;
   690  068F  1283               	bcf	3,5	;RP0=0, select bank0
   691  0690  1303               	bcf	3,6	;RP1=0, select bank0
   692  0691  0185               	clrf	5	;volatile
   693                           
   694                           ;p1mp.c: 91:     PORTB = 0;
   695  0692  0186               	clrf	6	;volatile
   696                           
   697                           ;p1mp.c: 92:     PORTD = 0;
   698  0693  0188               	clrf	8	;volatile
   699  0694                     l863:
   700                           
   701                           ;p1mp.c: 93:     I2C_Master_Init(100000);
   702  0694  3000               	movlw	0
   703  0695  00A3               	movwf	I2C_Master_Init@c+3
   704  0696  3001               	movlw	1
   705  0697  00A2               	movwf	I2C_Master_Init@c+2
   706  0698  3086               	movlw	134
   707  0699  00A1               	movwf	I2C_Master_Init@c+1
   708  069A  30A0               	movlw	160
   709  069B  00A0               	movwf	I2C_Master_Init@c
   710  069C  120A  118A  26D0  120A  118A  	fcall	_I2C_Master_Init
   711  06A1                     l51:
   712  06A1  0008               	return
   713  06A2                     __end_of_setup:
   714                           
   715                           	psect	text2
   716  06D0                     __ptext2:	
   717 ;; *************** function _I2C_Master_Init *****************
   718 ;; Defined at:
   719 ;;		line 16 in file "I2C.c"
   720 ;; Parameters:    Size  Location     Type
   721 ;;  c               4    0[BANK0 ] const unsigned long 
   722 ;; Auto vars:     Size  Location     Type
   723 ;;		None
   724 ;; Return value:  Size  Location     Type
   725 ;;                  1    wreg      void 
   726 ;; Registers used:
   727 ;;		wreg, status,2, status,0, pclath, cstack
   728 ;; Tracked objects:
   729 ;;		On entry : 0/0
   730 ;;		On exit  : 0/0
   731 ;;		Unchanged: 0/0
   732 ;; Data sizes:     COMMON   BANK0   BANK1   BANK3   BANK2
   733 ;;      Params:         0       4       0       0       0
   734 ;;      Locals:         0       0       0       0       0
   735 ;;      Temps:          0       4       0       0       0
   736 ;;      Totals:         0       8       0       0       0
   737 ;;Total ram usage:        8 bytes
   738 ;; Hardware stack levels used:    1
   739 ;; Hardware stack levels required when called:    1
   740 ;; This function calls:
   741 ;;		___lldiv
   742 ;; This function is called by:
   743 ;;		_setup
   744 ;; This function uses a non-reentrant model
   745 ;;
   746                           
   747                           
   748                           ;psect for function _I2C_Master_Init
   749  06D0                     _I2C_Master_Init:
   750  06D0                     l841:	
   751                           ;incstack = 0
   752                           ; Regs used in _I2C_Master_Init: [wreg+status,2+status,0+pclath+cstack]
   753                           
   754                           
   755                           ;I2C.c: 16: void I2C_Master_Init(const unsigned long c);I2C.c: 17: {;I2C.c: 18:     SSPC
      +                          ON = 0b00101000;
   756  06D0  3028               	movlw	40
   757  06D1  1283               	bcf	3,5	;RP0=0, select bank0
   758  06D2  1303               	bcf	3,6	;RP1=0, select bank0
   759  06D3  0094               	movwf	20	;volatile
   760  06D4                     l843:
   761                           
   762                           ;I2C.c: 19:     SSPCON2 = 0;
   763  06D4  1683               	bsf	3,5	;RP0=1, select bank1
   764  06D5  1303               	bcf	3,6	;RP1=0, select bank1
   765  06D6  0191               	clrf	17	;volatile
   766  06D7                     l845:
   767                           
   768                           ;I2C.c: 20:     SSPADD = (8000000/(4*c))-1;
   769  06D7  1283               	bcf	3,5	;RP0=0, select bank0
   770  06D8  1303               	bcf	3,6	;RP1=0, select bank0
   771  06D9  0820               	movf	I2C_Master_Init@c,w
   772  06DA  00A4               	movwf	??_I2C_Master_Init
   773  06DB  0821               	movf	I2C_Master_Init@c+1,w
   774  06DC  00A5               	movwf	??_I2C_Master_Init+1
   775  06DD  0822               	movf	I2C_Master_Init@c+2,w
   776  06DE  00A6               	movwf	??_I2C_Master_Init+2
   777  06DF  0823               	movf	I2C_Master_Init@c+3,w
   778  06E0  00A7               	movwf	??_I2C_Master_Init+3
   779  06E1  3002               	movlw	2
   780  06E2                     u205:
   781  06E2  1003               	clrc
   782  06E3  0DA4               	rlf	??_I2C_Master_Init,f
   783  06E4  0DA5               	rlf	??_I2C_Master_Init+1,f
   784  06E5  0DA6               	rlf	??_I2C_Master_Init+2,f
   785  06E6  0DA7               	rlf	??_I2C_Master_Init+3,f
   786  06E7                     u200:
   787  06E7  3EFF               	addlw	-1
   788  06E8  1D03               	skipz
   789  06E9  2EE2               	goto	u205
   790  06EA  0827               	movf	??_I2C_Master_Init+3,w
   791  06EB  00F3               	movwf	___lldiv@divisor+3
   792  06EC  0826               	movf	??_I2C_Master_Init+2,w
   793  06ED  00F2               	movwf	___lldiv@divisor+2
   794  06EE  0825               	movf	??_I2C_Master_Init+1,w
   795  06EF  00F1               	movwf	___lldiv@divisor+1
   796  06F0  0824               	movf	??_I2C_Master_Init,w
   797  06F1  00F0               	movwf	___lldiv@divisor
   798  06F2  3000               	movlw	0
   799  06F3  00F7               	movwf	___lldiv@dividend+3
   800  06F4  307A               	movlw	122
   801  06F5  00F6               	movwf	___lldiv@dividend+2
   802  06F6  3012               	movlw	18
   803  06F7  00F5               	movwf	___lldiv@dividend+1
   804  06F8  3000               	movlw	0
   805  06F9  00F4               	movwf	___lldiv@dividend
   806  06FA  120A  118A  2708  120A  118A  	fcall	___lldiv
   807  06FF  0870               	movf	?___lldiv,w
   808  0700  3EFF               	addlw	255
   809  0701  1683               	bsf	3,5	;RP0=1, select bank1
   810  0702  1303               	bcf	3,6	;RP1=0, select bank1
   811  0703  0093               	movwf	19	;volatile
   812  0704                     l847:
   813                           
   814                           ;I2C.c: 21:     SSPSTAT = 0;
   815  0704  0194               	clrf	20	;volatile
   816  0705                     l849:
   817                           
   818                           ;I2C.c: 22:     TRISCbits.TRISC3 = 1;
   819  0705  1587               	bsf	7,3	;volatile
   820  0706                     l851:
   821                           
   822                           ;I2C.c: 23:     TRISCbits.TRISC4 = 1;
   823  0706  1607               	bsf	7,4	;volatile
   824  0707                     l83:
   825  0707  0008               	return
   826  0708                     __end_of_I2C_Master_Init:
   827                           
   828                           	psect	text3
   829  0708                     __ptext3:	
   830 ;; *************** function ___lldiv *****************
   831 ;; Defined at:
   832 ;;		line 5 in file "C:\Program Files\Microchip\xc8\v2.31\pic\sources\c90\common\__lldiv.c"
   833 ;; Parameters:    Size  Location     Type
   834 ;;  divisor         4    0[COMMON] unsigned long 
   835 ;;  dividend        4    4[COMMON] unsigned long 
   836 ;; Auto vars:     Size  Location     Type
   837 ;;  quotient        4    9[COMMON] unsigned long 
   838 ;;  counter         1   13[COMMON] unsigned char 
   839 ;; Return value:  Size  Location     Type
   840 ;;                  4    0[COMMON] unsigned long 
   841 ;; Registers used:
   842 ;;		wreg, status,2, status,0
   843 ;; Tracked objects:
   844 ;;		On entry : 0/0
   845 ;;		On exit  : 0/0
   846 ;;		Unchanged: 0/0
   847 ;; Data sizes:     COMMON   BANK0   BANK1   BANK3   BANK2
   848 ;;      Params:         8       0       0       0       0
   849 ;;      Locals:         5       0       0       0       0
   850 ;;      Temps:          1       0       0       0       0
   851 ;;      Totals:        14       0       0       0       0
   852 ;;Total ram usage:       14 bytes
   853 ;; Hardware stack levels used:    1
   854 ;; This function calls:
   855 ;;		Nothing
   856 ;; This function is called by:
   857 ;;		_I2C_Master_Init
   858 ;; This function uses a non-reentrant model
   859 ;;
   860                           
   861                           
   862                           ;psect for function ___lldiv
   863  0708                     ___lldiv:
   864  0708                     l817:	
   865                           ;incstack = 0
   866                           ; Regs used in ___lldiv: [wreg+status,2+status,0]
   867                           
   868  0708  3000               	movlw	0
   869  0709  00FC               	movwf	___lldiv@quotient+3
   870  070A  3000               	movlw	0
   871  070B  00FB               	movwf	___lldiv@quotient+2
   872  070C  3000               	movlw	0
   873  070D  00FA               	movwf	___lldiv@quotient+1
   874  070E  3000               	movlw	0
   875  070F  00F9               	movwf	___lldiv@quotient
   876  0710  0873               	movf	___lldiv@divisor+3,w
   877  0711  0472               	iorwf	___lldiv@divisor+2,w
   878  0712  0471               	iorwf	___lldiv@divisor+1,w
   879  0713  0470               	iorwf	___lldiv@divisor,w
   880  0714  1903               	skipnz
   881  0715  2F17               	goto	u131
   882  0716  2F18               	goto	u130
   883  0717                     u131:
   884  0717  2F65               	goto	l837
   885  0718                     u130:
   886  0718                     l819:
   887  0718  01FD               	clrf	___lldiv@counter
   888  0719  0AFD               	incf	___lldiv@counter,f
   889  071A  2F28               	goto	l823
   890  071B                     l821:
   891  071B  3001               	movlw	1
   892  071C  00F8               	movwf	??___lldiv
   893  071D                     u145:
   894  071D  1003               	clrc
   895  071E  0DF0               	rlf	___lldiv@divisor,f
   896  071F  0DF1               	rlf	___lldiv@divisor+1,f
   897  0720  0DF2               	rlf	___lldiv@divisor+2,f
   898  0721  0DF3               	rlf	___lldiv@divisor+3,f
   899  0722  0BF8               	decfsz	??___lldiv,f
   900  0723  2F1D               	goto	u145
   901  0724  3001               	movlw	1
   902  0725  00F8               	movwf	??___lldiv
   903  0726  0878               	movf	??___lldiv,w
   904  0727  07FD               	addwf	___lldiv@counter,f
   905  0728                     l823:
   906  0728  1FF3               	btfss	___lldiv@divisor+3,7
   907  0729  2F2B               	goto	u151
   908  072A  2F2C               	goto	u150
   909  072B                     u151:
   910  072B  2F1B               	goto	l821
   911  072C                     u150:
   912  072C                     l825:
   913  072C  3001               	movlw	1
   914  072D  00F8               	movwf	??___lldiv
   915  072E                     u165:
   916  072E  1003               	clrc
   917  072F  0DF9               	rlf	___lldiv@quotient,f
   918  0730  0DFA               	rlf	___lldiv@quotient+1,f
   919  0731  0DFB               	rlf	___lldiv@quotient+2,f
   920  0732  0DFC               	rlf	___lldiv@quotient+3,f
   921  0733  0BF8               	decfsz	??___lldiv,f
   922  0734  2F2E               	goto	u165
   923  0735                     l827:
   924  0735  0873               	movf	___lldiv@divisor+3,w
   925  0736  0277               	subwf	___lldiv@dividend+3,w
   926  0737  1D03               	skipz
   927  0738  2F43               	goto	u175
   928  0739  0872               	movf	___lldiv@divisor+2,w
   929  073A  0276               	subwf	___lldiv@dividend+2,w
   930  073B  1D03               	skipz
   931  073C  2F43               	goto	u175
   932  073D  0871               	movf	___lldiv@divisor+1,w
   933  073E  0275               	subwf	___lldiv@dividend+1,w
   934  073F  1D03               	skipz
   935  0740  2F43               	goto	u175
   936  0741  0870               	movf	___lldiv@divisor,w
   937  0742  0274               	subwf	___lldiv@dividend,w
   938  0743                     u175:
   939  0743  1C03               	skipc
   940  0744  2F46               	goto	u171
   941  0745  2F47               	goto	u170
   942  0746                     u171:
   943  0746  2F56               	goto	l833
   944  0747                     u170:
   945  0747                     l829:
   946  0747  0870               	movf	___lldiv@divisor,w
   947  0748  02F4               	subwf	___lldiv@dividend,f
   948  0749  0871               	movf	___lldiv@divisor+1,w
   949  074A  1C03               	skipc
   950  074B  0F71               	incfsz	___lldiv@divisor+1,w
   951  074C  02F5               	subwf	___lldiv@dividend+1,f
   952  074D  0872               	movf	___lldiv@divisor+2,w
   953  074E  1C03               	skipc
   954  074F  0F72               	incfsz	___lldiv@divisor+2,w
   955  0750  02F6               	subwf	___lldiv@dividend+2,f
   956  0751  0873               	movf	___lldiv@divisor+3,w
   957  0752  1C03               	skipc
   958  0753  0F73               	incfsz	___lldiv@divisor+3,w
   959  0754  02F7               	subwf	___lldiv@dividend+3,f
   960  0755                     l831:
   961  0755  1479               	bsf	___lldiv@quotient,0
   962  0756                     l833:
   963  0756  3001               	movlw	1
   964  0757                     u185:
   965  0757  1003               	clrc
   966  0758  0CF3               	rrf	___lldiv@divisor+3,f
   967  0759  0CF2               	rrf	___lldiv@divisor+2,f
   968  075A  0CF1               	rrf	___lldiv@divisor+1,f
   969  075B  0CF0               	rrf	___lldiv@divisor,f
   970  075C  3EFF               	addlw	-1
   971  075D  1D03               	skipz
   972  075E  2F57               	goto	u185
   973  075F                     l835:
   974  075F  3001               	movlw	1
   975  0760  02FD               	subwf	___lldiv@counter,f
   976  0761  1D03               	btfss	3,2
   977  0762  2F64               	goto	u191
   978  0763  2F65               	goto	u190
   979  0764                     u191:
   980  0764  2F2C               	goto	l825
   981  0765                     u190:
   982  0765                     l837:
   983  0765  087C               	movf	___lldiv@quotient+3,w
   984  0766  00F3               	movwf	?___lldiv+3
   985  0767  087B               	movf	___lldiv@quotient+2,w
   986  0768  00F2               	movwf	?___lldiv+2
   987  0769  087A               	movf	___lldiv@quotient+1,w
   988  076A  00F1               	movwf	?___lldiv+1
   989  076B  0879               	movf	___lldiv@quotient,w
   990  076C  00F0               	movwf	?___lldiv
   991  076D                     l231:
   992  076D  0008               	return
   993  076E                     __end_of___lldiv:
   994                           
   995                           	psect	text4
   996  0657                     __ptext4:	
   997 ;; *************** function _cfg_clk *****************
   998 ;; Defined at:
   999 ;;		line 96 in file "p1mp.c"
  1000 ;; Parameters:    Size  Location     Type
  1001 ;;		None
  1002 ;; Auto vars:     Size  Location     Type
  1003 ;;		None
  1004 ;; Return value:  Size  Location     Type
  1005 ;;                  1    wreg      void 
  1006 ;; Registers used:
  1007 ;;		wreg, status,2, status,0
  1008 ;; Tracked objects:
  1009 ;;		On entry : 0/0
  1010 ;;		On exit  : 0/0
  1011 ;;		Unchanged: 0/0
  1012 ;; Data sizes:     COMMON   BANK0   BANK1   BANK3   BANK2
  1013 ;;      Params:         0       0       0       0       0
  1014 ;;      Locals:         0       0       0       0       0
  1015 ;;      Temps:          0       0       0       0       0
  1016 ;;      Totals:         0       0       0       0       0
  1017 ;;Total ram usage:        0 bytes
  1018 ;; Hardware stack levels used:    1
  1019 ;; This function calls:
  1020 ;;		Nothing
  1021 ;; This function is called by:
  1022 ;;		_main
  1023 ;; This function uses a non-reentrant model
  1024 ;;
  1025                           
  1026                           
  1027                           ;psect for function _cfg_clk
  1028  0657                     _cfg_clk:
  1029  0657                     l857:	
  1030                           ;incstack = 0
  1031                           ; Regs used in _cfg_clk: [wreg+status,2+status,0]
  1032                           
  1033                           
  1034                           ;p1mp.c: 97:     OSCCONbits.IRCF = 0b111;
  1035  0657  3070               	movlw	112
  1036  0658  1683               	bsf	3,5	;RP0=1, select bank1
  1037  0659  1303               	bcf	3,6	;RP1=0, select bank1
  1038  065A  048F               	iorwf	15,f	;volatile
  1039  065B                     l859:
  1040                           
  1041                           ;p1mp.c: 98:     OSCCONbits.SCS = 1;
  1042  065B  140F               	bsf	15,0	;volatile
  1043  065C                     l54:
  1044  065C  0008               	return
  1045  065D                     __end_of_cfg_clk:
  1046                           
  1047                           	psect	text5
  1048  066F                     __ptext5:	
  1049 ;; *************** function _I2C_Master_Write *****************
  1050 ;; Defined at:
  1051 ;;		line 65 in file "I2C.c"
  1052 ;; Parameters:    Size  Location     Type
  1053 ;;  d               2    0[COMMON] unsigned int 
  1054 ;; Auto vars:     Size  Location     Type
  1055 ;;		None
  1056 ;; Return value:  Size  Location     Type
  1057 ;;                  1    wreg      void 
  1058 ;; Registers used:
  1059 ;;		wreg, status,2, status,0, pclath, cstack
  1060 ;; Tracked objects:
  1061 ;;		On entry : 0/0
  1062 ;;		On exit  : 0/0
  1063 ;;		Unchanged: 0/0
  1064 ;; Data sizes:     COMMON   BANK0   BANK1   BANK3   BANK2
  1065 ;;      Params:         2       0       0       0       0
  1066 ;;      Locals:         0       0       0       0       0
  1067 ;;      Temps:          0       0       0       0       0
  1068 ;;      Totals:         2       0       0       0       0
  1069 ;;Total ram usage:        2 bytes
  1070 ;; Hardware stack levels used:    1
  1071 ;; Hardware stack levels required when called:    1
  1072 ;; This function calls:
  1073 ;;		_I2C_Master_Wait
  1074 ;; This function is called by:
  1075 ;;		_main
  1076 ;; This function uses a non-reentrant model
  1077 ;;
  1078                           
  1079                           
  1080                           ;psect for function _I2C_Master_Write
  1081  066F                     _I2C_Master_Write:
  1082  066F                     l869:	
  1083                           ;incstack = 0
  1084                           ; Regs used in _I2C_Master_Write: [wreg+status,2+status,0+pclath+cstack]
  1085                           
  1086                           
  1087                           ;I2C.c: 65: void I2C_Master_Write(unsigned d);I2C.c: 66: {;I2C.c: 67:     I2C_Master_Wai
      +                          t();
  1088  066F  120A  118A  2679  120A  118A  	fcall	_I2C_Master_Wait
  1089  0674                     l871:
  1090                           
  1091                           ;I2C.c: 68:     SSPBUF = d;
  1092  0674  0870               	movf	I2C_Master_Write@d,w
  1093  0675  1283               	bcf	3,5	;RP0=0, select bank0
  1094  0676  1303               	bcf	3,6	;RP1=0, select bank0
  1095  0677  0093               	movwf	19	;volatile
  1096  0678                     l101:
  1097  0678  0008               	return
  1098  0679                     __end_of_I2C_Master_Write:
  1099                           
  1100                           	psect	text6
  1101  0666                     __ptext6:	
  1102 ;; *************** function _I2C_Master_Stop *****************
  1103 ;; Defined at:
  1104 ;;		line 55 in file "I2C.c"
  1105 ;; Parameters:    Size  Location     Type
  1106 ;;		None
  1107 ;; Auto vars:     Size  Location     Type
  1108 ;;		None
  1109 ;; Return value:  Size  Location     Type
  1110 ;;                  1    wreg      void 
  1111 ;; Registers used:
  1112 ;;		wreg, status,2, status,0, pclath, cstack
  1113 ;; Tracked objects:
  1114 ;;		On entry : 0/0
  1115 ;;		On exit  : 0/0
  1116 ;;		Unchanged: 0/0
  1117 ;; Data sizes:     COMMON   BANK0   BANK1   BANK3   BANK2
  1118 ;;      Params:         0       0       0       0       0
  1119 ;;      Locals:         0       0       0       0       0
  1120 ;;      Temps:          0       0       0       0       0
  1121 ;;      Totals:         0       0       0       0       0
  1122 ;;Total ram usage:        0 bytes
  1123 ;; Hardware stack levels used:    1
  1124 ;; Hardware stack levels required when called:    1
  1125 ;; This function calls:
  1126 ;;		_I2C_Master_Wait
  1127 ;; This function is called by:
  1128 ;;		_main
  1129 ;; This function uses a non-reentrant model
  1130 ;;
  1131                           
  1132                           
  1133                           ;psect for function _I2C_Master_Stop
  1134  0666                     _I2C_Master_Stop:
  1135  0666                     l873:	
  1136                           ;incstack = 0
  1137                           ; Regs used in _I2C_Master_Stop: [wreg+status,2+status,0+pclath+cstack]
  1138                           
  1139                           
  1140                           ;I2C.c: 57:     I2C_Master_Wait();
  1141  0666  120A  118A  2679  120A  118A  	fcall	_I2C_Master_Wait
  1142  066B                     l875:
  1143                           
  1144                           ;I2C.c: 58:     SSPCON2bits.PEN = 1;
  1145  066B  1683               	bsf	3,5	;RP0=1, select bank1
  1146  066C  1303               	bcf	3,6	;RP1=0, select bank1
  1147  066D  1511               	bsf	17,2	;volatile
  1148  066E                     l98:
  1149  066E  0008               	return
  1150  066F                     __end_of_I2C_Master_Stop:
  1151                           
  1152                           	psect	text7
  1153  065D                     __ptext7:	
  1154 ;; *************** function _I2C_Master_Start *****************
  1155 ;; Defined at:
  1156 ;;		line 39 in file "I2C.c"
  1157 ;; Parameters:    Size  Location     Type
  1158 ;;		None
  1159 ;; Auto vars:     Size  Location     Type
  1160 ;;		None
  1161 ;; Return value:  Size  Location     Type
  1162 ;;                  1    wreg      void 
  1163 ;; Registers used:
  1164 ;;		wreg, status,2, status,0, pclath, cstack
  1165 ;; Tracked objects:
  1166 ;;		On entry : 0/0
  1167 ;;		On exit  : 0/0
  1168 ;;		Unchanged: 0/0
  1169 ;; Data sizes:     COMMON   BANK0   BANK1   BANK3   BANK2
  1170 ;;      Params:         0       0       0       0       0
  1171 ;;      Locals:         0       0       0       0       0
  1172 ;;      Temps:          0       0       0       0       0
  1173 ;;      Totals:         0       0       0       0       0
  1174 ;;Total ram usage:        0 bytes
  1175 ;; Hardware stack levels used:    1
  1176 ;; Hardware stack levels required when called:    1
  1177 ;; This function calls:
  1178 ;;		_I2C_Master_Wait
  1179 ;; This function is called by:
  1180 ;;		_main
  1181 ;; This function uses a non-reentrant model
  1182 ;;
  1183                           
  1184                           
  1185                           ;psect for function _I2C_Master_Start
  1186  065D                     _I2C_Master_Start:
  1187  065D                     l865:	
  1188                           ;incstack = 0
  1189                           ; Regs used in _I2C_Master_Start: [wreg+status,2+status,0+pclath+cstack]
  1190                           
  1191                           
  1192                           ;I2C.c: 41:     I2C_Master_Wait();
  1193  065D  120A  118A  2679  120A  118A  	fcall	_I2C_Master_Wait
  1194  0662                     l867:
  1195                           
  1196                           ;I2C.c: 42:     SSPCON2bits.SEN = 1;
  1197  0662  1683               	bsf	3,5	;RP0=1, select bank1
  1198  0663  1303               	bcf	3,6	;RP1=0, select bank1
  1199  0664  1411               	bsf	17,0	;volatile
  1200  0665                     l92:
  1201  0665  0008               	return
  1202  0666                     __end_of_I2C_Master_Start:
  1203                           
  1204                           	psect	text8
  1205  06A2                     __ptext8:	
  1206 ;; *************** function _I2C_Master_Read *****************
  1207 ;; Defined at:
  1208 ;;		line 74 in file "I2C.c"
  1209 ;; Parameters:    Size  Location     Type
  1210 ;;  a               2    0[COMMON] unsigned short 
  1211 ;; Auto vars:     Size  Location     Type
  1212 ;;  temp            2    4[COMMON] unsigned short 
  1213 ;; Return value:  Size  Location     Type
  1214 ;;                  2    0[COMMON] unsigned short 
  1215 ;; Registers used:
  1216 ;;		wreg, status,2, status,0, pclath, cstack
  1217 ;; Tracked objects:
  1218 ;;		On entry : 0/0
  1219 ;;		On exit  : 0/0
  1220 ;;		Unchanged: 0/0
  1221 ;; Data sizes:     COMMON   BANK0   BANK1   BANK3   BANK2
  1222 ;;      Params:         2       0       0       0       0
  1223 ;;      Locals:         2       0       0       0       0
  1224 ;;      Temps:          2       0       0       0       0
  1225 ;;      Totals:         6       0       0       0       0
  1226 ;;Total ram usage:        6 bytes
  1227 ;; Hardware stack levels used:    1
  1228 ;; Hardware stack levels required when called:    1
  1229 ;; This function calls:
  1230 ;;		_I2C_Master_Wait
  1231 ;; This function is called by:
  1232 ;;		_main
  1233 ;; This function uses a non-reentrant model
  1234 ;;
  1235                           
  1236                           
  1237                           ;psect for function _I2C_Master_Read
  1238  06A2                     _I2C_Master_Read:
  1239  06A2                     l877:	
  1240                           ;incstack = 0
  1241                           ; Regs used in _I2C_Master_Read: [wreg+status,2+status,0+pclath+cstack]
  1242                           
  1243                           
  1244                           ;I2C.c: 74: unsigned short I2C_Master_Read(unsigned short a);I2C.c: 75: {;I2C.c: 76:    
      +                           unsigned short temp;;I2C.c: 77:     I2C_Master_Wait();
  1245  06A2  120A  118A  2679  120A  118A  	fcall	_I2C_Master_Wait
  1246  06A7                     l879:
  1247                           
  1248                           ;I2C.c: 78:     SSPCON2bits.RCEN = 1;
  1249  06A7  1683               	bsf	3,5	;RP0=1, select bank1
  1250  06A8  1303               	bcf	3,6	;RP1=0, select bank1
  1251  06A9  1591               	bsf	17,3	;volatile
  1252                           
  1253                           ;I2C.c: 79:     I2C_Master_Wait();
  1254  06AA  120A  118A  2679  120A  118A  	fcall	_I2C_Master_Wait
  1255  06AF                     l881:
  1256                           
  1257                           ;I2C.c: 80:     temp = SSPBUF;
  1258  06AF  1283               	bcf	3,5	;RP0=0, select bank0
  1259  06B0  1303               	bcf	3,6	;RP1=0, select bank0
  1260  06B1  0813               	movf	19,w	;volatile
  1261  06B2  00F2               	movwf	??_I2C_Master_Read
  1262  06B3  01F3               	clrf	??_I2C_Master_Read+1
  1263  06B4  0872               	movf	??_I2C_Master_Read,w
  1264  06B5  00F4               	movwf	I2C_Master_Read@temp
  1265  06B6  0873               	movf	??_I2C_Master_Read+1,w
  1266  06B7  00F5               	movwf	I2C_Master_Read@temp+1
  1267  06B8                     l883:
  1268                           
  1269                           ;I2C.c: 81:     I2C_Master_Wait();
  1270  06B8  120A  118A  2679  120A  118A  	fcall	_I2C_Master_Wait
  1271  06BD                     l885:
  1272                           
  1273                           ;I2C.c: 82:     if(a == 1){
  1274  06BD  0370               	decf	I2C_Master_Read@a,w
  1275  06BE  0471               	iorwf	I2C_Master_Read@a+1,w
  1276  06BF  1D03               	btfss	3,2
  1277  06C0  2EC2               	goto	u231
  1278  06C1  2EC3               	goto	u230
  1279  06C2                     u231:
  1280  06C2  2EC7               	goto	l104
  1281  06C3                     u230:
  1282  06C3                     l887:
  1283                           
  1284                           ;I2C.c: 83:         SSPCON2bits.ACKDT = 0;
  1285  06C3  1683               	bsf	3,5	;RP0=1, select bank1
  1286  06C4  1303               	bcf	3,6	;RP1=0, select bank1
  1287  06C5  1291               	bcf	17,5	;volatile
  1288                           
  1289                           ;I2C.c: 84:     }else{
  1290  06C6  2ECA               	goto	l105
  1291  06C7                     l104:
  1292                           
  1293                           ;I2C.c: 85:         SSPCON2bits.ACKDT = 1;
  1294  06C7  1683               	bsf	3,5	;RP0=1, select bank1
  1295  06C8  1303               	bcf	3,6	;RP1=0, select bank1
  1296  06C9  1691               	bsf	17,5	;volatile
  1297  06CA                     l105:	
  1298                           ;I2C.c: 86:     }
  1299                           
  1300                           
  1301                           ;I2C.c: 87:     SSPCON2bits.ACKEN = 1;
  1302  06CA  1611               	bsf	17,4	;volatile
  1303  06CB                     l889:
  1304                           
  1305                           ;I2C.c: 88:     return temp;
  1306  06CB  0875               	movf	I2C_Master_Read@temp+1,w
  1307  06CC  00F1               	movwf	?_I2C_Master_Read+1
  1308  06CD  0874               	movf	I2C_Master_Read@temp,w
  1309  06CE  00F0               	movwf	?_I2C_Master_Read
  1310  06CF                     l106:
  1311  06CF  0008               	return
  1312  06D0                     __end_of_I2C_Master_Read:
  1313                           
  1314                           	psect	text9
  1315  0679                     __ptext9:	
  1316 ;; *************** function _I2C_Master_Wait *****************
  1317 ;; Defined at:
  1318 ;;		line 32 in file "I2C.c"
  1319 ;; Parameters:    Size  Location     Type
  1320 ;;		None
  1321 ;; Auto vars:     Size  Location     Type
  1322 ;;		None
  1323 ;; Return value:  Size  Location     Type
  1324 ;;                  1    wreg      void 
  1325 ;; Registers used:
  1326 ;;		wreg, status,2
  1327 ;; Tracked objects:
  1328 ;;		On entry : 0/0
  1329 ;;		On exit  : 0/0
  1330 ;;		Unchanged: 0/0
  1331 ;; Data sizes:     COMMON   BANK0   BANK1   BANK3   BANK2
  1332 ;;      Params:         0       0       0       0       0
  1333 ;;      Locals:         0       0       0       0       0
  1334 ;;      Temps:          0       0       0       0       0
  1335 ;;      Totals:         0       0       0       0       0
  1336 ;;Total ram usage:        0 bytes
  1337 ;; Hardware stack levels used:    1
  1338 ;; This function calls:
  1339 ;;		Nothing
  1340 ;; This function is called by:
  1341 ;;		_I2C_Master_Start
  1342 ;;		_I2C_Master_Stop
  1343 ;;		_I2C_Master_Write
  1344 ;;		_I2C_Master_Read
  1345 ;;		_I2C_Master_RepeatedStart
  1346 ;; This function uses a non-reentrant model
  1347 ;;
  1348                           
  1349                           
  1350                           ;psect for function _I2C_Master_Wait
  1351  0679                     _I2C_Master_Wait:
  1352  0679                     l853:	
  1353                           ;incstack = 0
  1354                           ; Regs used in _I2C_Master_Wait: [wreg+status,2]
  1355                           
  1356  0679                     l86:	
  1357                           ;I2C.c: 34:     while ((SSPSTAT & 0x04) || (SSPCON2 & 0x1F));
  1358                           
  1359  0679  1683               	bsf	3,5	;RP0=1, select bank1
  1360  067A  1303               	bcf	3,6	;RP1=0, select bank1
  1361  067B  1914               	btfsc	20,2	;volatile
  1362  067C  2E7E               	goto	u211
  1363  067D  2E7F               	goto	u210
  1364  067E                     u211:
  1365  067E  2E79               	goto	l86
  1366  067F                     u210:
  1367  067F                     l855:
  1368  067F  0811               	movf	17,w	;volatile
  1369  0680  391F               	andlw	31
  1370  0681  1D03               	btfss	3,2
  1371  0682  2E84               	goto	u221
  1372  0683  2E85               	goto	u220
  1373  0684                     u221:
  1374  0684  2E79               	goto	l86
  1375  0685                     u220:
  1376  0685                     l89:
  1377  0685  0008               	return
  1378  0686                     __end_of_I2C_Master_Wait:
  1379  007E                     btemp	set	126	;btemp
  1380  007E                     wtemp0	set	126
  1381                           
  1382                           	psect	config
  1383                           
  1384                           ;Config register CONFIG1 @ 0x2007
  1385                           ;	Oscillator Selection bits
  1386                           ;	FOSC = INTRC_NOCLKOUT, INTOSCIO oscillator: I/O function on RA6/OSC2/CLKOUT pin, I/O f
      +                          unction on RA7/OSC1/CLKIN
  1387                           ;	Watchdog Timer Enable bit
  1388                           ;	WDTE = OFF, WDT disabled and can be enabled by SWDTEN bit of the WDTCON register
  1389                           ;	Power-up Timer Enable bit
  1390                           ;	PWRTE = OFF, PWRT disabled
  1391                           ;	RE3/MCLR pin function select bit
  1392                           ;	MCLRE = OFF, RE3/MCLR pin function is digital input, MCLR internally tied to VDD
  1393                           ;	Code Protection bit
  1394                           ;	CP = OFF, Program memory code protection is disabled
  1395                           ;	Data Code Protection bit
  1396                           ;	CPD = OFF, Data memory code protection is disabled
  1397                           ;	Brown Out Reset Selection bits
  1398                           ;	BOREN = OFF, BOR disabled
  1399                           ;	Internal External Switchover bit
  1400                           ;	IESO = OFF, Internal/External Switchover mode is disabled
  1401                           ;	Fail-Safe Clock Monitor Enabled bit
  1402                           ;	FCMEN = OFF, Fail-Safe Clock Monitor is disabled
  1403                           ;	Low Voltage Programming Enable bit
  1404                           ;	LVP = OFF, RB3 pin has digital I/O, HV on MCLR must be used for programming
  1405                           ;	In-Circuit Debugger Mode bit
  1406                           ;	DEBUG = 0x1, unprogrammed default
  1407  2007                     	org	8199
  1408  2007  20D4               	dw	8404
  1409                           
  1410                           ;Config register CONFIG2 @ 0x2008
  1411                           ;	Brown-out Reset Selection bit
  1412                           ;	BOR4V = BOR40V, Brown-out Reset set to 4.0V
  1413                           ;	Flash Program Memory Self Write Enable bits
  1414                           ;	WRT = OFF, Write protection off
  1415  2008                     	org	8200
  1416  2008  3FFF               	dw	16383

Data Sizes:
    Strings     0
    Constant    0
    Data        0
    BSS         3
    Persistent  0
    Stack       0

Auto Spaces:
    Space          Size  Autos    Used
    COMMON           14     14      14
    BANK0            80     11      14
    BANK1            80      0       0
    BANK3            96      0       0
    BANK2            96      0       0

Pointer List with Targets:

    None.

Critical Paths under _main in COMMON

    _I2C_Master_Init->___lldiv

Critical Paths under _main in BANK0

    _setup->_I2C_Master_Init

Critical Paths under _main in BANK1

    None.

Critical Paths under _main in BANK3

    None.

Critical Paths under _main in BANK2

    None.

Call Graph Tables:

 ---------------------------------------------------------------------------------
 (Depth) Function   	        Calls       Base Space   Used Autos Params    Refs
 ---------------------------------------------------------------------------------
 (0) _main                                                 3     3      0     783
                                              8 BANK0      3     3      0
                    _I2C_Master_Read
                   _I2C_Master_Start
                    _I2C_Master_Stop
                   _I2C_Master_Write
                            _cfg_clk
                              _setup
 ---------------------------------------------------------------------------------
 (1) _setup                                                0     0      0     412
                    _I2C_Master_Init
 ---------------------------------------------------------------------------------
 (2) _I2C_Master_Init                                      8     4      4     412
                                              0 BANK0      8     4      4
                            ___lldiv
 ---------------------------------------------------------------------------------
 (3) ___lldiv                                             14     6      8     314
                                              0 COMMON    14     6      8
 ---------------------------------------------------------------------------------
 (1) _cfg_clk                                              0     0      0       0
 ---------------------------------------------------------------------------------
 (1) _I2C_Master_Write                                     2     0      2     250
                                              0 COMMON     2     0      2
                    _I2C_Master_Wait
 ---------------------------------------------------------------------------------
 (1) _I2C_Master_Stop                                      0     0      0       0
                    _I2C_Master_Wait
 ---------------------------------------------------------------------------------
 (1) _I2C_Master_Start                                     0     0      0       0
                    _I2C_Master_Wait
 ---------------------------------------------------------------------------------
 (1) _I2C_Master_Read                                      6     4      2     121
                                              0 COMMON     6     4      2
                    _I2C_Master_Wait
 ---------------------------------------------------------------------------------
 (2) _I2C_Master_Wait                                      0     0      0       0
 ---------------------------------------------------------------------------------
 Estimated maximum stack depth 3
 ---------------------------------------------------------------------------------

 Call Graph Graphs:

 _main (ROOT)
   _I2C_Master_Read
     _I2C_Master_Wait
   _I2C_Master_Start
     _I2C_Master_Wait
   _I2C_Master_Stop
     _I2C_Master_Wait
   _I2C_Master_Write
     _I2C_Master_Wait
   _cfg_clk
   _setup
     _I2C_Master_Init
       ___lldiv

 Address spaces:
Name               Size   Autos  Total    Cost      Usage
BITCOMMON            E      0       0       0        0.0%
EEDATA             100      0       0       0        0.0%
NULL                 0      0       0       0        0.0%
CODE                 0      0       0       0        0.0%
COMMON               E      E       E       1      100.0%
BITSFR0              0      0       0       1        0.0%
SFR0                 0      0       0       1        0.0%
BITSFR1              0      0       0       2        0.0%
SFR1                 0      0       0       2        0.0%
STACK                0      0       0       2        0.0%
ABS                  0      0      1C       3        0.0%
BITBANK0            50      0       0       4        0.0%
BITSFR3              0      0       0       4        0.0%
SFR3                 0      0       0       4        0.0%
BANK0               50      B       E       5       17.5%
BITSFR2              0      0       0       5        0.0%
SFR2                 0      0       0       5        0.0%
BITBANK1            50      0       0       6        0.0%
BANK1               50      0       0       7        0.0%
BITBANK3            60      0       0       8        0.0%
BANK3               60      0       0       9        0.0%
BITBANK2            60      0       0      10        0.0%
BANK2               60      0       0      11        0.0%
DATA                 0      0      1C      12        0.0%


Microchip Technology PIC Macro Assembler V2.31 build 20201012212115 
Symbol Table                                                                                   Sun Aug 29 02:33:49 2021

                       l51 06A1                         l45 0778                         l54 065C  
                       l83 0707                         l92 0665                         l86 0679  
                       l89 0685                         l98 066E                         _d0 002D  
                       _d1 002C                         _pd 002B                        l101 0678  
                      l104 06C7                        l105 06CA                        l106 06CF  
                      l231 076D                        l821 071B                        l901 07B6  
                      l831 0755                        l823 0728                        l911 07E1  
                      l903 07C2                        l833 0756                        l825 072C  
                      l817 0708                        l841 06D0                        l913 07EE  
                      l905 07C7                        l835 075F                        l827 0735  
                      l819 0718                        l851 0706                        l843 06D4  
                      l907 07D6                        l853 0679                        l829 0747  
                      l837 0765                        l845 06D7                        l861 0686  
                      l909 07DC                        l855 067F                        l871 0674  
                      l847 0704                        l863 0694                        l881 06AF  
                      l865 065D                        l873 0666                        l857 0657  
                      l849 0705                        l883 06B8                        l867 0662  
                      l875 066B                        l859 065B                        l885 06BD  
                      l877 06A2                        l869 066F                        l893 076E  
                      l887 06C3                        l879 06A7                        l895 0799  
                      l889 06CB                        l897 07A8                        l899 07AD  
                      _GIE 005F                        u200 06E7                        u210 067F  
                      u130 0718                        u211 067E                        u131 0717  
                      u220 0685                        u221 0684                        u205 06E2  
                      u230 06C3                        u150 072C                        u231 06C2  
                      u151 072B                        u145 071D                        u170 0747  
                      u171 0746                        u165 072E                        u245 07E4  
                      u190 0765                        u191 0764                        u175 0743  
                      u185 0757                        u257 07A1                        u267 07CF  
                     _PEIE 005E                       _main 076E                       btemp 007E  
                     start 0000           ?_I2C_Master_Init 0020           ?_I2C_Master_Read 0070  
         ?_I2C_Master_Wait 0070           ?_I2C_Master_Stop 0070                      ?_main 0070  
                    _ANSEL 0188            __end_of___lldiv 076E                      _PORTA 0005  
                    _PORTB 0006                      _PORTD 0008            __end_of_cfg_clk 065D  
                    _TRISA 0085                      _TRISB 0086                      _TRISD 0088  
                    _SSPIE 0463                      _SSPIF 0063                      _setup 0686  
                    status 0003                      wtemp0 007E            __initialization 07F7  
             __end_of_main 07F7                     ??_main 0028          ?_I2C_Master_Start 0070  
        ?_I2C_Master_Write 0070         ??_I2C_Master_Start 0070         ??_I2C_Master_Write 0072  
                   ?_setup 0070                     _ANSELH 0189                     _SSPADD 0093  
                   _TRISC3 043B                     _TRISC4 043C                     _SSPCON 0014  
                   _SSPBUF 0013                  ??___lldiv 0078                  ??_cfg_clk 0070  
  __end_of__initialization 07FC             __pcstackCOMMON 0070              __end_of_setup 06A2  
                  ??_setup 007E                 __pbssBANK0 002B                 __pmaintext 076E  
                  _SSPCON2 0091                    _SSPSTAT 0094                    ___lldiv 0708  
                  _cfg_clk 0657                    __ptext1 0686                    __ptext2 06D0  
                  __ptext3 0708                    __ptext4 0657                    __ptext5 066F  
                  __ptext6 0666                    __ptext7 065D                    __ptext8 06A2  
                  __ptext9 0679   __size_of_I2C_Master_Init 0038   __size_of_I2C_Master_Read 002E  
 __size_of_I2C_Master_Wait 000D   __size_of_I2C_Master_Stop 0009       end_of_initialization 07FC  
__size_of_I2C_Master_Start 0009  __size_of_I2C_Master_Write 000A            ___lldiv@divisor 0070  
          ___lldiv@counter 007D           I2C_Master_Init@c 0020           I2C_Master_Read@a 0070  
                _TRISCbits 0087        start_initialization 07F7          ??_I2C_Master_Init 0024  
        ??_I2C_Master_Read 0072          ??_I2C_Master_Wait 0070          ??_I2C_Master_Stop 0070  
                ___latbits 0002              __pcstackBANK0 0020           _I2C_Master_Start 065D  
         _I2C_Master_Write 066F                   ?___lldiv 0070                   ?_cfg_clk 0070  
           __size_of_setup 001C        I2C_Master_Read@temp 0074           __size_of___lldiv 0066  
         __size_of_cfg_clk 0006            _I2C_Master_Init 06D0            _I2C_Master_Read 06A2  
          _I2C_Master_Wait 0679            _I2C_Master_Stop 0666              __size_of_main 0089  
 __end_of_I2C_Master_Start 0666   __end_of_I2C_Master_Write 0679           ___lldiv@dividend 0074  
               _OSCCONbits 008F    __end_of_I2C_Master_Init 0708    __end_of_I2C_Master_Read 06D0  
  __end_of_I2C_Master_Wait 0686    __end_of_I2C_Master_Stop 066F           ___lldiv@quotient 0079  
        I2C_Master_Write@d 0070                _SSPCON2bits 0091  
