

Microchip MPLAB XC8 Assembler V2.31 build 20201012212115 
                                                                                               Sun Aug 29 12:49:06 2021

Microchip MPLAB XC8 C Compiler v2.31 (Free license) build 20201012212115 Og1 
     1                           	processor	16F887
     2                           	pagewidth 120
     3                           	opt	flic
     4                           	psect	cinit,global,class=CODE,merge=1,delta=2
     5                           	psect	cstackCOMMON,global,class=COMMON,space=1,delta=1,noexec
     6                           	psect	cstackBANK0,global,class=BANK0,space=1,delta=1,noexec
     7                           	psect	maintext,global,class=CODE,split=1,delta=2
     8                           	psect	text1,local,class=CODE,merge=1,delta=2
     9                           	psect	text2,local,class=CODE,merge=1,delta=2
    10                           	psect	text3,local,class=CODE,merge=1,delta=2,group=1
    11                           	psect	text4,local,class=CODE,merge=1,delta=2
    12                           	psect	text5,local,class=CODE,merge=1,delta=2
    13                           	psect	text6,local,class=CODE,merge=1,delta=2
    14                           	psect	text7,local,class=CODE,merge=1,delta=2
    15                           	psect	text8,local,class=CODE,merge=1,delta=2
    16                           	psect	config,global,abs,ovrld,class=CONFIG,space=4,delta=2,noexec
    17                           	dabs	1,0x7E,2
    18  0000                     
    19                           ; Version 2.20
    20                           ; Generated 12/02/2020 GMT
    21                           ; 
    22                           ; Copyright © 2020, Microchip Technology Inc. and its subsidiaries ("Microchip")
    23                           ; All rights reserved.
    24                           ; 
    25                           ; This software is developed by Microchip Technology Inc. and its subsidiaries ("Microch
      +                          ip").
    26                           ; 
    27                           ; Redistribution and use in source and binary forms, with or without modification, are
    28                           ; permitted provided that the following conditions are met:
    29                           ; 
    30                           ;     1. Redistributions of source code must retain the above copyright notice, this lis
      +                          t of
    31                           ;        conditions and the following disclaimer.
    32                           ; 
    33                           ;     2. Redistributions in binary form must reproduce the above copyright notice, this 
      +                          list
    34                           ;        of conditions and the following disclaimer in the documentation and/or other
    35                           ;        materials provided with the distribution.
    36                           ; 
    37                           ;     3. Microchip's name may not be used to endorse or promote products derived from th
      +                          is
    38                           ;        software without specific prior written permission.
    39                           ; 
    40                           ; THIS SOFTWARE IS PROVIDED BY MICROCHIP "AS IS" AND ANY EXPRESS OR IMPLIED WARRANTIES,
    41                           ; INCLUDING, BUT NOT LIMITED TO, THE IMPLIED WARRANTIES OF MERCHANTABILITY AND FITNESS F
      +                          OR
    42                           ; PURPOSE ARE DISCLAIMED.  IN NO EVENT SHALL MICROCHIP BE LIABLE FOR ANY DIRECT, INDIREC
      +                          T,
    43                           ; INCIDENTAL, SPECIAL, EXEMPLARY, OR CONSEQUENTIAL DAMAGES (INCLUDING BUT NOT LIMITED TO
    44                           ; PROCUREMENT OF SUBSTITUTE GOODS OR SERVICES; LOSS OF USE, DATA OR PROFITS; OR BUSINESS
    45                           ; INTERRUPTION) HOWSOEVER CAUSED AND ON ANY THEORY OF LIABILITY, WHETHER IN CONTRACT, ST
      +                          RICT
    46                           ; LIABILITY, OR TORT (INCLUDING NEGLIGENCE OR OTHERWISE) ARISING IN ANY WAY OUT OF THE U
      +                          SE OF
    47                           ; THIS SOFTWARE, EVEN IF ADVISED OF THE POSSIBILITY OF SUCH DAMAGE.
    48                           ; 
    49                           ; 
    50                           ; Code-generator required, PIC16F887 Definitions
    51                           ; 
    52                           ; SFR Addresses
    53  0000                     	;# 
    54  0001                     	;# 
    55  0002                     	;# 
    56  0003                     	;# 
    57  0004                     	;# 
    58  0005                     	;# 
    59  0006                     	;# 
    60  0007                     	;# 
    61  0008                     	;# 
    62  0009                     	;# 
    63  000A                     	;# 
    64  000B                     	;# 
    65  000C                     	;# 
    66  000D                     	;# 
    67  000E                     	;# 
    68  000E                     	;# 
    69  000F                     	;# 
    70  0010                     	;# 
    71  0011                     	;# 
    72  0012                     	;# 
    73  0013                     	;# 
    74  0014                     	;# 
    75  0015                     	;# 
    76  0015                     	;# 
    77  0016                     	;# 
    78  0017                     	;# 
    79  0018                     	;# 
    80  0019                     	;# 
    81  001A                     	;# 
    82  001B                     	;# 
    83  001B                     	;# 
    84  001C                     	;# 
    85  001D                     	;# 
    86  001E                     	;# 
    87  001F                     	;# 
    88  0081                     	;# 
    89  0085                     	;# 
    90  0086                     	;# 
    91  0087                     	;# 
    92  0088                     	;# 
    93  0089                     	;# 
    94  008C                     	;# 
    95  008D                     	;# 
    96  008E                     	;# 
    97  008F                     	;# 
    98  0090                     	;# 
    99  0091                     	;# 
   100  0092                     	;# 
   101  0093                     	;# 
   102  0093                     	;# 
   103  0093                     	;# 
   104  0094                     	;# 
   105  0095                     	;# 
   106  0096                     	;# 
   107  0097                     	;# 
   108  0098                     	;# 
   109  0099                     	;# 
   110  009A                     	;# 
   111  009B                     	;# 
   112  009C                     	;# 
   113  009D                     	;# 
   114  009E                     	;# 
   115  009F                     	;# 
   116  0105                     	;# 
   117  0107                     	;# 
   118  0108                     	;# 
   119  0109                     	;# 
   120  010C                     	;# 
   121  010C                     	;# 
   122  010D                     	;# 
   123  010E                     	;# 
   124  010F                     	;# 
   125  0185                     	;# 
   126  0187                     	;# 
   127  0188                     	;# 
   128  0189                     	;# 
   129  018C                     	;# 
   130  018D                     	;# 
   131  0000                     	;# 
   132  0001                     	;# 
   133  0002                     	;# 
   134  0003                     	;# 
   135  0004                     	;# 
   136  0005                     	;# 
   137  0006                     	;# 
   138  0007                     	;# 
   139  0008                     	;# 
   140  0009                     	;# 
   141  000A                     	;# 
   142  000B                     	;# 
   143  000C                     	;# 
   144  000D                     	;# 
   145  000E                     	;# 
   146  000E                     	;# 
   147  000F                     	;# 
   148  0010                     	;# 
   149  0011                     	;# 
   150  0012                     	;# 
   151  0013                     	;# 
   152  0014                     	;# 
   153  0015                     	;# 
   154  0015                     	;# 
   155  0016                     	;# 
   156  0017                     	;# 
   157  0018                     	;# 
   158  0019                     	;# 
   159  001A                     	;# 
   160  001B                     	;# 
   161  001B                     	;# 
   162  001C                     	;# 
   163  001D                     	;# 
   164  001E                     	;# 
   165  001F                     	;# 
   166  0081                     	;# 
   167  0085                     	;# 
   168  0086                     	;# 
   169  0087                     	;# 
   170  0088                     	;# 
   171  0089                     	;# 
   172  008C                     	;# 
   173  008D                     	;# 
   174  008E                     	;# 
   175  008F                     	;# 
   176  0090                     	;# 
   177  0091                     	;# 
   178  0092                     	;# 
   179  0093                     	;# 
   180  0093                     	;# 
   181  0093                     	;# 
   182  0094                     	;# 
   183  0095                     	;# 
   184  0096                     	;# 
   185  0097                     	;# 
   186  0098                     	;# 
   187  0099                     	;# 
   188  009A                     	;# 
   189  009B                     	;# 
   190  009C                     	;# 
   191  009D                     	;# 
   192  009E                     	;# 
   193  009F                     	;# 
   194  0105                     	;# 
   195  0107                     	;# 
   196  0108                     	;# 
   197  0109                     	;# 
   198  010C                     	;# 
   199  010C                     	;# 
   200  010D                     	;# 
   201  010E                     	;# 
   202  010F                     	;# 
   203  0185                     	;# 
   204  0187                     	;# 
   205  0188                     	;# 
   206  0189                     	;# 
   207  018C                     	;# 
   208  018D                     	;# 
   209  0000                     	;# 
   210  0001                     	;# 
   211  0002                     	;# 
   212  0003                     	;# 
   213  0004                     	;# 
   214  0005                     	;# 
   215  0006                     	;# 
   216  0007                     	;# 
   217  0008                     	;# 
   218  0009                     	;# 
   219  000A                     	;# 
   220  000B                     	;# 
   221  000C                     	;# 
   222  000D                     	;# 
   223  000E                     	;# 
   224  000E                     	;# 
   225  000F                     	;# 
   226  0010                     	;# 
   227  0011                     	;# 
   228  0012                     	;# 
   229  0013                     	;# 
   230  0014                     	;# 
   231  0015                     	;# 
   232  0015                     	;# 
   233  0016                     	;# 
   234  0017                     	;# 
   235  0018                     	;# 
   236  0019                     	;# 
   237  001A                     	;# 
   238  001B                     	;# 
   239  001B                     	;# 
   240  001C                     	;# 
   241  001D                     	;# 
   242  001E                     	;# 
   243  001F                     	;# 
   244  0081                     	;# 
   245  0085                     	;# 
   246  0086                     	;# 
   247  0087                     	;# 
   248  0088                     	;# 
   249  0089                     	;# 
   250  008C                     	;# 
   251  008D                     	;# 
   252  008E                     	;# 
   253  008F                     	;# 
   254  0090                     	;# 
   255  0091                     	;# 
   256  0092                     	;# 
   257  0093                     	;# 
   258  0093                     	;# 
   259  0093                     	;# 
   260  0094                     	;# 
   261  0095                     	;# 
   262  0096                     	;# 
   263  0097                     	;# 
   264  0098                     	;# 
   265  0099                     	;# 
   266  009A                     	;# 
   267  009B                     	;# 
   268  009C                     	;# 
   269  009D                     	;# 
   270  009E                     	;# 
   271  009F                     	;# 
   272  0105                     	;# 
   273  0107                     	;# 
   274  0108                     	;# 
   275  0109                     	;# 
   276  010C                     	;# 
   277  010C                     	;# 
   278  010D                     	;# 
   279  010E                     	;# 
   280  010F                     	;# 
   281  0185                     	;# 
   282  0187                     	;# 
   283  0188                     	;# 
   284  0189                     	;# 
   285  018C                     	;# 
   286  018D                     	;# 
   287  0008                     _PORTD	set	8
   288  0006                     _PORTB	set	6
   289  0013                     _SSPBUF	set	19
   290  0014                     _SSPCON	set	20
   291  0063                     _SSPIF	set	99
   292  005E                     _PEIE	set	94
   293  005F                     _GIE	set	95
   294  008F                     _OSCCONbits	set	143
   295  0088                     _TRISD	set	136
   296  0086                     _TRISB	set	134
   297  0091                     _SSPCON2bits	set	145
   298  0087                     _TRISCbits	set	135
   299  0094                     _SSPSTAT	set	148
   300  0093                     _SSPADD	set	147
   301  0091                     _SSPCON2	set	145
   302  0463                     _SSPIE	set	1123
   303  043C                     _TRISC4	set	1084
   304  043B                     _TRISC3	set	1083
   305  0189                     _ANSELH	set	393
   306  0188                     _ANSEL	set	392
   307                           
   308                           	psect	cinit
   309  07FC                     start_initialization:	
   310                           ; #config settings
   311                           
   312  07FC                     __initialization:
   313  07FC                     end_of_initialization:	
   314                           ;End of C runtime variable initialization code
   315                           
   316  07FC                     __end_of__initialization:
   317  07FC  0183               	clrf	3
   318  07FD  120A  118A  2F8F   	ljmp	_main	;jump to C main() function
   319                           
   320                           	psect	cstackCOMMON
   321  0070                     __pcstackCOMMON:
   322  0070                     ?_setup:
   323  0070                     ?_I2C_Master_Wait:	
   324                           ; 1 bytes @ 0x0
   325                           
   326  0070                     ??_I2C_Master_Wait:	
   327                           ; 1 bytes @ 0x0
   328                           
   329  0070                     ?_I2C_Master_Start:	
   330                           ; 1 bytes @ 0x0
   331                           
   332  0070                     ??_I2C_Master_Start:	
   333                           ; 1 bytes @ 0x0
   334                           
   335  0070                     ?_I2C_Master_Stop:	
   336                           ; 1 bytes @ 0x0
   337                           
   338  0070                     ??_I2C_Master_Stop:	
   339                           ; 1 bytes @ 0x0
   340                           
   341  0070                     ?_I2C_Master_Write:	
   342                           ; 1 bytes @ 0x0
   343                           
   344  0070                     ?_main:	
   345                           ; 1 bytes @ 0x0
   346                           
   347  0070                     ?_I2C_Master_Read:	
   348                           ; 1 bytes @ 0x0
   349                           
   350  0070                     ?___lldiv:	
   351                           ; 2 bytes @ 0x0
   352                           
   353  0070                     I2C_Master_Write@d:	
   354                           ; 4 bytes @ 0x0
   355                           
   356  0070                     I2C_Master_Read@a:	
   357                           ; 2 bytes @ 0x0
   358                           
   359  0070                     ___lldiv@divisor:	
   360                           ; 2 bytes @ 0x0
   361                           
   362                           
   363                           ; 4 bytes @ 0x0
   364  0070                     	ds	2
   365  0072                     ??_I2C_Master_Write:
   366  0072                     ??_I2C_Master_Read:	
   367                           ; 1 bytes @ 0x2
   368                           
   369                           
   370                           ; 1 bytes @ 0x2
   371  0072                     	ds	2
   372  0074                     I2C_Master_Read@temp:
   373  0074                     ___lldiv@dividend:	
   374                           ; 2 bytes @ 0x4
   375                           
   376                           
   377                           ; 4 bytes @ 0x4
   378  0074                     	ds	4
   379  0078                     ??___lldiv:
   380                           
   381                           ; 1 bytes @ 0x8
   382  0078                     	ds	1
   383  0079                     ___lldiv@quotient:
   384                           
   385                           ; 4 bytes @ 0x9
   386  0079                     	ds	4
   387  007D                     ___lldiv@counter:
   388                           
   389                           ; 1 bytes @ 0xD
   390  007D                     	ds	1
   391  007E                     ??_setup:
   392                           
   393                           	psect	cstackBANK0
   394  0020                     __pcstackBANK0:	
   395                           ; 1 bytes @ 0xE
   396                           
   397  0020                     ?_I2C_Master_Init:
   398  0020                     I2C_Master_Init@c:	
   399                           ; 1 bytes @ 0x0
   400                           
   401                           
   402                           ; 4 bytes @ 0x0
   403  0020                     	ds	4
   404  0024                     ??_I2C_Master_Init:
   405                           
   406                           ; 1 bytes @ 0x4
   407  0024                     	ds	4
   408  0028                     ??_main:
   409                           
   410                           ; 1 bytes @ 0x8
   411  0028                     	ds	3
   412                           
   413                           	psect	maintext
   414  078F                     __pmaintext:	
   415 ;;
   416 ;;Main: autosize = 0, tempsize = 3, incstack = 0, save=0
   417 ;;
   418 ;; *************** function _main *****************
   419 ;; Defined at:
   420 ;;		line 50 in file "MASTER.c"
   421 ;; Parameters:    Size  Location     Type
   422 ;;		None
   423 ;; Auto vars:     Size  Location     Type
   424 ;;		None
   425 ;; Return value:  Size  Location     Type
   426 ;;                  1    wreg      void 
   427 ;; Registers used:
   428 ;;		wreg, status,2, status,0, pclath, cstack
   429 ;; Tracked objects:
   430 ;;		On entry : B00/0
   431 ;;		On exit  : 0/0
   432 ;;		Unchanged: 0/0
   433 ;; Data sizes:     COMMON   BANK0   BANK1   BANK3   BANK2
   434 ;;      Params:         0       0       0       0       0
   435 ;;      Locals:         0       0       0       0       0
   436 ;;      Temps:          0       3       0       0       0
   437 ;;      Totals:         0       3       0       0       0
   438 ;;Total ram usage:        3 bytes
   439 ;; Hardware stack levels required when called:    3
   440 ;; This function calls:
   441 ;;		_I2C_Master_Read
   442 ;;		_I2C_Master_Start
   443 ;;		_I2C_Master_Stop
   444 ;;		_I2C_Master_Write
   445 ;;		_setup
   446 ;; This function is called by:
   447 ;;		Startup code after reset
   448 ;; This function uses a non-reentrant model
   449 ;;
   450                           
   451                           
   452                           ;psect for function _main
   453  078F                     _main:
   454  078F                     l859:	
   455                           ;incstack = 0
   456                           ; Regs used in _main: [wreg+status,2+status,0+pclath+cstack]
   457                           
   458                           
   459                           ;MASTER.c: 51:     setup();
   460  078F  120A  118A  26A9  120A  118A  	fcall	_setup
   461  0794                     l88:	
   462                           ;MASTER.c: 52:     while(1){
   463                           
   464                           
   465                           ;MASTER.c: 53:         I2C_Master_Start();
   466  0794  120A  118A  2680  120A  118A  	fcall	_I2C_Master_Start
   467                           
   468                           ;MASTER.c: 54:         I2C_Master_Write(0x50);
   469  0799  3050               	movlw	80
   470  079A  00F0               	movwf	I2C_Master_Write@d
   471  079B  3000               	movlw	0
   472  079C  00F1               	movwf	I2C_Master_Write@d+1
   473  079D  120A  118A  2692  120A  118A  	fcall	_I2C_Master_Write
   474                           
   475                           ;MASTER.c: 55:         I2C_Master_Write(PORTB);
   476  07A2  1283               	bcf	3,5	;RP0=0, select bank0
   477  07A3  1303               	bcf	3,6	;RP1=0, select bank0
   478  07A4  0806               	movf	6,w	;volatile
   479  07A5  00A8               	movwf	??_main
   480  07A6  01A9               	clrf	??_main+1
   481  07A7  0828               	movf	??_main,w
   482  07A8  00F0               	movwf	I2C_Master_Write@d
   483  07A9  0829               	movf	??_main+1,w
   484  07AA  00F1               	movwf	I2C_Master_Write@d+1
   485  07AB  120A  118A  2692  120A  118A  	fcall	_I2C_Master_Write
   486                           
   487                           ;MASTER.c: 56:         I2C_Master_Stop();
   488  07B0  120A  118A  2689  120A  118A  	fcall	_I2C_Master_Stop
   489  07B5                     l861:
   490                           
   491                           ;MASTER.c: 57:         _delay((unsigned long)((200)*(8000000/4000.0)));
   492  07B5  3003               	movlw	3
   493  07B6  1283               	bcf	3,5	;RP0=0, select bank0
   494  07B7  1303               	bcf	3,6	;RP1=0, select bank0
   495  07B8  00AA               	movwf	??_main+2
   496  07B9  3008               	movlw	8
   497  07BA  00A9               	movwf	??_main+1
   498  07BB  3076               	movlw	118
   499  07BC  00A8               	movwf	??_main
   500  07BD                     u217:
   501  07BD  0BA8               	decfsz	??_main,f
   502  07BE  2FBD               	goto	u217
   503  07BF  0BA9               	decfsz	??_main+1,f
   504  07C0  2FBD               	goto	u217
   505  07C1  0BAA               	decfsz	??_main+2,f
   506  07C2  2FBD               	goto	u217
   507  07C3  0000               	nop
   508  07C4                     l863:
   509                           
   510                           ;MASTER.c: 59:         I2C_Master_Start();
   511  07C4  120A  118A  2680  120A  118A  	fcall	_I2C_Master_Start
   512  07C9                     l865:
   513                           
   514                           ;MASTER.c: 60:         I2C_Master_Write(0x51);
   515  07C9  3051               	movlw	81
   516  07CA  00F0               	movwf	I2C_Master_Write@d
   517  07CB  3000               	movlw	0
   518  07CC  00F1               	movwf	I2C_Master_Write@d+1
   519  07CD  120A  118A  2692  120A  118A  	fcall	_I2C_Master_Write
   520  07D2                     l867:
   521                           
   522                           ;MASTER.c: 61:         PORTD = I2C_Master_Read(0);
   523  07D2  3000               	movlw	0
   524  07D3  00F0               	movwf	I2C_Master_Read@a
   525  07D4  00F1               	movwf	I2C_Master_Read@a+1
   526  07D5  120A  118A  26C3  120A  118A  	fcall	_I2C_Master_Read
   527  07DA  0870               	movf	?_I2C_Master_Read,w
   528  07DB  1283               	bcf	3,5	;RP0=0, select bank0
   529  07DC  1303               	bcf	3,6	;RP1=0, select bank0
   530  07DD  0088               	movwf	8	;volatile
   531  07DE                     l869:
   532                           
   533                           ;MASTER.c: 62:         I2C_Master_Stop();
   534  07DE  120A  118A  2689  120A  118A  	fcall	_I2C_Master_Stop
   535  07E3                     l871:
   536                           
   537                           ;MASTER.c: 63:         _delay((unsigned long)((200)*(8000000/4000.0)));
   538  07E3  3003               	movlw	3
   539  07E4  1283               	bcf	3,5	;RP0=0, select bank0
   540  07E5  1303               	bcf	3,6	;RP1=0, select bank0
   541  07E6  00AA               	movwf	??_main+2
   542  07E7  3008               	movlw	8
   543  07E8  00A9               	movwf	??_main+1
   544  07E9  3076               	movlw	118
   545  07EA  00A8               	movwf	??_main
   546  07EB                     u227:
   547  07EB  0BA8               	decfsz	??_main,f
   548  07EC  2FEB               	goto	u227
   549  07ED  0BA9               	decfsz	??_main+1,f
   550  07EE  2FEB               	goto	u227
   551  07EF  0BAA               	decfsz	??_main+2,f
   552  07F0  2FEB               	goto	u227
   553  07F1  0000               	nop
   554  07F2                     l873:
   555                           
   556                           ;MASTER.c: 64:         PORTB++;
   557  07F2  3001               	movlw	1
   558  07F3  1283               	bcf	3,5	;RP0=0, select bank0
   559  07F4  1303               	bcf	3,6	;RP1=0, select bank0
   560  07F5  00A8               	movwf	??_main
   561  07F6  0828               	movf	??_main,w
   562  07F7  0786               	addwf	6,f	;volatile
   563  07F8  2F94               	goto	l88
   564  07F9  120A  118A  2800   	ljmp	start
   565  07FC                     __end_of_main:
   566                           
   567                           	psect	text1
   568  06A9                     __ptext1:	
   569 ;; *************** function _setup *****************
   570 ;; Defined at:
   571 ;;		line 71 in file "MASTER.c"
   572 ;; Parameters:    Size  Location     Type
   573 ;;		None
   574 ;; Auto vars:     Size  Location     Type
   575 ;;		None
   576 ;; Return value:  Size  Location     Type
   577 ;;                  1    wreg      void 
   578 ;; Registers used:
   579 ;;		wreg, status,2, status,0, pclath, cstack
   580 ;; Tracked objects:
   581 ;;		On entry : 0/0
   582 ;;		On exit  : 0/0
   583 ;;		Unchanged: 0/0
   584 ;; Data sizes:     COMMON   BANK0   BANK1   BANK3   BANK2
   585 ;;      Params:         0       0       0       0       0
   586 ;;      Locals:         0       0       0       0       0
   587 ;;      Temps:          0       0       0       0       0
   588 ;;      Totals:         0       0       0       0       0
   589 ;;Total ram usage:        0 bytes
   590 ;; Hardware stack levels used:    1
   591 ;; Hardware stack levels required when called:    2
   592 ;; This function calls:
   593 ;;		_I2C_Master_Init
   594 ;; This function is called by:
   595 ;;		_main
   596 ;; This function uses a non-reentrant model
   597 ;;
   598                           
   599                           
   600                           ;psect for function _setup
   601  06A9                     _setup:
   602  06A9                     l855:	
   603                           ;incstack = 0
   604                           ; Regs used in _setup: [wreg+status,2+status,0+pclath+cstack]
   605                           
   606                           
   607                           ;MASTER.c: 72:     ANSEL = 0;
   608  06A9  1683               	bsf	3,5	;RP0=1, select bank3
   609  06AA  1703               	bsf	3,6	;RP1=1, select bank3
   610  06AB  0188               	clrf	8	;volatile
   611                           
   612                           ;MASTER.c: 73:     ANSELH = 0;
   613  06AC  0189               	clrf	9	;volatile
   614                           
   615                           ;MASTER.c: 74:     TRISB = 0;
   616  06AD  1683               	bsf	3,5	;RP0=1, select bank1
   617  06AE  1303               	bcf	3,6	;RP1=0, select bank1
   618  06AF  0186               	clrf	6	;volatile
   619                           
   620                           ;MASTER.c: 75:     TRISD = 0;
   621  06B0  0188               	clrf	8	;volatile
   622                           
   623                           ;MASTER.c: 76:     PORTB = 0;
   624  06B1  1283               	bcf	3,5	;RP0=0, select bank0
   625  06B2  1303               	bcf	3,6	;RP1=0, select bank0
   626  06B3  0186               	clrf	6	;volatile
   627                           
   628                           ;MASTER.c: 77:     PORTD = 0;
   629  06B4  0188               	clrf	8	;volatile
   630  06B5                     l857:
   631                           
   632                           ;MASTER.c: 78:     I2C_Master_Init(100000);
   633  06B5  3000               	movlw	0
   634  06B6  00A3               	movwf	I2C_Master_Init@c+3
   635  06B7  3001               	movlw	1
   636  06B8  00A2               	movwf	I2C_Master_Init@c+2
   637  06B9  3086               	movlw	134
   638  06BA  00A1               	movwf	I2C_Master_Init@c+1
   639  06BB  30A0               	movlw	160
   640  06BC  00A0               	movwf	I2C_Master_Init@c
   641  06BD  120A  118A  26F1  120A  118A  	fcall	_I2C_Master_Init
   642  06C2                     l94:
   643  06C2  0008               	return
   644  06C3                     __end_of_setup:
   645                           
   646                           	psect	text2
   647  06F1                     __ptext2:	
   648 ;; *************** function _I2C_Master_Init *****************
   649 ;; Defined at:
   650 ;;		line 16 in file "I2C.c"
   651 ;; Parameters:    Size  Location     Type
   652 ;;  c               4    0[BANK0 ] const unsigned long 
   653 ;; Auto vars:     Size  Location     Type
   654 ;;		None
   655 ;; Return value:  Size  Location     Type
   656 ;;                  1    wreg      void 
   657 ;; Registers used:
   658 ;;		wreg, status,2, status,0, pclath, cstack
   659 ;; Tracked objects:
   660 ;;		On entry : 0/0
   661 ;;		On exit  : 0/0
   662 ;;		Unchanged: 0/0
   663 ;; Data sizes:     COMMON   BANK0   BANK1   BANK3   BANK2
   664 ;;      Params:         0       4       0       0       0
   665 ;;      Locals:         0       0       0       0       0
   666 ;;      Temps:          0       4       0       0       0
   667 ;;      Totals:         0       8       0       0       0
   668 ;;Total ram usage:        8 bytes
   669 ;; Hardware stack levels used:    1
   670 ;; Hardware stack levels required when called:    1
   671 ;; This function calls:
   672 ;;		___lldiv
   673 ;; This function is called by:
   674 ;;		_setup
   675 ;; This function uses a non-reentrant model
   676 ;;
   677                           
   678                           
   679                           ;psect for function _I2C_Master_Init
   680  06F1                     _I2C_Master_Init:
   681  06F1                     l823:	
   682                           ;incstack = 0
   683                           ; Regs used in _I2C_Master_Init: [wreg+status,2+status,0+pclath+cstack]
   684                           
   685                           
   686                           ;I2C.c: 16: void I2C_Master_Init(const unsigned long c);I2C.c: 17: {;I2C.c: 18:     SSPC
      +                          ON = 0b00101000;
   687  06F1  3028               	movlw	40
   688  06F2  1283               	bcf	3,5	;RP0=0, select bank0
   689  06F3  1303               	bcf	3,6	;RP1=0, select bank0
   690  06F4  0094               	movwf	20	;volatile
   691  06F5                     l825:
   692                           
   693                           ;I2C.c: 19:     SSPCON2 = 0;
   694  06F5  1683               	bsf	3,5	;RP0=1, select bank1
   695  06F6  1303               	bcf	3,6	;RP1=0, select bank1
   696  06F7  0191               	clrf	17	;volatile
   697  06F8                     l827:
   698                           
   699                           ;I2C.c: 20:     SSPADD = (8000000/(4*c))-1;
   700  06F8  1283               	bcf	3,5	;RP0=0, select bank0
   701  06F9  1303               	bcf	3,6	;RP1=0, select bank0
   702  06FA  0820               	movf	I2C_Master_Init@c,w
   703  06FB  00A4               	movwf	??_I2C_Master_Init
   704  06FC  0821               	movf	I2C_Master_Init@c+1,w
   705  06FD  00A5               	movwf	??_I2C_Master_Init+1
   706  06FE  0822               	movf	I2C_Master_Init@c+2,w
   707  06FF  00A6               	movwf	??_I2C_Master_Init+2
   708  0700  0823               	movf	I2C_Master_Init@c+3,w
   709  0701  00A7               	movwf	??_I2C_Master_Init+3
   710  0702  3002               	movlw	2
   711  0703                     u195:
   712  0703  1003               	clrc
   713  0704  0DA4               	rlf	??_I2C_Master_Init,f
   714  0705  0DA5               	rlf	??_I2C_Master_Init+1,f
   715  0706  0DA6               	rlf	??_I2C_Master_Init+2,f
   716  0707  0DA7               	rlf	??_I2C_Master_Init+3,f
   717  0708                     u190:
   718  0708  3EFF               	addlw	-1
   719  0709  1D03               	skipz
   720  070A  2F03               	goto	u195
   721  070B  0827               	movf	??_I2C_Master_Init+3,w
   722  070C  00F3               	movwf	___lldiv@divisor+3
   723  070D  0826               	movf	??_I2C_Master_Init+2,w
   724  070E  00F2               	movwf	___lldiv@divisor+2
   725  070F  0825               	movf	??_I2C_Master_Init+1,w
   726  0710  00F1               	movwf	___lldiv@divisor+1
   727  0711  0824               	movf	??_I2C_Master_Init,w
   728  0712  00F0               	movwf	___lldiv@divisor
   729  0713  3000               	movlw	0
   730  0714  00F7               	movwf	___lldiv@dividend+3
   731  0715  307A               	movlw	122
   732  0716  00F6               	movwf	___lldiv@dividend+2
   733  0717  3012               	movlw	18
   734  0718  00F5               	movwf	___lldiv@dividend+1
   735  0719  3000               	movlw	0
   736  071A  00F4               	movwf	___lldiv@dividend
   737  071B  120A  118A  2729  120A  118A  	fcall	___lldiv
   738  0720  0870               	movf	?___lldiv,w
   739  0721  3EFF               	addlw	255
   740  0722  1683               	bsf	3,5	;RP0=1, select bank1
   741  0723  1303               	bcf	3,6	;RP1=0, select bank1
   742  0724  0093               	movwf	19	;volatile
   743  0725                     l829:
   744                           
   745                           ;I2C.c: 21:     SSPSTAT = 0;
   746  0725  0194               	clrf	20	;volatile
   747  0726                     l831:
   748                           
   749                           ;I2C.c: 22:     TRISCbits.TRISC3 = 1;
   750  0726  1587               	bsf	7,3	;volatile
   751  0727                     l833:
   752                           
   753                           ;I2C.c: 23:     TRISCbits.TRISC4 = 1;
   754  0727  1607               	bsf	7,4	;volatile
   755  0728                     l29:
   756  0728  0008               	return
   757  0729                     __end_of_I2C_Master_Init:
   758                           
   759                           	psect	text3
   760  0729                     __ptext3:	
   761 ;; *************** function ___lldiv *****************
   762 ;; Defined at:
   763 ;;		line 5 in file "C:\Program Files\Microchip\xc8\v2.31\pic\sources\c90\common\__lldiv.c"
   764 ;; Parameters:    Size  Location     Type
   765 ;;  divisor         4    0[COMMON] unsigned long 
   766 ;;  dividend        4    4[COMMON] unsigned long 
   767 ;; Auto vars:     Size  Location     Type
   768 ;;  quotient        4    9[COMMON] unsigned long 
   769 ;;  counter         1   13[COMMON] unsigned char 
   770 ;; Return value:  Size  Location     Type
   771 ;;                  4    0[COMMON] unsigned long 
   772 ;; Registers used:
   773 ;;		wreg, status,2, status,0
   774 ;; Tracked objects:
   775 ;;		On entry : 0/0
   776 ;;		On exit  : 0/0
   777 ;;		Unchanged: 0/0
   778 ;; Data sizes:     COMMON   BANK0   BANK1   BANK3   BANK2
   779 ;;      Params:         8       0       0       0       0
   780 ;;      Locals:         5       0       0       0       0
   781 ;;      Temps:          1       0       0       0       0
   782 ;;      Totals:        14       0       0       0       0
   783 ;;Total ram usage:       14 bytes
   784 ;; Hardware stack levels used:    1
   785 ;; This function calls:
   786 ;;		Nothing
   787 ;; This function is called by:
   788 ;;		_I2C_Master_Init
   789 ;; This function uses a non-reentrant model
   790 ;;
   791                           
   792                           
   793                           ;psect for function ___lldiv
   794  0729                     ___lldiv:
   795  0729                     l799:	
   796                           ;incstack = 0
   797                           ; Regs used in ___lldiv: [wreg+status,2+status,0]
   798                           
   799  0729  3000               	movlw	0
   800  072A  00FC               	movwf	___lldiv@quotient+3
   801  072B  3000               	movlw	0
   802  072C  00FB               	movwf	___lldiv@quotient+2
   803  072D  3000               	movlw	0
   804  072E  00FA               	movwf	___lldiv@quotient+1
   805  072F  3000               	movlw	0
   806  0730  00F9               	movwf	___lldiv@quotient
   807  0731  0873               	movf	___lldiv@divisor+3,w
   808  0732  0472               	iorwf	___lldiv@divisor+2,w
   809  0733  0471               	iorwf	___lldiv@divisor+1,w
   810  0734  0470               	iorwf	___lldiv@divisor,w
   811  0735  1903               	skipnz
   812  0736  2F38               	goto	u121
   813  0737  2F39               	goto	u120
   814  0738                     u121:
   815  0738  2F86               	goto	l819
   816  0739                     u120:
   817  0739                     l801:
   818  0739  01FD               	clrf	___lldiv@counter
   819  073A  0AFD               	incf	___lldiv@counter,f
   820  073B  2F49               	goto	l805
   821  073C                     l803:
   822  073C  3001               	movlw	1
   823  073D  00F8               	movwf	??___lldiv
   824  073E                     u135:
   825  073E  1003               	clrc
   826  073F  0DF0               	rlf	___lldiv@divisor,f
   827  0740  0DF1               	rlf	___lldiv@divisor+1,f
   828  0741  0DF2               	rlf	___lldiv@divisor+2,f
   829  0742  0DF3               	rlf	___lldiv@divisor+3,f
   830  0743  0BF8               	decfsz	??___lldiv,f
   831  0744  2F3E               	goto	u135
   832  0745  3001               	movlw	1
   833  0746  00F8               	movwf	??___lldiv
   834  0747  0878               	movf	??___lldiv,w
   835  0748  07FD               	addwf	___lldiv@counter,f
   836  0749                     l805:
   837  0749  1FF3               	btfss	___lldiv@divisor+3,7
   838  074A  2F4C               	goto	u141
   839  074B  2F4D               	goto	u140
   840  074C                     u141:
   841  074C  2F3C               	goto	l803
   842  074D                     u140:
   843  074D                     l807:
   844  074D  3001               	movlw	1
   845  074E  00F8               	movwf	??___lldiv
   846  074F                     u155:
   847  074F  1003               	clrc
   848  0750  0DF9               	rlf	___lldiv@quotient,f
   849  0751  0DFA               	rlf	___lldiv@quotient+1,f
   850  0752  0DFB               	rlf	___lldiv@quotient+2,f
   851  0753  0DFC               	rlf	___lldiv@quotient+3,f
   852  0754  0BF8               	decfsz	??___lldiv,f
   853  0755  2F4F               	goto	u155
   854  0756                     l809:
   855  0756  0873               	movf	___lldiv@divisor+3,w
   856  0757  0277               	subwf	___lldiv@dividend+3,w
   857  0758  1D03               	skipz
   858  0759  2F64               	goto	u165
   859  075A  0872               	movf	___lldiv@divisor+2,w
   860  075B  0276               	subwf	___lldiv@dividend+2,w
   861  075C  1D03               	skipz
   862  075D  2F64               	goto	u165
   863  075E  0871               	movf	___lldiv@divisor+1,w
   864  075F  0275               	subwf	___lldiv@dividend+1,w
   865  0760  1D03               	skipz
   866  0761  2F64               	goto	u165
   867  0762  0870               	movf	___lldiv@divisor,w
   868  0763  0274               	subwf	___lldiv@dividend,w
   869  0764                     u165:
   870  0764  1C03               	skipc
   871  0765  2F67               	goto	u161
   872  0766  2F68               	goto	u160
   873  0767                     u161:
   874  0767  2F77               	goto	l815
   875  0768                     u160:
   876  0768                     l811:
   877  0768  0870               	movf	___lldiv@divisor,w
   878  0769  02F4               	subwf	___lldiv@dividend,f
   879  076A  0871               	movf	___lldiv@divisor+1,w
   880  076B  1C03               	skipc
   881  076C  0F71               	incfsz	___lldiv@divisor+1,w
   882  076D  02F5               	subwf	___lldiv@dividend+1,f
   883  076E  0872               	movf	___lldiv@divisor+2,w
   884  076F  1C03               	skipc
   885  0770  0F72               	incfsz	___lldiv@divisor+2,w
   886  0771  02F6               	subwf	___lldiv@dividend+2,f
   887  0772  0873               	movf	___lldiv@divisor+3,w
   888  0773  1C03               	skipc
   889  0774  0F73               	incfsz	___lldiv@divisor+3,w
   890  0775  02F7               	subwf	___lldiv@dividend+3,f
   891  0776                     l813:
   892  0776  1479               	bsf	___lldiv@quotient,0
   893  0777                     l815:
   894  0777  3001               	movlw	1
   895  0778                     u175:
   896  0778  1003               	clrc
   897  0779  0CF3               	rrf	___lldiv@divisor+3,f
   898  077A  0CF2               	rrf	___lldiv@divisor+2,f
   899  077B  0CF1               	rrf	___lldiv@divisor+1,f
   900  077C  0CF0               	rrf	___lldiv@divisor,f
   901  077D  3EFF               	addlw	-1
   902  077E  1D03               	skipz
   903  077F  2F78               	goto	u175
   904  0780                     l817:
   905  0780  3001               	movlw	1
   906  0781  02FD               	subwf	___lldiv@counter,f
   907  0782  1D03               	btfss	3,2
   908  0783  2F85               	goto	u181
   909  0784  2F86               	goto	u180
   910  0785                     u181:
   911  0785  2F4D               	goto	l807
   912  0786                     u180:
   913  0786                     l819:
   914  0786  087C               	movf	___lldiv@quotient+3,w
   915  0787  00F3               	movwf	?___lldiv+3
   916  0788  087B               	movf	___lldiv@quotient+2,w
   917  0789  00F2               	movwf	?___lldiv+2
   918  078A  087A               	movf	___lldiv@quotient+1,w
   919  078B  00F1               	movwf	?___lldiv+1
   920  078C  0879               	movf	___lldiv@quotient,w
   921  078D  00F0               	movwf	?___lldiv
   922  078E                     l219:
   923  078E  0008               	return
   924  078F                     __end_of___lldiv:
   925                           
   926                           	psect	text4
   927  0692                     __ptext4:	
   928 ;; *************** function _I2C_Master_Write *****************
   929 ;; Defined at:
   930 ;;		line 65 in file "I2C.c"
   931 ;; Parameters:    Size  Location     Type
   932 ;;  d               2    0[COMMON] unsigned int 
   933 ;; Auto vars:     Size  Location     Type
   934 ;;		None
   935 ;; Return value:  Size  Location     Type
   936 ;;                  1    wreg      void 
   937 ;; Registers used:
   938 ;;		wreg, status,2, status,0, pclath, cstack
   939 ;; Tracked objects:
   940 ;;		On entry : 0/0
   941 ;;		On exit  : 0/0
   942 ;;		Unchanged: 0/0
   943 ;; Data sizes:     COMMON   BANK0   BANK1   BANK3   BANK2
   944 ;;      Params:         2       0       0       0       0
   945 ;;      Locals:         0       0       0       0       0
   946 ;;      Temps:          0       0       0       0       0
   947 ;;      Totals:         2       0       0       0       0
   948 ;;Total ram usage:        2 bytes
   949 ;; Hardware stack levels used:    1
   950 ;; Hardware stack levels required when called:    1
   951 ;; This function calls:
   952 ;;		_I2C_Master_Wait
   953 ;; This function is called by:
   954 ;;		_main
   955 ;; This function uses a non-reentrant model
   956 ;;
   957                           
   958                           
   959                           ;psect for function _I2C_Master_Write
   960  0692                     _I2C_Master_Write:
   961  0692                     l835:	
   962                           ;incstack = 0
   963                           ; Regs used in _I2C_Master_Write: [wreg+status,2+status,0+pclath+cstack]
   964                           
   965                           
   966                           ;I2C.c: 65: void I2C_Master_Write(unsigned d);I2C.c: 66: {;I2C.c: 67:     I2C_Master_Wai
      +                          t();
   967  0692  120A  118A  269C  120A  118A  	fcall	_I2C_Master_Wait
   968  0697                     l837:
   969                           
   970                           ;I2C.c: 68:     SSPBUF = d;
   971  0697  0870               	movf	I2C_Master_Write@d,w
   972  0698  1283               	bcf	3,5	;RP0=0, select bank0
   973  0699  1303               	bcf	3,6	;RP1=0, select bank0
   974  069A  0093               	movwf	19	;volatile
   975  069B                     l47:
   976  069B  0008               	return
   977  069C                     __end_of_I2C_Master_Write:
   978                           
   979                           	psect	text5
   980  0689                     __ptext5:	
   981 ;; *************** function _I2C_Master_Stop *****************
   982 ;; Defined at:
   983 ;;		line 55 in file "I2C.c"
   984 ;; Parameters:    Size  Location     Type
   985 ;;		None
   986 ;; Auto vars:     Size  Location     Type
   987 ;;		None
   988 ;; Return value:  Size  Location     Type
   989 ;;                  1    wreg      void 
   990 ;; Registers used:
   991 ;;		wreg, status,2, status,0, pclath, cstack
   992 ;; Tracked objects:
   993 ;;		On entry : 0/0
   994 ;;		On exit  : 0/0
   995 ;;		Unchanged: 0/0
   996 ;; Data sizes:     COMMON   BANK0   BANK1   BANK3   BANK2
   997 ;;      Params:         0       0       0       0       0
   998 ;;      Locals:         0       0       0       0       0
   999 ;;      Temps:          0       0       0       0       0
  1000 ;;      Totals:         0       0       0       0       0
  1001 ;;Total ram usage:        0 bytes
  1002 ;; Hardware stack levels used:    1
  1003 ;; Hardware stack levels required when called:    1
  1004 ;; This function calls:
  1005 ;;		_I2C_Master_Wait
  1006 ;; This function is called by:
  1007 ;;		_main
  1008 ;; This function uses a non-reentrant model
  1009 ;;
  1010                           
  1011                           
  1012                           ;psect for function _I2C_Master_Stop
  1013  0689                     _I2C_Master_Stop:
  1014  0689                     l733:	
  1015                           ;incstack = 0
  1016                           ; Regs used in _I2C_Master_Stop: [wreg+status,2+status,0+pclath+cstack]
  1017                           
  1018                           
  1019                           ;I2C.c: 57:     I2C_Master_Wait();
  1020  0689  120A  118A  269C  120A  118A  	fcall	_I2C_Master_Wait
  1021  068E                     l735:
  1022                           
  1023                           ;I2C.c: 58:     SSPCON2bits.PEN = 1;
  1024  068E  1683               	bsf	3,5	;RP0=1, select bank1
  1025  068F  1303               	bcf	3,6	;RP1=0, select bank1
  1026  0690  1511               	bsf	17,2	;volatile
  1027  0691                     l44:
  1028  0691  0008               	return
  1029  0692                     __end_of_I2C_Master_Stop:
  1030                           
  1031                           	psect	text6
  1032  0680                     __ptext6:	
  1033 ;; *************** function _I2C_Master_Start *****************
  1034 ;; Defined at:
  1035 ;;		line 39 in file "I2C.c"
  1036 ;; Parameters:    Size  Location     Type
  1037 ;;		None
  1038 ;; Auto vars:     Size  Location     Type
  1039 ;;		None
  1040 ;; Return value:  Size  Location     Type
  1041 ;;                  1    wreg      void 
  1042 ;; Registers used:
  1043 ;;		wreg, status,2, status,0, pclath, cstack
  1044 ;; Tracked objects:
  1045 ;;		On entry : 0/0
  1046 ;;		On exit  : 0/0
  1047 ;;		Unchanged: 0/0
  1048 ;; Data sizes:     COMMON   BANK0   BANK1   BANK3   BANK2
  1049 ;;      Params:         0       0       0       0       0
  1050 ;;      Locals:         0       0       0       0       0
  1051 ;;      Temps:          0       0       0       0       0
  1052 ;;      Totals:         0       0       0       0       0
  1053 ;;Total ram usage:        0 bytes
  1054 ;; Hardware stack levels used:    1
  1055 ;; Hardware stack levels required when called:    1
  1056 ;; This function calls:
  1057 ;;		_I2C_Master_Wait
  1058 ;; This function is called by:
  1059 ;;		_main
  1060 ;; This function uses a non-reentrant model
  1061 ;;
  1062                           
  1063                           
  1064                           ;psect for function _I2C_Master_Start
  1065  0680                     _I2C_Master_Start:
  1066  0680                     l729:	
  1067                           ;incstack = 0
  1068                           ; Regs used in _I2C_Master_Start: [wreg+status,2+status,0+pclath+cstack]
  1069                           
  1070                           
  1071                           ;I2C.c: 41:     I2C_Master_Wait();
  1072  0680  120A  118A  269C  120A  118A  	fcall	_I2C_Master_Wait
  1073  0685                     l731:
  1074                           
  1075                           ;I2C.c: 42:     SSPCON2bits.SEN = 1;
  1076  0685  1683               	bsf	3,5	;RP0=1, select bank1
  1077  0686  1303               	bcf	3,6	;RP1=0, select bank1
  1078  0687  1411               	bsf	17,0	;volatile
  1079  0688                     l38:
  1080  0688  0008               	return
  1081  0689                     __end_of_I2C_Master_Start:
  1082                           
  1083                           	psect	text7
  1084  06C3                     __ptext7:	
  1085 ;; *************** function _I2C_Master_Read *****************
  1086 ;; Defined at:
  1087 ;;		line 74 in file "I2C.c"
  1088 ;; Parameters:    Size  Location     Type
  1089 ;;  a               2    0[COMMON] unsigned short 
  1090 ;; Auto vars:     Size  Location     Type
  1091 ;;  temp            2    4[COMMON] unsigned short 
  1092 ;; Return value:  Size  Location     Type
  1093 ;;                  2    0[COMMON] unsigned short 
  1094 ;; Registers used:
  1095 ;;		wreg, status,2, status,0, pclath, cstack
  1096 ;; Tracked objects:
  1097 ;;		On entry : 0/0
  1098 ;;		On exit  : 0/0
  1099 ;;		Unchanged: 0/0
  1100 ;; Data sizes:     COMMON   BANK0   BANK1   BANK3   BANK2
  1101 ;;      Params:         2       0       0       0       0
  1102 ;;      Locals:         2       0       0       0       0
  1103 ;;      Temps:          2       0       0       0       0
  1104 ;;      Totals:         6       0       0       0       0
  1105 ;;Total ram usage:        6 bytes
  1106 ;; Hardware stack levels used:    1
  1107 ;; Hardware stack levels required when called:    1
  1108 ;; This function calls:
  1109 ;;		_I2C_Master_Wait
  1110 ;; This function is called by:
  1111 ;;		_main
  1112 ;; This function uses a non-reentrant model
  1113 ;;
  1114                           
  1115                           
  1116                           ;psect for function _I2C_Master_Read
  1117  06C3                     _I2C_Master_Read:
  1118  06C3                     l839:	
  1119                           ;incstack = 0
  1120                           ; Regs used in _I2C_Master_Read: [wreg+status,2+status,0+pclath+cstack]
  1121                           
  1122                           
  1123                           ;I2C.c: 74: unsigned short I2C_Master_Read(unsigned short a);I2C.c: 75: {;I2C.c: 76:    
      +                           unsigned short temp;;I2C.c: 77:     I2C_Master_Wait();
  1124  06C3  120A  118A  269C  120A  118A  	fcall	_I2C_Master_Wait
  1125  06C8                     l841:
  1126                           
  1127                           ;I2C.c: 78:     SSPCON2bits.RCEN = 1;
  1128  06C8  1683               	bsf	3,5	;RP0=1, select bank1
  1129  06C9  1303               	bcf	3,6	;RP1=0, select bank1
  1130  06CA  1591               	bsf	17,3	;volatile
  1131                           
  1132                           ;I2C.c: 79:     I2C_Master_Wait();
  1133  06CB  120A  118A  269C  120A  118A  	fcall	_I2C_Master_Wait
  1134  06D0                     l843:
  1135                           
  1136                           ;I2C.c: 80:     temp = SSPBUF;
  1137  06D0  1283               	bcf	3,5	;RP0=0, select bank0
  1138  06D1  1303               	bcf	3,6	;RP1=0, select bank0
  1139  06D2  0813               	movf	19,w	;volatile
  1140  06D3  00F2               	movwf	??_I2C_Master_Read
  1141  06D4  01F3               	clrf	??_I2C_Master_Read+1
  1142  06D5  0872               	movf	??_I2C_Master_Read,w
  1143  06D6  00F4               	movwf	I2C_Master_Read@temp
  1144  06D7  0873               	movf	??_I2C_Master_Read+1,w
  1145  06D8  00F5               	movwf	I2C_Master_Read@temp+1
  1146  06D9                     l845:
  1147                           
  1148                           ;I2C.c: 81:     I2C_Master_Wait();
  1149  06D9  120A  118A  269C  120A  118A  	fcall	_I2C_Master_Wait
  1150  06DE                     l847:
  1151                           
  1152                           ;I2C.c: 82:     if(a == 1){
  1153  06DE  0370               	decf	I2C_Master_Read@a,w
  1154  06DF  0471               	iorwf	I2C_Master_Read@a+1,w
  1155  06E0  1D03               	btfss	3,2
  1156  06E1  2EE3               	goto	u201
  1157  06E2  2EE4               	goto	u200
  1158  06E3                     u201:
  1159  06E3  2EE8               	goto	l50
  1160  06E4                     u200:
  1161  06E4                     l849:
  1162                           
  1163                           ;I2C.c: 83:         SSPCON2bits.ACKDT = 0;
  1164  06E4  1683               	bsf	3,5	;RP0=1, select bank1
  1165  06E5  1303               	bcf	3,6	;RP1=0, select bank1
  1166  06E6  1291               	bcf	17,5	;volatile
  1167                           
  1168                           ;I2C.c: 84:     }else{
  1169  06E7  2EEB               	goto	l51
  1170  06E8                     l50:
  1171                           
  1172                           ;I2C.c: 85:         SSPCON2bits.ACKDT = 1;
  1173  06E8  1683               	bsf	3,5	;RP0=1, select bank1
  1174  06E9  1303               	bcf	3,6	;RP1=0, select bank1
  1175  06EA  1691               	bsf	17,5	;volatile
  1176  06EB                     l51:	
  1177                           ;I2C.c: 86:     }
  1178                           
  1179                           
  1180                           ;I2C.c: 87:     SSPCON2bits.ACKEN = 1;
  1181  06EB  1611               	bsf	17,4	;volatile
  1182  06EC                     l851:
  1183                           
  1184                           ;I2C.c: 88:     return temp;
  1185  06EC  0875               	movf	I2C_Master_Read@temp+1,w
  1186  06ED  00F1               	movwf	?_I2C_Master_Read+1
  1187  06EE  0874               	movf	I2C_Master_Read@temp,w
  1188  06EF  00F0               	movwf	?_I2C_Master_Read
  1189  06F0                     l52:
  1190  06F0  0008               	return
  1191  06F1                     __end_of_I2C_Master_Read:
  1192                           
  1193                           	psect	text8
  1194  069C                     __ptext8:	
  1195 ;; *************** function _I2C_Master_Wait *****************
  1196 ;; Defined at:
  1197 ;;		line 32 in file "I2C.c"
  1198 ;; Parameters:    Size  Location     Type
  1199 ;;		None
  1200 ;; Auto vars:     Size  Location     Type
  1201 ;;		None
  1202 ;; Return value:  Size  Location     Type
  1203 ;;                  1    wreg      void 
  1204 ;; Registers used:
  1205 ;;		wreg, status,2
  1206 ;; Tracked objects:
  1207 ;;		On entry : 0/0
  1208 ;;		On exit  : 0/0
  1209 ;;		Unchanged: 0/0
  1210 ;; Data sizes:     COMMON   BANK0   BANK1   BANK3   BANK2
  1211 ;;      Params:         0       0       0       0       0
  1212 ;;      Locals:         0       0       0       0       0
  1213 ;;      Temps:          0       0       0       0       0
  1214 ;;      Totals:         0       0       0       0       0
  1215 ;;Total ram usage:        0 bytes
  1216 ;; Hardware stack levels used:    1
  1217 ;; This function calls:
  1218 ;;		Nothing
  1219 ;; This function is called by:
  1220 ;;		_I2C_Master_Start
  1221 ;;		_I2C_Master_Stop
  1222 ;;		_I2C_Master_Write
  1223 ;;		_I2C_Master_Read
  1224 ;;		_I2C_Master_RepeatedStart
  1225 ;; This function uses a non-reentrant model
  1226 ;;
  1227                           
  1228                           
  1229                           ;psect for function _I2C_Master_Wait
  1230  069C                     _I2C_Master_Wait:
  1231  069C                     l725:	
  1232                           ;incstack = 0
  1233                           ; Regs used in _I2C_Master_Wait: [wreg+status,2]
  1234                           
  1235  069C                     l32:	
  1236                           ;I2C.c: 34:     while ((SSPSTAT & 0x04) || (SSPCON2 & 0x1F));
  1237                           
  1238  069C  1683               	bsf	3,5	;RP0=1, select bank1
  1239  069D  1303               	bcf	3,6	;RP1=0, select bank1
  1240  069E  1914               	btfsc	20,2	;volatile
  1241  069F  2EA1               	goto	u91
  1242  06A0  2EA2               	goto	u90
  1243  06A1                     u91:
  1244  06A1  2E9C               	goto	l32
  1245  06A2                     u90:
  1246  06A2                     l727:
  1247  06A2  0811               	movf	17,w	;volatile
  1248  06A3  391F               	andlw	31
  1249  06A4  1D03               	btfss	3,2
  1250  06A5  2EA7               	goto	u101
  1251  06A6  2EA8               	goto	u100
  1252  06A7                     u101:
  1253  06A7  2E9C               	goto	l32
  1254  06A8                     u100:
  1255  06A8                     l35:
  1256  06A8  0008               	return
  1257  06A9                     __end_of_I2C_Master_Wait:
  1258  007E                     btemp	set	126	;btemp
  1259  007E                     wtemp0	set	126
  1260                           
  1261                           	psect	config
  1262                           
  1263                           ;Config register CONFIG1 @ 0x2007
  1264                           ;	Oscillator Selection bits
  1265                           ;	FOSC = INTRC_NOCLKOUT, INTOSCIO oscillator: I/O function on RA6/OSC2/CLKOUT pin, I/O f
      +                          unction on RA7/OSC1/CLKIN
  1266                           ;	Watchdog Timer Enable bit
  1267                           ;	WDTE = OFF, WDT disabled and can be enabled by SWDTEN bit of the WDTCON register
  1268                           ;	Power-up Timer Enable bit
  1269                           ;	PWRTE = OFF, PWRT disabled
  1270                           ;	RE3/MCLR pin function select bit
  1271                           ;	MCLRE = OFF, RE3/MCLR pin function is digital input, MCLR internally tied to VDD
  1272                           ;	Code Protection bit
  1273                           ;	CP = OFF, Program memory code protection is disabled
  1274                           ;	Data Code Protection bit
  1275                           ;	CPD = OFF, Data memory code protection is disabled
  1276                           ;	Brown Out Reset Selection bits
  1277                           ;	BOREN = OFF, BOR disabled
  1278                           ;	Internal External Switchover bit
  1279                           ;	IESO = OFF, Internal/External Switchover mode is disabled
  1280                           ;	Fail-Safe Clock Monitor Enabled bit
  1281                           ;	FCMEN = OFF, Fail-Safe Clock Monitor is disabled
  1282                           ;	Low Voltage Programming Enable bit
  1283                           ;	LVP = OFF, RB3 pin has digital I/O, HV on MCLR must be used for programming
  1284                           ;	In-Circuit Debugger Mode bit
  1285                           ;	DEBUG = 0x1, unprogrammed default
  1286  2007                     	org	8199
  1287  2007  20D4               	dw	8404
  1288                           
  1289                           ;Config register CONFIG2 @ 0x2008
  1290                           ;	Brown-out Reset Selection bit
  1291                           ;	BOR4V = BOR40V, Brown-out Reset set to 4.0V
  1292                           ;	Flash Program Memory Self Write Enable bits
  1293                           ;	WRT = OFF, Write protection off
  1294  2008                     	org	8200
  1295  2008  3FFF               	dw	16383

Data Sizes:
    Strings     0
    Constant    0
    Data        0
    BSS         0
    Persistent  0
    Stack       0

Auto Spaces:
    Space          Size  Autos    Used
    COMMON           14     14      14
    BANK0            80     11      11
    BANK1            80      0       0
    BANK3            96      0       0
    BANK2            96      0       0

Pointer List with Targets:

    None.

Critical Paths under _main in COMMON

    _I2C_Master_Init->___lldiv

Critical Paths under _main in BANK0

    _setup->_I2C_Master_Init

Critical Paths under _main in BANK1

    None.

Critical Paths under _main in BANK3

    None.

Critical Paths under _main in BANK2

    None.

Call Graph Tables:

 ---------------------------------------------------------------------------------
 (Depth) Function   	        Calls       Base Space   Used Autos Params    Refs
 ---------------------------------------------------------------------------------
 (0) _main                                                 3     3      0     783
                                              8 BANK0      3     3      0
                    _I2C_Master_Read
                   _I2C_Master_Start
                    _I2C_Master_Stop
                   _I2C_Master_Write
                              _setup
 ---------------------------------------------------------------------------------
 (1) _setup                                                0     0      0     412
                    _I2C_Master_Init
 ---------------------------------------------------------------------------------
 (2) _I2C_Master_Init                                      8     4      4     412
                                              0 BANK0      8     4      4
                            ___lldiv
 ---------------------------------------------------------------------------------
 (3) ___lldiv                                             14     6      8     314
                                              0 COMMON    14     6      8
 ---------------------------------------------------------------------------------
 (1) _I2C_Master_Write                                     2     0      2     250
                                              0 COMMON     2     0      2
                    _I2C_Master_Wait
 ---------------------------------------------------------------------------------
 (1) _I2C_Master_Stop                                      0     0      0       0
                    _I2C_Master_Wait
 ---------------------------------------------------------------------------------
 (1) _I2C_Master_Start                                     0     0      0       0
                    _I2C_Master_Wait
 ---------------------------------------------------------------------------------
 (1) _I2C_Master_Read                                      6     4      2     121
                                              0 COMMON     6     4      2
                    _I2C_Master_Wait
 ---------------------------------------------------------------------------------
 (2) _I2C_Master_Wait                                      0     0      0       0
 ---------------------------------------------------------------------------------
 Estimated maximum stack depth 3
 ---------------------------------------------------------------------------------

 Call Graph Graphs:

 _main (ROOT)
   _I2C_Master_Read
     _I2C_Master_Wait
   _I2C_Master_Start
     _I2C_Master_Wait
   _I2C_Master_Stop
     _I2C_Master_Wait
   _I2C_Master_Write
     _I2C_Master_Wait
   _setup
     _I2C_Master_Init
       ___lldiv

 Address spaces:
Name               Size   Autos  Total    Cost      Usage
BITCOMMON            E      0       0       0        0.0%
EEDATA             100      0       0       0        0.0%
NULL                 0      0       0       0        0.0%
CODE                 0      0       0       0        0.0%
COMMON               E      E       E       1      100.0%
BITSFR0              0      0       0       1        0.0%
SFR0                 0      0       0       1        0.0%
BITSFR1              0      0       0       2        0.0%
SFR1                 0      0       0       2        0.0%
STACK                0      0       0       2        0.0%
ABS                  0      0       0       3        0.0%
BITBANK0            50      0       0       4        0.0%
BITSFR3              0      0       0       4        0.0%
SFR3                 0      0       0       4        0.0%
BANK0               50      B       B       5       13.8%
BITSFR2              0      0       0       5        0.0%
SFR2                 0      0       0       5        0.0%
BITBANK1            50      0       0       6        0.0%
BANK1               50      0       0       7        0.0%
BITBANK3            60      0       0       8        0.0%
BANK3               60      0       0       9        0.0%
BITBANK2            60      0       0      10        0.0%
BANK2               60      0       0      11        0.0%
DATA                 0      0       0      12        0.0%


Microchip Technology PIC Macro Assembler V2.31 build 20201012212115 
Symbol Table                                                                                   Sun Aug 29 12:49:06 2021

                       l32 069C                         l50 06E8                         l35 06A8  
                       l51 06EB                         l52 06F0                         l44 0691  
                       l29 0728                         l38 0688                         l47 069B  
                       l94 06C2                         l88 0794                         u90 06A2  
                       u91 06A1                        l219 078E                        l801 0739  
                      l731 0685                        l811 0768                        l803 073C  
                      l725 069C                        l733 0689                        l813 0776  
                      l805 0749                        l727 06A2                        l735 068E  
                      l815 0777                        l807 074D                        l831 0726  
                      l823 06F1                        l841 06C8                        l729 0680  
                      l817 0780                        l809 0756                        l833 0727  
                      l825 06F5                        l851 06EC                        l843 06D0  
                      l835 0692                        l819 0786                        l827 06F8  
                      l845 06D9                        l837 0697                        l829 0725  
                      l861 07B5                        l847 06DE                        l839 06C3  
                      l855 06A9                        l871 07E3                        l863 07C4  
                      l849 06E4                        l857 06B5                        l873 07F2  
                      l865 07C9                        l867 07D2                        l859 078F  
                      l869 07DE                        l799 0729                        _GIE 005F  
                      u100 06A8                        u101 06A7                        u200 06E4  
                      u120 0739                        u201 06E3                        u121 0738  
                      u140 074D                        u141 074C                        u135 073E  
                      u160 0768                        u161 0767                        u217 07BD  
                      u155 074F                        u227 07EB                        u180 0786  
                      u181 0785                        u165 0764                        u190 0708  
                      u175 0778                        u195 0703                       _PEIE 005E  
                     _main 078F                       btemp 007E                       start 0000  
         ?_I2C_Master_Init 0020           ?_I2C_Master_Read 0070           ?_I2C_Master_Wait 0070  
         ?_I2C_Master_Stop 0070                      ?_main 0070                      _ANSEL 0188  
          __end_of___lldiv 078F                      _PORTB 0006                      _PORTD 0008  
                    _TRISB 0086                      _TRISD 0088                      _SSPIE 0463  
                    _SSPIF 0063                      _setup 06A9                      status 0003  
                    wtemp0 007E            __initialization 07FC               __end_of_main 07FC  
                   ??_main 0028          ?_I2C_Master_Start 0070          ?_I2C_Master_Write 0070  
       ??_I2C_Master_Start 0070         ??_I2C_Master_Write 0072                     ?_setup 0070  
                   _ANSELH 0189                     _SSPADD 0093                     _TRISC3 043B  
                   _TRISC4 043C                     _SSPCON 0014                     _SSPBUF 0013  
                ??___lldiv 0078    __end_of__initialization 07FC             __pcstackCOMMON 0070  
            __end_of_setup 06C3                    ??_setup 007E                 __pmaintext 078F  
                  _SSPCON2 0091                    _SSPSTAT 0094                    ___lldiv 0729  
                  __ptext1 06A9                    __ptext2 06F1                    __ptext3 0729  
                  __ptext4 0692                    __ptext5 0689                    __ptext6 0680  
                  __ptext7 06C3                    __ptext8 069C   __size_of_I2C_Master_Init 0038  
 __size_of_I2C_Master_Read 002E   __size_of_I2C_Master_Wait 000D   __size_of_I2C_Master_Stop 0009  
     end_of_initialization 07FC  __size_of_I2C_Master_Start 0009  __size_of_I2C_Master_Write 000A  
          ___lldiv@divisor 0070            ___lldiv@counter 007D           I2C_Master_Init@c 0020  
         I2C_Master_Read@a 0070                  _TRISCbits 0087        start_initialization 07FC  
        ??_I2C_Master_Init 0024          ??_I2C_Master_Read 0072          ??_I2C_Master_Wait 0070  
        ??_I2C_Master_Stop 0070                  ___latbits 0002              __pcstackBANK0 0020  
         _I2C_Master_Start 0680           _I2C_Master_Write 0692                   ?___lldiv 0070  
           __size_of_setup 001A        I2C_Master_Read@temp 0074           __size_of___lldiv 0066  
          _I2C_Master_Init 06F1            _I2C_Master_Read 06C3            _I2C_Master_Wait 069C  
          _I2C_Master_Stop 0689              __size_of_main 006D   __end_of_I2C_Master_Start 0689  
 __end_of_I2C_Master_Write 069C           ___lldiv@dividend 0074                 _OSCCONbits 008F  
  __end_of_I2C_Master_Init 0729    __end_of_I2C_Master_Read 06F1    __end_of_I2C_Master_Wait 06A9  
  __end_of_I2C_Master_Stop 0692           ___lldiv@quotient 0079          I2C_Master_Write@d 0070  
              _SSPCON2bits 0091  
